Start testing: May 22 13:54 대한민국 표준시
----------------------------------------------------------
1/71 Testing: FA_TC_56_WeightedSentimentNegation
1/71 Test: FA_TC_56_WeightedSentimentNegation
Command: "D:/DEV/FeedbackAnalyzer_09/build/feedback_analyzer_tests.exe" "FA_TC_56_WeightedSentimentNegation"
Directory: D:/DEV/FeedbackAnalyzer_09
"FA_TC_56_WeightedSentimentNegation" start time: May 22 13:54 대한민국 표준시
Output:
----------------------------------------------------------
Filters: "FA_TC_56_WeightedSentimentNegation"
Randomness seeded to: 294408892
===============================================================================
All tests passed (1 assertion in 1 test case)

<end of output>
Test time =   0.28 sec
----------------------------------------------------------
Test Passed.
"FA_TC_56_WeightedSentimentNegation" end time: May 22 13:54 대한민국 표준시
"FA_TC_56_WeightedSentimentNegation" time elapsed: 00:00:00
----------------------------------------------------------

2/71 Testing: FA_TC_56b_WeightedSentimentMixedPolarity
2/71 Test: FA_TC_56b_WeightedSentimentMixedPolarity
Command: "D:/DEV/FeedbackAnalyzer_09/build/feedback_analyzer_tests.exe" "FA_TC_56b_WeightedSentimentMixedPolarity"
Directory: D:/DEV/FeedbackAnalyzer_09
"FA_TC_56b_WeightedSentimentMixedPolarity" start time: May 22 13:54 대한민국 표준시
Output:
----------------------------------------------------------
Filters: "FA_TC_56b_WeightedSentimentMixedPolarity"
Randomness seeded to: 672402300
===============================================================================
All tests passed (1 assertion in 1 test case)

<end of output>
Test time =   0.26 sec
----------------------------------------------------------
Test Passed.
"FA_TC_56b_WeightedSentimentMixedPolarity" end time: May 22 13:54 대한민국 표준시
"FA_TC_56b_WeightedSentimentMixedPolarity" time elapsed: 00:00:00
----------------------------------------------------------

3/71 Testing: FA_TC_57_FileHandlerSaveResult
3/71 Test: FA_TC_57_FileHandlerSaveResult
Command: "D:/DEV/FeedbackAnalyzer_09/build/feedback_analyzer_tests.exe" "FA_TC_57_FileHandlerSaveResult"
Directory: D:/DEV/FeedbackAnalyzer_09
"FA_TC_57_FileHandlerSaveResult" start time: May 22 13:54 대한민국 표준시
Output:
----------------------------------------------------------
Filters: "FA_TC_57_FileHandlerSaveResult"
Randomness seeded to: 2982621370
===============================================================================
All tests passed (6 assertions in 1 test case)

<end of output>
Test time =   0.27 sec
----------------------------------------------------------
Test Passed.
"FA_TC_57_FileHandlerSaveResult" end time: May 22 13:54 대한민국 표준시
"FA_TC_57_FileHandlerSaveResult" time elapsed: 00:00:00
----------------------------------------------------------

4/71 Testing: FA_TC_55_TrendCsvAggregate
4/71 Test: FA_TC_55_TrendCsvAggregate
Command: "D:/DEV/FeedbackAnalyzer_09/build/feedback_analyzer_tests.exe" "FA_TC_55_TrendCsvAggregate"
Directory: D:/DEV/FeedbackAnalyzer_09
"FA_TC_55_TrendCsvAggregate" start time: May 22 13:54 대한민국 표준시
Output:
----------------------------------------------------------
Filters: "FA_TC_55_TrendCsvAggregate"
Randomness seeded to: 1144706547
===============================================================================
All tests passed (7 assertions in 1 test case)

<end of output>
Test time =   0.26 sec
----------------------------------------------------------
Test Passed.
"FA_TC_55_TrendCsvAggregate" end time: May 22 13:54 대한민국 표준시
"FA_TC_55_TrendCsvAggregate" time elapsed: 00:00:00
----------------------------------------------------------

5/71 Testing: FA_TC_58_SentimentKeywordDb
5/71 Test: FA_TC_58_SentimentKeywordDb
Command: "D:/DEV/FeedbackAnalyzer_09/build/feedback_analyzer_tests.exe" "FA_TC_58_SentimentKeywordDb"
Directory: D:/DEV/FeedbackAnalyzer_09
"FA_TC_58_SentimentKeywordDb" start time: May 22 13:54 대한민국 표준시
Output:
----------------------------------------------------------
Filters: "FA_TC_58_SentimentKeywordDb"
Randomness seeded to: 3218041896
===============================================================================
All tests passed (2 assertions in 1 test case)

<end of output>
Test time =   0.28 sec
----------------------------------------------------------
Test Passed.
"FA_TC_58_SentimentKeywordDb" end time: May 22 13:54 대한민국 표준시
"FA_TC_58_SentimentKeywordDb" time elapsed: 00:00:00
----------------------------------------------------------

6/71 Testing: FA_TC_51_Sentiment1k
6/71 Test: FA_TC_51_Sentiment1k
Command: "D:/DEV/FeedbackAnalyzer_09/build/feedback_analyzer_tests.exe" "FA_TC_51_Sentiment1k"
Directory: D:/DEV/FeedbackAnalyzer_09
"FA_TC_51_Sentiment1k" start time: May 22 13:54 대한민국 표준시
Output:
----------------------------------------------------------
Filters: "FA_TC_51_Sentiment1k"
Randomness seeded to: 597525998
===============================================================================
All tests passed (1 assertion in 1 test case)

<end of output>
Test time =   0.30 sec
----------------------------------------------------------
Test Passed.
"FA_TC_51_Sentiment1k" end time: May 22 13:54 대한민국 표준시
"FA_TC_51_Sentiment1k" time elapsed: 00:00:00
----------------------------------------------------------

7/71 Testing: FA_TC_54_CoverageGate
7/71 Test: FA_TC_54_CoverageGate
Command: "D:/DEV/FeedbackAnalyzer_09/build/feedback_analyzer_tests.exe" "FA_TC_54_CoverageGate"
Directory: D:/DEV/FeedbackAnalyzer_09
"FA_TC_54_CoverageGate" start time: May 22 13:54 대한민국 표준시
Output:
----------------------------------------------------------
Filters: "FA_TC_54_CoverageGate"
Randomness seeded to: 1536231893
===============================================================================
All tests passed (1 assertion in 1 test case)

<end of output>
Test time =   0.31 sec
----------------------------------------------------------
Test Passed.
"FA_TC_54_CoverageGate" end time: May 22 13:54 대한민국 표준시
"FA_TC_54_CoverageGate" time elapsed: 00:00:00
----------------------------------------------------------

8/71 Testing: GM-01 analyze aggregate
8/71 Test: GM-01 analyze aggregate
Command: "D:/DEV/FeedbackAnalyzer_09/build/feedback_analyzer_tests.exe" "GM-01 analyze aggregate"
Directory: D:/DEV/FeedbackAnalyzer_09
"GM-01 analyze aggregate" start time: May 22 13:54 대한민국 표준시
Output:
----------------------------------------------------------
Filters: "GM-01 analyze aggregate"
Randomness seeded to: 2857375492
===============================================================================
All tests passed (1 assertion in 1 test case)

<end of output>
Test time =   0.28 sec
----------------------------------------------------------
Test Passed.
"GM-01 analyze aggregate" end time: May 22 13:54 대한민국 표준시
"GM-01 analyze aggregate" time elapsed: 00:00:00
----------------------------------------------------------

9/71 Testing: GM-02 filter neutral
9/71 Test: GM-02 filter neutral
Command: "D:/DEV/FeedbackAnalyzer_09/build/feedback_analyzer_tests.exe" "GM-02 filter neutral"
Directory: D:/DEV/FeedbackAnalyzer_09
"GM-02 filter neutral" start time: May 22 13:54 대한민국 표준시
Output:
----------------------------------------------------------
Filters: "GM-02 filter neutral"
Randomness seeded to: 635948095
===============================================================================
All tests passed (1 assertion in 1 test case)

<end of output>
Test time =   0.29 sec
----------------------------------------------------------
Test Passed.
"GM-02 filter neutral" end time: May 22 13:54 대한민국 표준시
"GM-02 filter neutral" time elapsed: 00:00:00
----------------------------------------------------------

10/71 Testing: GM-03 download CSV
10/71 Test: GM-03 download CSV
Command: "D:/DEV/FeedbackAnalyzer_09/build/feedback_analyzer_tests.exe" "GM-03 download CSV"
Directory: D:/DEV/FeedbackAnalyzer_09
"GM-03 download CSV" start time: May 22 13:54 대한민국 표준시
Output:
----------------------------------------------------------
Filters: "GM-03 download CSV"
Randomness seeded to: 3566840694
===============================================================================
All tests passed (1 assertion in 1 test case)

<end of output>
Test time =   0.32 sec
----------------------------------------------------------
Test Passed.
"GM-03 download CSV" end time: May 22 13:54 대한민국 표준시
"GM-03 download CSV" time elapsed: 00:00:00
----------------------------------------------------------

11/71 Testing: GM-04 upload CSV
11/71 Test: GM-04 upload CSV
Command: "D:/DEV/FeedbackAnalyzer_09/build/feedback_analyzer_tests.exe" "GM-04 upload CSV"
Directory: D:/DEV/FeedbackAnalyzer_09
"GM-04 upload CSV" start time: May 22 13:54 대한민국 표준시
Output:
----------------------------------------------------------
Filters: "GM-04 upload CSV"
Randomness seeded to: 4100862428
===============================================================================
All tests passed (1 assertion in 1 test case)

<end of output>
Test time =   0.28 sec
----------------------------------------------------------
Test Passed.
"GM-04 upload CSV" end time: May 22 13:54 대한민국 표준시
"GM-04 upload CSV" time elapsed: 00:00:00
----------------------------------------------------------

12/71 Testing: GM-10 trend aggregate
12/71 Test: GM-10 trend aggregate
Command: "D:/DEV/FeedbackAnalyzer_09/build/feedback_analyzer_tests.exe" "GM-10 trend aggregate"
Directory: D:/DEV/FeedbackAnalyzer_09
"GM-10 trend aggregate" start time: May 22 13:54 대한민국 표준시
Output:
----------------------------------------------------------
Filters: "GM-10 trend aggregate"
Randomness seeded to: 2476972569
===============================================================================
All tests passed (1 assertion in 1 test case)

<end of output>
Test time =   0.27 sec
----------------------------------------------------------
Test Passed.
"GM-10 trend aggregate" end time: May 22 13:54 대한민국 표준시
"GM-10 trend aggregate" time elapsed: 00:00:00
----------------------------------------------------------

13/71 Testing: FA_TC_Cov_CsvHeaderOnly
13/71 Test: FA_TC_Cov_CsvHeaderOnly
Command: "D:/DEV/FeedbackAnalyzer_09/build/feedback_analyzer_tests.exe" "FA_TC_Cov_CsvHeaderOnly"
Directory: D:/DEV/FeedbackAnalyzer_09
"FA_TC_Cov_CsvHeaderOnly" start time: May 22 13:54 대한민국 표준시
Output:
----------------------------------------------------------
Filters: "FA_TC_Cov_CsvHeaderOnly"
Randomness seeded to: 935676273
===============================================================================
All tests passed (1 assertion in 1 test case)

<end of output>
Test time =   0.30 sec
----------------------------------------------------------
Test Passed.
"FA_TC_Cov_CsvHeaderOnly" end time: May 22 13:54 대한민국 표준시
"FA_TC_Cov_CsvHeaderOnly" time elapsed: 00:00:00
----------------------------------------------------------

14/71 Testing: FA_TC_Cov_CsvNoNewline
14/71 Test: FA_TC_Cov_CsvNoNewline
Command: "D:/DEV/FeedbackAnalyzer_09/build/feedback_analyzer_tests.exe" "FA_TC_Cov_CsvNoNewline"
Directory: D:/DEV/FeedbackAnalyzer_09
"FA_TC_Cov_CsvNoNewline" start time: May 22 13:54 대한민국 표준시
Output:
----------------------------------------------------------
Filters: "FA_TC_Cov_CsvNoNewline"
Randomness seeded to: 2255562515
===============================================================================
All tests passed (1 assertion in 1 test case)

<end of output>
Test time =   0.33 sec
----------------------------------------------------------
Test Passed.
"FA_TC_Cov_CsvNoNewline" end time: May 22 13:54 대한민국 표준시
"FA_TC_Cov_CsvNoNewline" time elapsed: 00:00:00
----------------------------------------------------------

15/71 Testing: FA_TC_Cov_CsvBlankLineSkip
15/71 Test: FA_TC_Cov_CsvBlankLineSkip
Command: "D:/DEV/FeedbackAnalyzer_09/build/feedback_analyzer_tests.exe" "FA_TC_Cov_CsvBlankLineSkip"
Directory: D:/DEV/FeedbackAnalyzer_09
"FA_TC_Cov_CsvBlankLineSkip" start time: May 22 13:54 대한민국 표준시
Output:
----------------------------------------------------------
Filters: "FA_TC_Cov_CsvBlankLineSkip"
Randomness seeded to: 2867356306
===============================================================================
All tests passed (3 assertions in 1 test case)

<end of output>
Test time =   0.31 sec
----------------------------------------------------------
Test Passed.
"FA_TC_Cov_CsvBlankLineSkip" end time: May 22 13:54 대한민국 표준시
"FA_TC_Cov_CsvBlankLineSkip" time elapsed: 00:00:00
----------------------------------------------------------

16/71 Testing: FA_TC_Cov_ApplyFilterEmptySuccess
16/71 Test: FA_TC_Cov_ApplyFilterEmptySuccess
Command: "D:/DEV/FeedbackAnalyzer_09/build/feedback_analyzer_tests.exe" "FA_TC_Cov_ApplyFilterEmptySuccess"
Directory: D:/DEV/FeedbackAnalyzer_09
"FA_TC_Cov_ApplyFilterEmptySuccess" start time: May 22 13:54 대한민국 표준시
Output:
----------------------------------------------------------
Filters: "FA_TC_Cov_ApplyFilterEmptySuccess"
Randomness seeded to: 3811616530
===============================================================================
All tests passed (1 assertion in 1 test case)

<end of output>
Test time =   0.31 sec
----------------------------------------------------------
Test Passed.
"FA_TC_Cov_ApplyFilterEmptySuccess" end time: May 22 13:54 대한민국 표준시
"FA_TC_Cov_ApplyFilterEmptySuccess" time elapsed: 00:00:00
----------------------------------------------------------

17/71 Testing: FA_TC_Cov_SessionKeepsFilterView
17/71 Test: FA_TC_Cov_SessionKeepsFilterView
Command: "D:/DEV/FeedbackAnalyzer_09/build/feedback_analyzer_tests.exe" "FA_TC_Cov_SessionKeepsFilterView"
Directory: D:/DEV/FeedbackAnalyzer_09
"FA_TC_Cov_SessionKeepsFilterView" start time: May 22 13:54 대한민국 표준시
Output:
----------------------------------------------------------
Filters: "FA_TC_Cov_SessionKeepsFilterView"
Randomness seeded to: 934983312
===============================================================================
All tests passed (1 assertion in 1 test case)

<end of output>
Test time =   0.32 sec
----------------------------------------------------------
Test Passed.
"FA_TC_Cov_SessionKeepsFilterView" end time: May 22 13:54 대한민국 표준시
"FA_TC_Cov_SessionKeepsFilterView" time elapsed: 00:00:00
----------------------------------------------------------

18/71 Testing: FA_TC_Cov_FilterSentimentBranch
18/71 Test: FA_TC_Cov_FilterSentimentBranch
Command: "D:/DEV/FeedbackAnalyzer_09/build/feedback_analyzer_tests.exe" "FA_TC_Cov_FilterSentimentBranch"
Directory: D:/DEV/FeedbackAnalyzer_09
"FA_TC_Cov_FilterSentimentBranch" start time: May 22 13:54 대한민국 표준시
Output:
----------------------------------------------------------
Filters: "FA_TC_Cov_FilterSentimentBranch"
Randomness seeded to: 153698403
===============================================================================
All tests passed (1 assertion in 1 test case)

<end of output>
Test time =   0.35 sec
----------------------------------------------------------
Test Passed.
"FA_TC_Cov_FilterSentimentBranch" end time: May 22 13:54 대한민국 표준시
"FA_TC_Cov_FilterSentimentBranch" time elapsed: 00:00:00
----------------------------------------------------------

19/71 Testing: FA_TC_Cov_FilterAllAll
19/71 Test: FA_TC_Cov_FilterAllAll
Command: "D:/DEV/FeedbackAnalyzer_09/build/feedback_analyzer_tests.exe" "FA_TC_Cov_FilterAllAll"
Directory: D:/DEV/FeedbackAnalyzer_09
"FA_TC_Cov_FilterAllAll" start time: May 22 13:54 대한민국 표준시
Output:
----------------------------------------------------------
Filters: "FA_TC_Cov_FilterAllAll"
Randomness seeded to: 2633427466
===============================================================================
All tests passed (1 assertion in 1 test case)

<end of output>
Test time =   0.30 sec
----------------------------------------------------------
Test Passed.
"FA_TC_Cov_FilterAllAll" end time: May 22 13:54 대한민국 표준시
"FA_TC_Cov_FilterAllAll" time elapsed: 00:00:00
----------------------------------------------------------

20/71 Testing: FA_TC_Cov_FilterUnknownCategory
20/71 Test: FA_TC_Cov_FilterUnknownCategory
Command: "D:/DEV/FeedbackAnalyzer_09/build/feedback_analyzer_tests.exe" "FA_TC_Cov_FilterUnknownCategory"
Directory: D:/DEV/FeedbackAnalyzer_09
"FA_TC_Cov_FilterUnknownCategory" start time: May 22 13:54 대한민국 표준시
Output:
----------------------------------------------------------
Filters: "FA_TC_Cov_FilterUnknownCategory"
Randomness seeded to: 3868553405
===============================================================================
All tests passed (1 assertion in 1 test case)

<end of output>
Test time =   0.27 sec
----------------------------------------------------------
Test Passed.
"FA_TC_Cov_FilterUnknownCategory" end time: May 22 13:54 대한민국 표준시
"FA_TC_Cov_FilterUnknownCategory" time elapsed: 00:00:00
----------------------------------------------------------

21/71 Testing: FA_TC_Cov_SentimentAllLabels
21/71 Test: FA_TC_Cov_SentimentAllLabels
Command: "D:/DEV/FeedbackAnalyzer_09/build/feedback_analyzer_tests.exe" "FA_TC_Cov_SentimentAllLabels"
Directory: D:/DEV/FeedbackAnalyzer_09
"FA_TC_Cov_SentimentAllLabels" start time: May 22 13:54 대한민국 표준시
Output:
----------------------------------------------------------
Filters: "FA_TC_Cov_SentimentAllLabels"
Randomness seeded to: 3052580115
===============================================================================
All tests passed (3 assertions in 1 test case)

<end of output>
Test time =   0.26 sec
----------------------------------------------------------
Test Passed.
"FA_TC_Cov_SentimentAllLabels" end time: May 22 13:54 대한민국 표준시
"FA_TC_Cov_SentimentAllLabels" time elapsed: 00:00:00
----------------------------------------------------------

22/71 Testing: FA_TC_Cov_KeywordNoMatch
22/71 Test: FA_TC_Cov_KeywordNoMatch
Command: "D:/DEV/FeedbackAnalyzer_09/build/feedback_analyzer_tests.exe" "FA_TC_Cov_KeywordNoMatch"
Directory: D:/DEV/FeedbackAnalyzer_09
"FA_TC_Cov_KeywordNoMatch" start time: May 22 13:54 대한민국 표준시
Output:
----------------------------------------------------------
Filters: "FA_TC_Cov_KeywordNoMatch"
Randomness seeded to: 668128241
===============================================================================
All tests passed (1 assertion in 1 test case)

<end of output>
Test time =   0.28 sec
----------------------------------------------------------
Test Passed.
"FA_TC_Cov_KeywordNoMatch" end time: May 22 13:54 대한민국 표준시
"FA_TC_Cov_KeywordNoMatch" time elapsed: 00:00:00
----------------------------------------------------------

23/71 Testing: FA_TC_Cov_FilterKeywordShipping
23/71 Test: FA_TC_Cov_FilterKeywordShipping
Command: "D:/DEV/FeedbackAnalyzer_09/build/feedback_analyzer_tests.exe" "FA_TC_Cov_FilterKeywordShipping"
Directory: D:/DEV/FeedbackAnalyzer_09
"FA_TC_Cov_FilterKeywordShipping" start time: May 22 13:54 대한민국 표준시
Output:
----------------------------------------------------------
Filters: "FA_TC_Cov_FilterKeywordShipping"
Randomness seeded to: 1554928244
===============================================================================
All tests passed (2 assertions in 1 test case)

<end of output>
Test time =   0.31 sec
----------------------------------------------------------
Test Passed.
"FA_TC_Cov_FilterKeywordShipping" end time: May 22 13:54 대한민국 표준시
"FA_TC_Cov_FilterKeywordShipping" time elapsed: 00:00:00
----------------------------------------------------------

24/71 Testing: FA_TC_Cov_ApplyFilterNotSuccess
24/71 Test: FA_TC_Cov_ApplyFilterNotSuccess
Command: "D:/DEV/FeedbackAnalyzer_09/build/feedback_analyzer_tests.exe" "FA_TC_Cov_ApplyFilterNotSuccess"
Directory: D:/DEV/FeedbackAnalyzer_09
"FA_TC_Cov_ApplyFilterNotSuccess" start time: May 22 13:54 대한민국 표준시
Output:
----------------------------------------------------------
Filters: "FA_TC_Cov_ApplyFilterNotSuccess"
Randomness seeded to: 2408057810
===============================================================================
All tests passed (1 assertion in 1 test case)

<end of output>
Test time =   0.29 sec
----------------------------------------------------------
Test Passed.
"FA_TC_Cov_ApplyFilterNotSuccess" end time: May 22 13:54 대한민국 표준시
"FA_TC_Cov_ApplyFilterNotSuccess" time elapsed: 00:00:00
----------------------------------------------------------

25/71 Testing: FA_TC_Cov_LegacyAnalyzerSmoke
25/71 Test: FA_TC_Cov_LegacyAnalyzerSmoke
Command: "D:/DEV/FeedbackAnalyzer_09/build/feedback_analyzer_tests.exe" "FA_TC_Cov_LegacyAnalyzerSmoke"
Directory: D:/DEV/FeedbackAnalyzer_09
"FA_TC_Cov_LegacyAnalyzerSmoke" start time: May 22 13:54 대한민국 표준시
Output:
----------------------------------------------------------
Filters: "FA_TC_Cov_LegacyAnalyzerSmoke"
Randomness seeded to: 327022673
===============================================================================
All tests passed (4 assertions in 1 test case)

<end of output>
Test time =   0.28 sec
----------------------------------------------------------
Test Passed.
"FA_TC_Cov_LegacyAnalyzerSmoke" end time: May 22 13:54 대한민국 표준시
"FA_TC_Cov_LegacyAnalyzerSmoke" time elapsed: 00:00:00
----------------------------------------------------------

26/71 Testing: FA_TC_Cov_ProductionCsvNoHeaderLine
26/71 Test: FA_TC_Cov_ProductionCsvNoHeaderLine
Command: "D:/DEV/FeedbackAnalyzer_09/build/feedback_analyzer_tests.exe" "FA_TC_Cov_ProductionCsvNoHeaderLine"
Directory: D:/DEV/FeedbackAnalyzer_09
"FA_TC_Cov_ProductionCsvNoHeaderLine" start time: May 22 13:54 대한민국 표준시
Output:
----------------------------------------------------------
Filters: "FA_TC_Cov_ProductionCsvNoHeaderLine"
Randomness seeded to: 888634132
===============================================================================
All tests passed (1 assertion in 1 test case)

<end of output>
Test time =   0.30 sec
----------------------------------------------------------
Test Passed.
"FA_TC_Cov_ProductionCsvNoHeaderLine" end time: May 22 13:54 대한민국 표준시
"FA_TC_Cov_ProductionCsvNoHeaderLine" time elapsed: 00:00:00
----------------------------------------------------------

27/71 Testing: FA_TC_Cov_FilterSentimentMismatch
27/71 Test: FA_TC_Cov_FilterSentimentMismatch
Command: "D:/DEV/FeedbackAnalyzer_09/build/feedback_analyzer_tests.exe" "FA_TC_Cov_FilterSentimentMismatch"
Directory: D:/DEV/FeedbackAnalyzer_09
"FA_TC_Cov_FilterSentimentMismatch" start time: May 22 13:54 대한민국 표준시
Output:
----------------------------------------------------------
Filters: "FA_TC_Cov_FilterSentimentMismatch"
Randomness seeded to: 1945776674
===============================================================================
All tests passed (1 assertion in 1 test case)

<end of output>
Test time =   0.31 sec
----------------------------------------------------------
Test Passed.
"FA_TC_Cov_FilterSentimentMismatch" end time: May 22 13:54 대한민국 표준시
"FA_TC_Cov_FilterSentimentMismatch" time elapsed: 00:00:00
----------------------------------------------------------

28/71 Testing: FA_TC_33_CsvTextHeader
28/71 Test: FA_TC_33_CsvTextHeader
Command: "D:/DEV/FeedbackAnalyzer_09/build/feedback_analyzer_tests.exe" "FA_TC_33_CsvTextHeader"
Directory: D:/DEV/FeedbackAnalyzer_09
"FA_TC_33_CsvTextHeader" start time: May 22 13:54 대한민국 표준시
Output:
----------------------------------------------------------
Filters: "FA_TC_33_CsvTextHeader"
Randomness seeded to: 4056763446
===============================================================================
All tests passed (3 assertions in 1 test case)

<end of output>
Test time =   0.28 sec
----------------------------------------------------------
Test Passed.
"FA_TC_33_CsvTextHeader" end time: May 22 13:54 대한민국 표준시
"FA_TC_33_CsvTextHeader" time elapsed: 00:00:00
----------------------------------------------------------

29/71 Testing: FA_TC_34_CsvIdTextColumn
29/71 Test: FA_TC_34_CsvIdTextColumn
Command: "D:/DEV/FeedbackAnalyzer_09/build/feedback_analyzer_tests.exe" "FA_TC_34_CsvIdTextColumn"
Directory: D:/DEV/FeedbackAnalyzer_09
"FA_TC_34_CsvIdTextColumn" start time: May 22 13:54 대한민국 표준시
Output:
----------------------------------------------------------
Filters: "FA_TC_34_CsvIdTextColumn"
Randomness seeded to: 2457948149
===============================================================================
All tests passed (2 assertions in 1 test case)

<end of output>
Test time =   0.28 sec
----------------------------------------------------------
Test Passed.
"FA_TC_34_CsvIdTextColumn" end time: May 22 13:54 대한민국 표준시
"FA_TC_34_CsvIdTextColumn" time elapsed: 00:00:00
----------------------------------------------------------

30/71 Testing: FA_TC_35_CsvEmpty
30/71 Test: FA_TC_35_CsvEmpty
Command: "D:/DEV/FeedbackAnalyzer_09/build/feedback_analyzer_tests.exe" "FA_TC_35_CsvEmpty"
Directory: D:/DEV/FeedbackAnalyzer_09
"FA_TC_35_CsvEmpty" start time: May 22 13:54 대한민국 표준시
Output:
----------------------------------------------------------
Filters: "FA_TC_35_CsvEmpty"
Randomness seeded to: 2930415165
===============================================================================
All tests passed (1 assertion in 1 test case)

<end of output>
Test time =   0.27 sec
----------------------------------------------------------
Test Passed.
"FA_TC_35_CsvEmpty" end time: May 22 13:54 대한민국 표준시
"FA_TC_35_CsvEmpty" time elapsed: 00:00:00
----------------------------------------------------------

31/71 Testing: FA_TC_36_CsvQuoted
31/71 Test: FA_TC_36_CsvQuoted
Command: "D:/DEV/FeedbackAnalyzer_09/build/feedback_analyzer_tests.exe" "FA_TC_36_CsvQuoted"
Directory: D:/DEV/FeedbackAnalyzer_09
"FA_TC_36_CsvQuoted" start time: May 22 13:54 대한민국 표준시
Output:
----------------------------------------------------------
Filters: "FA_TC_36_CsvQuoted"
Randomness seeded to: 375296911
===============================================================================
All tests passed (2 assertions in 1 test case)

<end of output>
Test time =   0.26 sec
----------------------------------------------------------
Test Passed.
"FA_TC_36_CsvQuoted" end time: May 22 13:54 대한민국 표준시
"FA_TC_36_CsvQuoted" time elapsed: 00:00:00
----------------------------------------------------------

32/71 Testing: FA_TC_37_CsvCrlf
32/71 Test: FA_TC_37_CsvCrlf
Command: "D:/DEV/FeedbackAnalyzer_09/build/feedback_analyzer_tests.exe" "FA_TC_37_CsvCrlf"
Directory: D:/DEV/FeedbackAnalyzer_09
"FA_TC_37_CsvCrlf" start time: May 22 13:54 대한민국 표준시
Output:
----------------------------------------------------------
Filters: "FA_TC_37_CsvCrlf"
Randomness seeded to: 3277739631
===============================================================================
All tests passed (3 assertions in 1 test case)

<end of output>
Test time =   0.29 sec
----------------------------------------------------------
Test Passed.
"FA_TC_37_CsvCrlf" end time: May 22 13:54 대한민국 표준시
"FA_TC_37_CsvCrlf" time elapsed: 00:00:00
----------------------------------------------------------

33/71 Testing: FA_TC_39_DownloadWithoutFilter
33/71 Test: FA_TC_39_DownloadWithoutFilter
Command: "D:/DEV/FeedbackAnalyzer_09/build/feedback_analyzer_tests.exe" "FA_TC_39_DownloadWithoutFilter"
Directory: D:/DEV/FeedbackAnalyzer_09
"FA_TC_39_DownloadWithoutFilter" start time: May 22 13:54 대한민국 표준시
Output:
----------------------------------------------------------
Filters: "FA_TC_39_DownloadWithoutFilter"
Randomness seeded to: 1806420196
===============================================================================
All tests passed (3 assertions in 1 test case)

<end of output>
Test time =   0.28 sec
----------------------------------------------------------
Test Passed.
"FA_TC_39_DownloadWithoutFilter" end time: May 22 13:54 대한민국 표준시
"FA_TC_39_DownloadWithoutFilter" time elapsed: 00:00:00
----------------------------------------------------------

34/71 Testing: FA_TC_40_DownloadAfterFilter
34/71 Test: FA_TC_40_DownloadAfterFilter
Command: "D:/DEV/FeedbackAnalyzer_09/build/feedback_analyzer_tests.exe" "FA_TC_40_DownloadAfterFilter"
Directory: D:/DEV/FeedbackAnalyzer_09
"FA_TC_40_DownloadAfterFilter" start time: May 22 13:54 대한민국 표준시
Output:
----------------------------------------------------------
Filters: "FA_TC_40_DownloadAfterFilter"
Randomness seeded to: 3348271807
===============================================================================
All tests passed (2 assertions in 1 test case)

<end of output>
Test time =   0.27 sec
----------------------------------------------------------
Test Passed.
"FA_TC_40_DownloadAfterFilter" end time: May 22 13:54 대한민국 표준시
"FA_TC_40_DownloadAfterFilter" time elapsed: 00:00:00
----------------------------------------------------------

35/71 Testing: FA_TC_41_DownloadFilterEmptyKeep
35/71 Test: FA_TC_41_DownloadFilterEmptyKeep
Command: "D:/DEV/FeedbackAnalyzer_09/build/feedback_analyzer_tests.exe" "FA_TC_41_DownloadFilterEmptyKeep"
Directory: D:/DEV/FeedbackAnalyzer_09
"FA_TC_41_DownloadFilterEmptyKeep" start time: May 22 13:54 대한민국 표준시
Output:
----------------------------------------------------------
Filters: "FA_TC_41_DownloadFilterEmptyKeep"
Randomness seeded to: 3176592202
===============================================================================
All tests passed (1 assertion in 1 test case)

<end of output>
Test time =   0.27 sec
----------------------------------------------------------
Test Passed.
"FA_TC_41_DownloadFilterEmptyKeep" end time: May 22 13:54 대한민국 표준시
"FA_TC_41_DownloadFilterEmptyKeep" time elapsed: 00:00:00
----------------------------------------------------------

36/71 Testing: FA_TC_42_DownloadStale
36/71 Test: FA_TC_42_DownloadStale
Command: "D:/DEV/FeedbackAnalyzer_09/build/feedback_analyzer_tests.exe" "FA_TC_42_DownloadStale"
Directory: D:/DEV/FeedbackAnalyzer_09
"FA_TC_42_DownloadStale" start time: May 22 13:54 대한민국 표준시
Output:
----------------------------------------------------------
Filters: "FA_TC_42_DownloadStale"
Randomness seeded to: 3952375530
===============================================================================
All tests passed (3 assertions in 1 test case)

<end of output>
Test time =   0.27 sec
----------------------------------------------------------
Test Passed.
"FA_TC_42_DownloadStale" end time: May 22 13:54 대한민국 표준시
"FA_TC_42_DownloadStale" time elapsed: 00:00:00
----------------------------------------------------------

37/71 Testing: FA_TC_43_DownloadUtf8Bom
37/71 Test: FA_TC_43_DownloadUtf8Bom
Command: "D:/DEV/FeedbackAnalyzer_09/build/feedback_analyzer_tests.exe" "FA_TC_43_DownloadUtf8Bom"
Directory: D:/DEV/FeedbackAnalyzer_09
"FA_TC_43_DownloadUtf8Bom" start time: May 22 13:54 대한민국 표준시
Output:
----------------------------------------------------------
Filters: "FA_TC_43_DownloadUtf8Bom"
Randomness seeded to: 1729572421
===============================================================================
All tests passed (4 assertions in 1 test case)

<end of output>
Test time =   0.27 sec
----------------------------------------------------------
Test Passed.
"FA_TC_43_DownloadUtf8Bom" end time: May 22 13:54 대한민국 표준시
"FA_TC_43_DownloadUtf8Bom" time elapsed: 00:00:00
----------------------------------------------------------

38/71 Testing: FA_TC_16_KeywordMainOnlyMismatch
38/71 Test: FA_TC_16_KeywordMainOnlyMismatch
Command: "D:/DEV/FeedbackAnalyzer_09/build/feedback_analyzer_tests.exe" "FA_TC_16_KeywordMainOnlyMismatch"
Directory: D:/DEV/FeedbackAnalyzer_09
"FA_TC_16_KeywordMainOnlyMismatch" start time: May 22 13:54 대한민국 표준시
Output:
----------------------------------------------------------
Filters: "FA_TC_16_KeywordMainOnlyMismatch"
Randomness seeded to: 611369941
===============================================================================
All tests passed (2 assertions in 1 test case)

<end of output>
Test time =   0.27 sec
----------------------------------------------------------
Test Passed.
"FA_TC_16_KeywordMainOnlyMismatch" end time: May 22 13:54 대한민국 표준시
"FA_TC_16_KeywordMainOnlyMismatch" time elapsed: 00:00:00
----------------------------------------------------------

39/71 Testing: FA_TC_17_FilterNeutralZero
39/71 Test: FA_TC_17_FilterNeutralZero
Command: "D:/DEV/FeedbackAnalyzer_09/build/feedback_analyzer_tests.exe" "FA_TC_17_FilterNeutralZero"
Directory: D:/DEV/FeedbackAnalyzer_09
"FA_TC_17_FilterNeutralZero" start time: May 22 13:54 대한민국 표준시
Output:
----------------------------------------------------------
Filters: "FA_TC_17_FilterNeutralZero"
Randomness seeded to: 2434279482
===============================================================================
All tests passed (1 assertion in 1 test case)

<end of output>
Test time =   0.26 sec
----------------------------------------------------------
Test Passed.
"FA_TC_17_FilterNeutralZero" end time: May 22 13:54 대한민국 표준시
"FA_TC_17_FilterNeutralZero" time elapsed: 00:00:00
----------------------------------------------------------

40/71 Testing: FA_TC_29_ConsistencySentFilNeutral
40/71 Test: FA_TC_29_ConsistencySentFilNeutral
Command: "D:/DEV/FeedbackAnalyzer_09/build/feedback_analyzer_tests.exe" "FA_TC_29_ConsistencySentFilNeutral"
Directory: D:/DEV/FeedbackAnalyzer_09
"FA_TC_29_ConsistencySentFilNeutral" start time: May 22 13:54 대한민국 표준시
Output:
----------------------------------------------------------
Filters: "FA_TC_29_ConsistencySentFilNeutral"
Randomness seeded to: 1381843765
===============================================================================
All tests passed (2 assertions in 1 test case)

<end of output>
Test time =   0.28 sec
----------------------------------------------------------
Test Passed.
"FA_TC_29_ConsistencySentFilNeutral" end time: May 22 13:54 대한민국 표준시
"FA_TC_29_ConsistencySentFilNeutral" time elapsed: 00:00:00
----------------------------------------------------------

41/71 Testing: FA_TC_31_ConsistencyFilteredStats
41/71 Test: FA_TC_31_ConsistencyFilteredStats
Command: "D:/DEV/FeedbackAnalyzer_09/build/feedback_analyzer_tests.exe" "FA_TC_31_ConsistencyFilteredStats"
Directory: D:/DEV/FeedbackAnalyzer_09
"FA_TC_31_ConsistencyFilteredStats" start time: May 22 13:54 대한민국 표준시
Output:
----------------------------------------------------------
Filters: "FA_TC_31_ConsistencyFilteredStats"
Randomness seeded to: 3669600981
===============================================================================
All tests passed (1 assertion in 1 test case)

<end of output>
Test time =   0.30 sec
----------------------------------------------------------
Test Passed.
"FA_TC_31_ConsistencyFilteredStats" end time: May 22 13:54 대한민국 표준시
"FA_TC_31_ConsistencyFilteredStats" time elapsed: 00:00:00
----------------------------------------------------------

42/71 Testing: FA_TC_30_ConsistencyKwFilMain
42/71 Test: FA_TC_30_ConsistencyKwFilMain
Command: "D:/DEV/FeedbackAnalyzer_09/build/feedback_analyzer_tests.exe" "FA_TC_30_ConsistencyKwFilMain"
Directory: D:/DEV/FeedbackAnalyzer_09
"FA_TC_30_ConsistencyKwFilMain" start time: May 22 13:54 대한민국 표준시
Output:
----------------------------------------------------------
Filters: "FA_TC_30_ConsistencyKwFilMain"
Randomness seeded to: 3112924963
===============================================================================
All tests passed (2 assertions in 1 test case)

<end of output>
Test time =   0.31 sec
----------------------------------------------------------
Test Passed.
"FA_TC_30_ConsistencyKwFilMain" end time: May 22 13:54 대한민국 표준시
"FA_TC_30_ConsistencyKwFilMain" time elapsed: 00:00:00
----------------------------------------------------------

43/71 Testing: FA_TC_32_ConsistencyPostRefactor
43/71 Test: FA_TC_32_ConsistencyPostRefactor
Command: "D:/DEV/FeedbackAnalyzer_09/build/feedback_analyzer_tests.exe" "FA_TC_32_ConsistencyPostRefactor"
Directory: D:/DEV/FeedbackAnalyzer_09
"FA_TC_32_ConsistencyPostRefactor" start time: May 22 13:54 대한민국 표준시
Output:
----------------------------------------------------------
Filters: "FA_TC_32_ConsistencyPostRefactor"
Randomness seeded to: 3410007727
===============================================================================
All tests passed (4 assertions in 1 test case)

<end of output>
Test time =   0.34 sec
----------------------------------------------------------
Test Passed.
"FA_TC_32_ConsistencyPostRefactor" end time: May 22 13:54 대한민국 표준시
"FA_TC_32_ConsistencyPostRefactor" time elapsed: 00:00:00
----------------------------------------------------------

44/71 Testing: FA_TC_18_FilterNeutralAll
44/71 Test: FA_TC_18_FilterNeutralAll
Command: "D:/DEV/FeedbackAnalyzer_09/build/feedback_analyzer_tests.exe" "FA_TC_18_FilterNeutralAll"
Directory: D:/DEV/FeedbackAnalyzer_09
"FA_TC_18_FilterNeutralAll" start time: May 22 13:54 대한민국 표준시
Output:
----------------------------------------------------------
Filters: "FA_TC_18_FilterNeutralAll"
Randomness seeded to: 2813393818
===============================================================================
All tests passed (1 assertion in 1 test case)

<end of output>
Test time =   0.34 sec
----------------------------------------------------------
Test Passed.
"FA_TC_18_FilterNeutralAll" end time: May 22 13:54 대한민국 표준시
"FA_TC_18_FilterNeutralAll" time elapsed: 00:00:00
----------------------------------------------------------

45/71 Testing: FA_TC_19_FilterPositive
45/71 Test: FA_TC_19_FilterPositive
Command: "D:/DEV/FeedbackAnalyzer_09/build/feedback_analyzer_tests.exe" "FA_TC_19_FilterPositive"
Directory: D:/DEV/FeedbackAnalyzer_09
"FA_TC_19_FilterPositive" start time: May 22 13:54 대한민국 표준시
Output:
----------------------------------------------------------
Filters: "FA_TC_19_FilterPositive"
Randomness seeded to: 2051392826
===============================================================================
All tests passed (1 assertion in 1 test case)

<end of output>
Test time =   0.40 sec
----------------------------------------------------------
Test Passed.
"FA_TC_19_FilterPositive" end time: May 22 13:54 대한민국 표준시
"FA_TC_19_FilterPositive" time elapsed: 00:00:00
----------------------------------------------------------

46/71 Testing: FA_TC_20_FilterNegative
46/71 Test: FA_TC_20_FilterNegative
Command: "D:/DEV/FeedbackAnalyzer_09/build/feedback_analyzer_tests.exe" "FA_TC_20_FilterNegative"
Directory: D:/DEV/FeedbackAnalyzer_09
"FA_TC_20_FilterNegative" start time: May 22 13:54 대한민국 표준시
Output:
----------------------------------------------------------
Filters: "FA_TC_20_FilterNegative"
Randomness seeded to: 4101856932
===============================================================================
All tests passed (1 assertion in 1 test case)

<end of output>
Test time =   0.33 sec
----------------------------------------------------------
Test Passed.
"FA_TC_20_FilterNegative" end time: May 22 13:54 대한민국 표준시
"FA_TC_20_FilterNegative" time elapsed: 00:00:00
----------------------------------------------------------

47/71 Testing: FA_TC_21_FilterSentimentAll
47/71 Test: FA_TC_21_FilterSentimentAll
Command: "D:/DEV/FeedbackAnalyzer_09/build/feedback_analyzer_tests.exe" "FA_TC_21_FilterSentimentAll"
Directory: D:/DEV/FeedbackAnalyzer_09
"FA_TC_21_FilterSentimentAll" start time: May 22 13:54 대한민국 표준시
Output:
----------------------------------------------------------
Filters: "FA_TC_21_FilterSentimentAll"
Randomness seeded to: 635714561
===============================================================================
All tests passed (1 assertion in 1 test case)

<end of output>
Test time =   0.33 sec
----------------------------------------------------------
Test Passed.
"FA_TC_21_FilterSentimentAll" end time: May 22 13:54 대한민국 표준시
"FA_TC_21_FilterSentimentAll" time elapsed: 00:00:00
----------------------------------------------------------

48/71 Testing: FA_TC_22_FilterOverlapOk
48/71 Test: FA_TC_22_FilterOverlapOk
Command: "D:/DEV/FeedbackAnalyzer_09/build/feedback_analyzer_tests.exe" "FA_TC_22_FilterOverlapOk"
Directory: D:/DEV/FeedbackAnalyzer_09
"FA_TC_22_FilterOverlapOk" start time: May 22 13:54 대한민국 표준시
Output:
----------------------------------------------------------
Filters: "FA_TC_22_FilterOverlapOk"
Randomness seeded to: 2859003497
===============================================================================
All tests passed (3 assertions in 1 test case)

<end of output>
Test time =   0.36 sec
----------------------------------------------------------
Test Passed.
"FA_TC_22_FilterOverlapOk" end time: May 22 13:54 대한민국 표준시
"FA_TC_22_FilterOverlapOk" time elapsed: 00:00:00
----------------------------------------------------------

49/71 Testing: FA_TC_23_FilterCategoryShipping
49/71 Test: FA_TC_23_FilterCategoryShipping
Command: "D:/DEV/FeedbackAnalyzer_09/build/feedback_analyzer_tests.exe" "FA_TC_23_FilterCategoryShipping"
Directory: D:/DEV/FeedbackAnalyzer_09
"FA_TC_23_FilterCategoryShipping" start time: May 22 13:54 대한민국 표준시
Output:
----------------------------------------------------------
Filters: "FA_TC_23_FilterCategoryShipping"
Randomness seeded to: 1370306981
===============================================================================
All tests passed (1 assertion in 1 test case)

<end of output>
Test time =   0.31 sec
----------------------------------------------------------
Test Passed.
"FA_TC_23_FilterCategoryShipping" end time: May 22 13:54 대한민국 표준시
"FA_TC_23_FilterCategoryShipping" time elapsed: 00:00:00
----------------------------------------------------------

50/71 Testing: FA_TC_24_FilterMainOnlyZero
50/71 Test: FA_TC_24_FilterMainOnlyZero
Command: "D:/DEV/FeedbackAnalyzer_09/build/feedback_analyzer_tests.exe" "FA_TC_24_FilterMainOnlyZero"
Directory: D:/DEV/FeedbackAnalyzer_09
"FA_TC_24_FilterMainOnlyZero" start time: May 22 13:54 대한민국 표준시
Output:
----------------------------------------------------------
Filters: "FA_TC_24_FilterMainOnlyZero"
Randomness seeded to: 189372030
===============================================================================
All tests passed (1 assertion in 1 test case)

<end of output>
Test time =   0.34 sec
----------------------------------------------------------
Test Passed.
"FA_TC_24_FilterMainOnlyZero" end time: May 22 13:54 대한민국 표준시
"FA_TC_24_FilterMainOnlyZero" time elapsed: 00:00:00
----------------------------------------------------------

51/71 Testing: FA_TC_25_FilterKeywordAll
51/71 Test: FA_TC_25_FilterKeywordAll
Command: "D:/DEV/FeedbackAnalyzer_09/build/feedback_analyzer_tests.exe" "FA_TC_25_FilterKeywordAll"
Directory: D:/DEV/FeedbackAnalyzer_09
"FA_TC_25_FilterKeywordAll" start time: May 22 13:54 대한민국 표준시
Output:
----------------------------------------------------------
Filters: "FA_TC_25_FilterKeywordAll"
Randomness seeded to: 3949086564
===============================================================================
All tests passed (1 assertion in 1 test case)

<end of output>
Test time =   0.31 sec
----------------------------------------------------------
Test Passed.
"FA_TC_25_FilterKeywordAll" end time: May 22 13:54 대한민국 표준시
"FA_TC_25_FilterKeywordAll" time elapsed: 00:00:00
----------------------------------------------------------

52/71 Testing: FA_TC_26_FilterIntersection
52/71 Test: FA_TC_26_FilterIntersection
Command: "D:/DEV/FeedbackAnalyzer_09/build/feedback_analyzer_tests.exe" "FA_TC_26_FilterIntersection"
Directory: D:/DEV/FeedbackAnalyzer_09
"FA_TC_26_FilterIntersection" start time: May 22 13:54 대한민국 표준시
Output:
----------------------------------------------------------
Filters: "FA_TC_26_FilterIntersection"
Randomness seeded to: 3497700055
===============================================================================
All tests passed (1 assertion in 1 test case)

<end of output>
Test time =   0.33 sec
----------------------------------------------------------
Test Passed.
"FA_TC_26_FilterIntersection" end time: May 22 13:54 대한민국 표준시
"FA_TC_26_FilterIntersection" time elapsed: 00:00:00
----------------------------------------------------------

53/71 Testing: FA_TC_27_FilterUnknownKeyword
53/71 Test: FA_TC_27_FilterUnknownKeyword
Command: "D:/DEV/FeedbackAnalyzer_09/build/feedback_analyzer_tests.exe" "FA_TC_27_FilterUnknownKeyword"
Directory: D:/DEV/FeedbackAnalyzer_09
"FA_TC_27_FilterUnknownKeyword" start time: May 22 13:54 대한민국 표준시
Output:
----------------------------------------------------------
Filters: "FA_TC_27_FilterUnknownKeyword"
Randomness seeded to: 261965043
===============================================================================
All tests passed (1 assertion in 1 test case)

<end of output>
Test time =   0.35 sec
----------------------------------------------------------
Test Passed.
"FA_TC_27_FilterUnknownKeyword" end time: May 22 13:54 대한민국 표준시
"FA_TC_27_FilterUnknownKeyword" time elapsed: 00:00:00
----------------------------------------------------------

54/71 Testing: FA_TC_28_FilterFiveCategories
54/71 Test: FA_TC_28_FilterFiveCategories
Command: "D:/DEV/FeedbackAnalyzer_09/build/feedback_analyzer_tests.exe" "FA_TC_28_FilterFiveCategories"
Directory: D:/DEV/FeedbackAnalyzer_09
"FA_TC_28_FilterFiveCategories" start time: May 22 13:54 대한민국 표준시
Output:
----------------------------------------------------------
Filters: "FA_TC_28_FilterFiveCategories"
Randomness seeded to: 3097466141
===============================================================================
All tests passed (5 assertions in 1 test case)

<end of output>
Test time =   0.34 sec
----------------------------------------------------------
Test Passed.
"FA_TC_28_FilterFiveCategories" end time: May 22 13:54 대한민국 표준시
"FA_TC_28_FilterFiveCategories" time elapsed: 00:00:00
----------------------------------------------------------

55/71 Testing: FA_TC_09_KeywordShipping
55/71 Test: FA_TC_09_KeywordShipping
Command: "D:/DEV/FeedbackAnalyzer_09/build/feedback_analyzer_tests.exe" "FA_TC_09_KeywordShipping"
Directory: D:/DEV/FeedbackAnalyzer_09
"FA_TC_09_KeywordShipping" start time: May 22 13:54 대한민국 표준시
Output:
----------------------------------------------------------
Filters: "FA_TC_09_KeywordShipping"
Randomness seeded to: 2358130987
===============================================================================
All tests passed (1 assertion in 1 test case)

<end of output>
Test time =   0.40 sec
----------------------------------------------------------
Test Passed.
"FA_TC_09_KeywordShipping" end time: May 22 13:54 대한민국 표준시
"FA_TC_09_KeywordShipping" time elapsed: 00:00:00
----------------------------------------------------------

56/71 Testing: FA_TC_10_KeywordQuality
56/71 Test: FA_TC_10_KeywordQuality
Command: "D:/DEV/FeedbackAnalyzer_09/build/feedback_analyzer_tests.exe" "FA_TC_10_KeywordQuality"
Directory: D:/DEV/FeedbackAnalyzer_09
"FA_TC_10_KeywordQuality" start time: May 22 13:54 대한민국 표준시
Output:
----------------------------------------------------------
Filters: "FA_TC_10_KeywordQuality"
Randomness seeded to: 1179280480
===============================================================================
All tests passed (1 assertion in 1 test case)

<end of output>
Test time =   0.37 sec
----------------------------------------------------------
Test Passed.
"FA_TC_10_KeywordQuality" end time: May 22 13:54 대한민국 표준시
"FA_TC_10_KeywordQuality" time elapsed: 00:00:00
----------------------------------------------------------

57/71 Testing: FA_TC_11_KeywordPrice
57/71 Test: FA_TC_11_KeywordPrice
Command: "D:/DEV/FeedbackAnalyzer_09/build/feedback_analyzer_tests.exe" "FA_TC_11_KeywordPrice"
Directory: D:/DEV/FeedbackAnalyzer_09
"FA_TC_11_KeywordPrice" start time: May 22 13:54 대한민국 표준시
Output:
----------------------------------------------------------
Filters: "FA_TC_11_KeywordPrice"
Randomness seeded to: 3272173908
===============================================================================
All tests passed (1 assertion in 1 test case)

<end of output>
Test time =   0.37 sec
----------------------------------------------------------
Test Passed.
"FA_TC_11_KeywordPrice" end time: May 22 13:54 대한민국 표준시
"FA_TC_11_KeywordPrice" time elapsed: 00:00:00
----------------------------------------------------------

58/71 Testing: FA_TC_12_KeywordService
58/71 Test: FA_TC_12_KeywordService
Command: "D:/DEV/FeedbackAnalyzer_09/build/feedback_analyzer_tests.exe" "FA_TC_12_KeywordService"
Directory: D:/DEV/FeedbackAnalyzer_09
"FA_TC_12_KeywordService" start time: May 22 13:54 대한민국 표준시
Output:
----------------------------------------------------------
Filters: "FA_TC_12_KeywordService"
Randomness seeded to: 1137776970
===============================================================================
All tests passed (1 assertion in 1 test case)

<end of output>
Test time =   0.35 sec
----------------------------------------------------------
Test Passed.
"FA_TC_12_KeywordService" end time: May 22 13:54 대한민국 표준시
"FA_TC_12_KeywordService" time elapsed: 00:00:00
----------------------------------------------------------

59/71 Testing: FA_TC_13_KeywordUsability
59/71 Test: FA_TC_13_KeywordUsability
Command: "D:/DEV/FeedbackAnalyzer_09/build/feedback_analyzer_tests.exe" "FA_TC_13_KeywordUsability"
Directory: D:/DEV/FeedbackAnalyzer_09
"FA_TC_13_KeywordUsability" start time: May 22 13:54 대한민국 표준시
Output:
----------------------------------------------------------
Filters: "FA_TC_13_KeywordUsability"
Randomness seeded to: 1030267245
===============================================================================
All tests passed (1 assertion in 1 test case)

<end of output>
Test time =   0.35 sec
----------------------------------------------------------
Test Passed.
"FA_TC_13_KeywordUsability" end time: May 22 13:54 대한민국 표준시
"FA_TC_13_KeywordUsability" time elapsed: 00:00:00
----------------------------------------------------------

60/71 Testing: FA_TC_14_KeywordNone
60/71 Test: FA_TC_14_KeywordNone
Command: "D:/DEV/FeedbackAnalyzer_09/build/feedback_analyzer_tests.exe" "FA_TC_14_KeywordNone"
Directory: D:/DEV/FeedbackAnalyzer_09
"FA_TC_14_KeywordNone" start time: May 22 13:54 대한민국 표준시
Output:
----------------------------------------------------------
Filters: "FA_TC_14_KeywordNone"
Randomness seeded to: 1303050894
===============================================================================
All tests passed (5 assertions in 1 test case)

<end of output>
Test time =   0.34 sec
----------------------------------------------------------
Test Passed.
"FA_TC_14_KeywordNone" end time: May 22 13:54 대한민국 표준시
"FA_TC_14_KeywordNone" time elapsed: 00:00:00
----------------------------------------------------------

61/71 Testing: FA_TC_15_KeywordMultiCategory
61/71 Test: FA_TC_15_KeywordMultiCategory
Command: "D:/DEV/FeedbackAnalyzer_09/build/feedback_analyzer_tests.exe" "FA_TC_15_KeywordMultiCategory"
Directory: D:/DEV/FeedbackAnalyzer_09
"FA_TC_15_KeywordMultiCategory" start time: May 22 13:54 대한민국 표준시
Output:
----------------------------------------------------------
Filters: "FA_TC_15_KeywordMultiCategory"
Randomness seeded to: 275426295
===============================================================================
All tests passed (2 assertions in 1 test case)

<end of output>
Test time =   0.40 sec
----------------------------------------------------------
Test Passed.
"FA_TC_15_KeywordMultiCategory" end time: May 22 13:54 대한민국 표준시
"FA_TC_15_KeywordMultiCategory" time elapsed: 00:00:00
----------------------------------------------------------

62/71 Testing: FA_TC_01_SentimentEmpty
62/71 Test: FA_TC_01_SentimentEmpty
Command: "D:/DEV/FeedbackAnalyzer_09/build/feedback_analyzer_tests.exe" "FA_TC_01_SentimentEmpty"
Directory: D:/DEV/FeedbackAnalyzer_09
"FA_TC_01_SentimentEmpty" start time: May 22 13:54 대한민국 표준시
Output:
----------------------------------------------------------
Filters: "FA_TC_01_SentimentEmpty"
Randomness seeded to: 3411473205
===============================================================================
All tests passed (3 assertions in 1 test case)

<end of output>
Test time =   0.35 sec
----------------------------------------------------------
Test Passed.
"FA_TC_01_SentimentEmpty" end time: May 22 13:54 대한민국 표준시
"FA_TC_01_SentimentEmpty" time elapsed: 00:00:00
----------------------------------------------------------

63/71 Testing: FA_TC_02_SentimentPositive
63/71 Test: FA_TC_02_SentimentPositive
Command: "D:/DEV/FeedbackAnalyzer_09/build/feedback_analyzer_tests.exe" "FA_TC_02_SentimentPositive"
Directory: D:/DEV/FeedbackAnalyzer_09
"FA_TC_02_SentimentPositive" start time: May 22 13:54 대한민국 표준시
Output:
----------------------------------------------------------
Filters: "FA_TC_02_SentimentPositive"
Randomness seeded to: 3854283510
===============================================================================
All tests passed (3 assertions in 1 test case)

<end of output>
Test time =   0.32 sec
----------------------------------------------------------
Test Passed.
"FA_TC_02_SentimentPositive" end time: May 22 13:54 대한민국 표준시
"FA_TC_02_SentimentPositive" time elapsed: 00:00:00
----------------------------------------------------------

64/71 Testing: FA_TC_03_SentimentNegative
64/71 Test: FA_TC_03_SentimentNegative
Command: "D:/DEV/FeedbackAnalyzer_09/build/feedback_analyzer_tests.exe" "FA_TC_03_SentimentNegative"
Directory: D:/DEV/FeedbackAnalyzer_09
"FA_TC_03_SentimentNegative" start time: May 22 13:54 대한민국 표준시
Output:
----------------------------------------------------------
Filters: "FA_TC_03_SentimentNegative"
Randomness seeded to: 1976478202
===============================================================================
All tests passed (3 assertions in 1 test case)

<end of output>
Test time =   0.32 sec
----------------------------------------------------------
Test Passed.
"FA_TC_03_SentimentNegative" end time: May 22 13:54 대한민국 표준시
"FA_TC_03_SentimentNegative" time elapsed: 00:00:00
----------------------------------------------------------

65/71 Testing: FA_TC_04_SentimentNeutralNoKw
65/71 Test: FA_TC_04_SentimentNeutralNoKw
Command: "D:/DEV/FeedbackAnalyzer_09/build/feedback_analyzer_tests.exe" "FA_TC_04_SentimentNeutralNoKw"
Directory: D:/DEV/FeedbackAnalyzer_09
"FA_TC_04_SentimentNeutralNoKw" start time: May 22 13:54 대한민국 표준시
Output:
----------------------------------------------------------
Filters: "FA_TC_04_SentimentNeutralNoKw"
Randomness seeded to: 3539877441
===============================================================================
All tests passed (3 assertions in 1 test case)

<end of output>
Test time =   0.29 sec
----------------------------------------------------------
Test Passed.
"FA_TC_04_SentimentNeutralNoKw" end time: May 22 13:54 대한민국 표준시
"FA_TC_04_SentimentNeutralNoKw" time elapsed: 00:00:00
----------------------------------------------------------

66/71 Testing: FA_TC_05_SentimentPartialNeg
66/71 Test: FA_TC_05_SentimentPartialNeg
Command: "D:/DEV/FeedbackAnalyzer_09/build/feedback_analyzer_tests.exe" "FA_TC_05_SentimentPartialNeg"
Directory: D:/DEV/FeedbackAnalyzer_09
"FA_TC_05_SentimentPartialNeg" start time: May 22 13:54 대한민국 표준시
Output:
----------------------------------------------------------
Filters: "FA_TC_05_SentimentPartialNeg"
Randomness seeded to: 2314912770
===============================================================================
All tests passed (3 assertions in 1 test case)

<end of output>
Test time =   0.27 sec
----------------------------------------------------------
Test Passed.
"FA_TC_05_SentimentPartialNeg" end time: May 22 13:54 대한민국 표준시
"FA_TC_05_SentimentPartialNeg" time elapsed: 00:00:00
----------------------------------------------------------

67/71 Testing: FA_TC_06_SentimentNeutralAmbiguous
67/71 Test: FA_TC_06_SentimentNeutralAmbiguous
Command: "D:/DEV/FeedbackAnalyzer_09/build/feedback_analyzer_tests.exe" "FA_TC_06_SentimentNeutralAmbiguous"
Directory: D:/DEV/FeedbackAnalyzer_09
"FA_TC_06_SentimentNeutralAmbiguous" start time: May 22 13:54 대한민국 표준시
Output:
----------------------------------------------------------
Filters: "FA_TC_06_SentimentNeutralAmbiguous"
Randomness seeded to: 1816001013
===============================================================================
All tests passed (3 assertions in 1 test case)

<end of output>
Test time =   0.26 sec
----------------------------------------------------------
Test Passed.
"FA_TC_06_SentimentNeutralAmbiguous" end time: May 22 13:54 대한민국 표준시
"FA_TC_06_SentimentNeutralAmbiguous" time elapsed: 00:00:00
----------------------------------------------------------

68/71 Testing: FA_TC_07_SentimentPositiveWins
68/71 Test: FA_TC_07_SentimentPositiveWins
Command: "D:/DEV/FeedbackAnalyzer_09/build/feedback_analyzer_tests.exe" "FA_TC_07_SentimentPositiveWins"
Directory: D:/DEV/FeedbackAnalyzer_09
"FA_TC_07_SentimentPositiveWins" start time: May 22 13:54 대한민국 표준시
Output:
----------------------------------------------------------
Filters: "FA_TC_07_SentimentPositiveWins"
Randomness seeded to: 135341335
===============================================================================
All tests passed (3 assertions in 1 test case)

<end of output>
Test time =   0.27 sec
----------------------------------------------------------
Test Passed.
"FA_TC_07_SentimentPositiveWins" end time: May 22 13:54 대한민국 표준시
"FA_TC_07_SentimentPositiveWins" time elapsed: 00:00:00
----------------------------------------------------------

69/71 Testing: FA_TC_08_SentimentMixedN
69/71 Test: FA_TC_08_SentimentMixedN
Command: "D:/DEV/FeedbackAnalyzer_09/build/feedback_analyzer_tests.exe" "FA_TC_08_SentimentMixedN"
Directory: D:/DEV/FeedbackAnalyzer_09
"FA_TC_08_SentimentMixedN" start time: May 22 13:54 대한민국 표준시
Output:
----------------------------------------------------------
Filters: "FA_TC_08_SentimentMixedN"
Randomness seeded to: 3738625025
===============================================================================
All tests passed (4 assertions in 1 test case)

<end of output>
Test time =   0.26 sec
----------------------------------------------------------
Test Passed.
"FA_TC_08_SentimentMixedN" end time: May 22 13:54 대한민국 표준시
"FA_TC_08_SentimentMixedN" time elapsed: 00:00:00
----------------------------------------------------------

Unable to find executable: feedback_analyzer_integration_tests_NOT_BUILT-b12d07c
70/71 Testing: feedback_analyzer_integration_tests_NOT_BUILT-b12d07c
70/71 Test: feedback_analyzer_integration_tests_NOT_BUILT-b12d07c
Command: ""
Directory: D:/DEV/FeedbackAnalyzer_09/build
"feedback_analyzer_integration_tests_NOT_BUILT-b12d07c" start time: 
Output:
----------------------------------------------------------
<end of output>
Test time =   0.00 sec
----------------------------------------------------------
Test Passed.
"feedback_analyzer_integration_tests_NOT_BUILT-b12d07c" end time: May 22 13:54 대한민국 표준시
"feedback_analyzer_integration_tests_NOT_BUILT-b12d07c" time elapsed: 00:00:00
----------------------------------------------------------

71/71 Testing: GoldenMaster
71/71 Test: GoldenMaster
Command: "D:/DEV/FeedbackAnalyzer_09/build/feedback_analyzer_tests.exe" "[gm]"
Directory: D:/DEV/FeedbackAnalyzer_09
"GoldenMaster" start time: May 22 13:54 대한민국 표준시
Output:
----------------------------------------------------------
Filters: [gm]
Randomness seeded to: 802466866
===============================================================================
All tests passed (5 assertions in 5 test cases)

<end of output>
Test time =   0.26 sec
----------------------------------------------------------
Test Passed.
"GoldenMaster" end time: May 22 13:54 대한민국 표준시
"GoldenMaster" time elapsed: 00:00:00
----------------------------------------------------------

End testing: May 22 13:54 대한민국 표준시

gm =   0.26 sec*proc

golden =   0.26 sec*proc

p2 =   0.26 sec*proc

