TN:
SF:D:\mingw64\include\c++\15.2.0\bits\move.h
DA:53,262
DA:73,1722
DA:139,30
DA:177,30
end_of_record
SF:D:\mingw64\include\c++\15.2.0\x86_64-w64-mingw32\bits\c++config.h
DA:589,0
end_of_record
SF:D:\mingw64\include\c++\15.2.0\ext\alloc_traits.h
DA:100,0
DA:108,7
DA:120,0
end_of_record
SF:D:\mingw64\include\c++\15.2.0\bits\stl_iterator_base_types.h
DA:242,25
end_of_record
SF:D:\mingw64\include\c++\15.2.0\new
FN:206,_ZnwyPv
FNDA:0,_ZnwyPv
FN:217,_ZdlPvS_
FNDA:0,_ZdlPvS_
DA:206,0
DA:208,0
DA:217,0
DA:219,0
end_of_record
SF:D:\mingw64\include\c++\15.2.0\bits\vector.tcc
FN:318,_ZNSt6vectorINSt7__cxx1112basic_stringIcSt11char_traitsIcESaIcEEESaIS5_EE13_M_assign_auxIPKS5_EEvT_SB_St20forward_iterator_tag
FNDA:25,_ZNSt6vectorINSt7__cxx1112basic_stringIcSt11char_traitsIcESaIcEEESaIS5_EE13_M_assign_auxIPKS5_EEvT_SB_St20forward_iterator_tag
DA:318,25
DA:322,25
DA:323,25
DA:325,25
BRDA:325,0,0,25
BRDA:325,0,1,0
DA:327,25
BRDA:327,0,0,0
BRDA:327,0,1,25
DA:328,0
DA:330,25
DA:331,25
DA:332,25
DA:333,25
DA:335,25
DA:336,25
DA:337,25
DA:338,25
DA:339,25
DA:340,25
DA:342,0
BRDA:342,0,0,-
BRDA:342,0,1,-
DA:343,0
DA:346,0
DA:348,0
BRDA:348,0,0,-
BRDA:348,0,1,-
DA:349,0
DA:351,0
DA:352,0
DA:353,0
BRDA:353,0,0,-
BRDA:353,0,1,-
DA:354,0
DA:357,25
end_of_record
SF:D:\mingw64\include\c++\15.2.0\bits\ptr_traits.h
FN:134,_ZNSt19__ptr_traits_ptr_toIPKcS0_Lb0EE10pointer_toERS0_
FNDA:0,_ZNSt19__ptr_traits_ptr_toIPKcS0_Lb0EE10pointer_toERS0_
FN:134,_ZNSt19__ptr_traits_ptr_toIPccLb0EE10pointer_toERc
FNDA:0,_ZNSt19__ptr_traits_ptr_toIPccLb0EE10pointer_toERc
DA:134,0
DA:135,0
DA:134,0
DA:135,0
end_of_record
SF:D:\DEV\FeedbackAnalyzer_09\src\cpp\Constants.cpp
FN:6,_ZN9Constants4initEv
FNDA:1,_ZN9Constants4initEv
DA:6,1
DA:7,2
BRDA:7,0,0,1
BRDA:7,0,1,0
BRDA:7,0,2,1
BRDA:7,0,3,0
DA:13,69
BRDA:13,0,0,33
BRDA:13,0,1,0
BRDA:13,0,2,33
BRDA:13,0,3,1
BRDA:13,0,4,1
BRDA:13,0,5,0
BRDA:13,0,6,33
BRDA:13,0,7,1
BRDA:13,0,8,0
BRDA:13,0,9,0
BRDA:13,0,10,0
BRDA:13,0,11,0
BRDA:13,0,12,0
BRDA:13,0,13,0
DA:15,2
BRDA:15,0,0,1
BRDA:15,0,1,0
BRDA:15,0,2,1
BRDA:15,0,3,0
DA:21,73
BRDA:21,0,0,35
BRDA:21,0,1,0
BRDA:21,0,2,35
BRDA:21,0,3,1
BRDA:21,0,4,1
BRDA:21,0,5,0
BRDA:21,0,6,35
BRDA:21,0,7,1
BRDA:21,0,8,0
BRDA:21,0,9,0
BRDA:21,0,10,0
BRDA:21,0,11,0
BRDA:21,0,12,0
BRDA:21,0,13,0
DA:24,21
BRDA:24,0,0,8
BRDA:24,0,1,0
BRDA:24,0,2,8
BRDA:24,0,3,1
BRDA:24,0,4,1
BRDA:24,0,5,0
BRDA:24,0,6,1
BRDA:24,0,7,0
BRDA:24,0,8,1
BRDA:24,0,9,0
BRDA:24,0,10,1
BRDA:24,0,11,0
BRDA:24,0,12,1
BRDA:24,0,13,0
BRDA:24,0,14,8
BRDA:24,0,15,1
BRDA:24,0,16,0
BRDA:24,0,17,0
BRDA:24,0,18,0
BRDA:24,0,19,0
BRDA:24,0,20,0
BRDA:24,0,21,0
DA:25,11
BRDA:25,0,0,3
BRDA:25,0,1,0
BRDA:25,0,2,3
BRDA:25,0,3,1
BRDA:25,0,4,1
BRDA:25,0,5,0
BRDA:25,0,6,1
BRDA:25,0,7,0
BRDA:25,0,8,1
BRDA:25,0,9,0
BRDA:25,0,10,1
BRDA:25,0,11,0
BRDA:25,0,12,1
BRDA:25,0,13,0
BRDA:25,0,14,3
BRDA:25,0,15,1
BRDA:25,0,16,0
BRDA:25,0,17,0
BRDA:25,0,18,0
BRDA:25,0,19,0
BRDA:25,0,20,0
BRDA:25,0,21,0
DA:26,11
BRDA:26,0,0,3
BRDA:26,0,1,0
BRDA:26,0,2,3
BRDA:26,0,3,1
BRDA:26,0,4,1
BRDA:26,0,5,0
BRDA:26,0,6,1
BRDA:26,0,7,0
BRDA:26,0,8,1
BRDA:26,0,9,0
BRDA:26,0,10,1
BRDA:26,0,11,0
BRDA:26,0,12,1
BRDA:26,0,13,0
BRDA:26,0,14,3
BRDA:26,0,15,1
BRDA:26,0,16,0
BRDA:26,0,17,0
BRDA:26,0,18,0
BRDA:26,0,19,0
BRDA:26,0,20,0
BRDA:26,0,21,0
DA:27,9
BRDA:27,0,0,2
BRDA:27,0,1,0
BRDA:27,0,2,2
BRDA:27,0,3,1
BRDA:27,0,4,1
BRDA:27,0,5,0
BRDA:27,0,6,1
BRDA:27,0,7,0
BRDA:27,0,8,1
BRDA:27,0,9,0
BRDA:27,0,10,1
BRDA:27,0,11,0
BRDA:27,0,12,1
BRDA:27,0,13,0
BRDA:27,0,14,2
BRDA:27,0,15,1
BRDA:27,0,16,0
BRDA:27,0,17,0
BRDA:27,0,18,0
BRDA:27,0,19,0
BRDA:27,0,20,0
BRDA:27,0,21,0
DA:30,21
BRDA:30,0,0,8
BRDA:30,0,1,0
BRDA:30,0,2,8
BRDA:30,0,3,1
BRDA:30,0,4,1
BRDA:30,0,5,0
BRDA:30,0,6,1
BRDA:30,0,7,0
BRDA:30,0,8,1
BRDA:30,0,9,0
BRDA:30,0,10,1
BRDA:30,0,11,0
BRDA:30,0,12,1
BRDA:30,0,13,0
BRDA:30,0,14,8
BRDA:30,0,15,1
BRDA:30,0,16,0
BRDA:30,0,17,0
BRDA:30,0,18,0
BRDA:30,0,19,0
BRDA:30,0,20,0
BRDA:30,0,21,0
DA:31,11
BRDA:31,0,0,3
BRDA:31,0,1,0
BRDA:31,0,2,3
BRDA:31,0,3,1
BRDA:31,0,4,1
BRDA:31,0,5,0
BRDA:31,0,6,1
BRDA:31,0,7,0
BRDA:31,0,8,1
BRDA:31,0,9,0
BRDA:31,0,10,1
BRDA:31,0,11,0
BRDA:31,0,12,1
BRDA:31,0,13,0
BRDA:31,0,14,3
BRDA:31,0,15,1
BRDA:31,0,16,0
BRDA:31,0,17,0
BRDA:31,0,18,0
BRDA:31,0,19,0
BRDA:31,0,20,0
BRDA:31,0,21,0
DA:32,11
BRDA:32,0,0,3
BRDA:32,0,1,0
BRDA:32,0,2,3
BRDA:32,0,3,1
BRDA:32,0,4,1
BRDA:32,0,5,0
BRDA:32,0,6,1
BRDA:32,0,7,0
BRDA:32,0,8,1
BRDA:32,0,9,0
BRDA:32,0,10,1
BRDA:32,0,11,0
BRDA:32,0,12,1
BRDA:32,0,13,0
BRDA:32,0,14,3
BRDA:32,0,15,1
BRDA:32,0,16,0
BRDA:32,0,17,0
BRDA:32,0,18,0
BRDA:32,0,19,0
BRDA:32,0,20,0
BRDA:32,0,21,0
DA:33,7
BRDA:33,0,0,1
BRDA:33,0,1,0
BRDA:33,0,2,1
BRDA:33,0,3,1
BRDA:33,0,4,1
BRDA:33,0,5,0
BRDA:33,0,6,1
BRDA:33,0,7,0
BRDA:33,0,8,1
BRDA:33,0,9,0
BRDA:33,0,10,1
BRDA:33,0,11,0
BRDA:33,0,12,1
BRDA:33,0,13,0
BRDA:33,0,14,1
BRDA:33,0,15,1
BRDA:33,0,16,0
BRDA:33,0,17,0
BRDA:33,0,18,0
BRDA:33,0,19,0
BRDA:33,0,20,0
BRDA:33,0,21,0
DA:36,23
BRDA:36,0,0,9
BRDA:36,0,1,0
BRDA:36,0,2,9
BRDA:36,0,3,1
BRDA:36,0,4,1
BRDA:36,0,5,0
BRDA:36,0,6,1
BRDA:36,0,7,0
BRDA:36,0,8,1
BRDA:36,0,9,0
BRDA:36,0,10,1
BRDA:36,0,11,0
BRDA:36,0,12,1
BRDA:36,0,13,0
BRDA:36,0,14,9
BRDA:36,0,15,1
BRDA:36,0,16,0
BRDA:36,0,17,0
BRDA:36,0,18,0
BRDA:36,0,19,0
BRDA:36,0,20,0
BRDA:36,0,21,0
DA:37,13
BRDA:37,0,0,4
BRDA:37,0,1,0
BRDA:37,0,2,4
BRDA:37,0,3,1
BRDA:37,0,4,1
BRDA:37,0,5,0
BRDA:37,0,6,1
BRDA:37,0,7,0
BRDA:37,0,8,1
BRDA:37,0,9,0
BRDA:37,0,10,1
BRDA:37,0,11,0
BRDA:37,0,12,1
BRDA:37,0,13,0
BRDA:37,0,14,4
BRDA:37,0,15,1
BRDA:37,0,16,0
BRDA:37,0,17,0
BRDA:37,0,18,0
BRDA:37,0,19,0
BRDA:37,0,20,0
BRDA:37,0,21,0
DA:38,11
BRDA:38,0,0,3
BRDA:38,0,1,0
BRDA:38,0,2,3
BRDA:38,0,3,1
BRDA:38,0,4,1
BRDA:38,0,5,0
BRDA:38,0,6,1
BRDA:38,0,7,0
BRDA:38,0,8,1
BRDA:38,0,9,0
BRDA:38,0,10,1
BRDA:38,0,11,0
BRDA:38,0,12,1
BRDA:38,0,13,0
BRDA:38,0,14,3
BRDA:38,0,15,1
BRDA:38,0,16,0
BRDA:38,0,17,0
BRDA:38,0,18,0
BRDA:38,0,19,0
BRDA:38,0,20,0
BRDA:38,0,21,0
DA:39,9
BRDA:39,0,0,2
BRDA:39,0,1,0
BRDA:39,0,2,2
BRDA:39,0,3,1
BRDA:39,0,4,1
BRDA:39,0,5,0
BRDA:39,0,6,1
BRDA:39,0,7,0
BRDA:39,0,8,1
BRDA:39,0,9,0
BRDA:39,0,10,1
BRDA:39,0,11,0
BRDA:39,0,12,1
BRDA:39,0,13,0
BRDA:39,0,14,2
BRDA:39,0,15,1
BRDA:39,0,16,0
BRDA:39,0,17,0
BRDA:39,0,18,0
BRDA:39,0,19,0
BRDA:39,0,20,0
BRDA:39,0,21,0
DA:42,21
BRDA:42,0,0,8
BRDA:42,0,1,0
BRDA:42,0,2,8
BRDA:42,0,3,1
BRDA:42,0,4,1
BRDA:42,0,5,0
BRDA:42,0,6,1
BRDA:42,0,7,0
BRDA:42,0,8,1
BRDA:42,0,9,0
BRDA:42,0,10,1
BRDA:42,0,11,0
BRDA:42,0,12,1
BRDA:42,0,13,0
BRDA:42,0,14,8
BRDA:42,0,15,1
BRDA:42,0,16,0
BRDA:42,0,17,0
BRDA:42,0,18,0
BRDA:42,0,19,0
BRDA:42,0,20,0
BRDA:42,0,21,0
DA:43,13
BRDA:43,0,0,4
BRDA:43,0,1,0
BRDA:43,0,2,4
BRDA:43,0,3,1
BRDA:43,0,4,1
BRDA:43,0,5,0
BRDA:43,0,6,1
BRDA:43,0,7,0
BRDA:43,0,8,1
BRDA:43,0,9,0
BRDA:43,0,10,1
BRDA:43,0,11,0
BRDA:43,0,12,1
BRDA:43,0,13,0
BRDA:43,0,14,4
BRDA:43,0,15,1
BRDA:43,0,16,0
BRDA:43,0,17,0
BRDA:43,0,18,0
BRDA:43,0,19,0
BRDA:43,0,20,0
BRDA:43,0,21,0
DA:44,9
BRDA:44,0,0,2
BRDA:44,0,1,0
BRDA:44,0,2,2
BRDA:44,0,3,1
BRDA:44,0,4,1
BRDA:44,0,5,0
BRDA:44,0,6,1
BRDA:44,0,7,0
BRDA:44,0,8,1
BRDA:44,0,9,0
BRDA:44,0,10,1
BRDA:44,0,11,0
BRDA:44,0,12,1
BRDA:44,0,13,0
BRDA:44,0,14,2
BRDA:44,0,15,1
BRDA:44,0,16,0
BRDA:44,0,17,0
BRDA:44,0,18,0
BRDA:44,0,19,0
BRDA:44,0,20,0
BRDA:44,0,21,0
DA:45,9
BRDA:45,0,0,2
BRDA:45,0,1,0
BRDA:45,0,2,2
BRDA:45,0,3,1
BRDA:45,0,4,1
BRDA:45,0,5,0
BRDA:45,0,6,1
BRDA:45,0,7,0
BRDA:45,0,8,1
BRDA:45,0,9,0
BRDA:45,0,10,1
BRDA:45,0,11,0
BRDA:45,0,12,1
BRDA:45,0,13,0
BRDA:45,0,14,2
BRDA:45,0,15,1
BRDA:45,0,16,0
BRDA:45,0,17,0
BRDA:45,0,18,0
BRDA:45,0,19,0
BRDA:45,0,20,0
BRDA:45,0,21,0
DA:48,21
BRDA:48,0,0,8
BRDA:48,0,1,0
BRDA:48,0,2,8
BRDA:48,0,3,1
BRDA:48,0,4,1
BRDA:48,0,5,0
BRDA:48,0,6,1
BRDA:48,0,7,0
BRDA:48,0,8,1
BRDA:48,0,9,0
BRDA:48,0,10,1
BRDA:48,0,11,0
BRDA:48,0,12,1
BRDA:48,0,13,0
BRDA:48,0,14,8
BRDA:48,0,15,1
BRDA:48,0,16,0
BRDA:48,0,17,0
BRDA:48,0,18,0
BRDA:48,0,19,0
BRDA:48,0,20,0
BRDA:48,0,21,0
DA:49,13
BRDA:49,0,0,4
BRDA:49,0,1,0
BRDA:49,0,2,4
BRDA:49,0,3,1
BRDA:49,0,4,1
BRDA:49,0,5,0
BRDA:49,0,6,1
BRDA:49,0,7,0
BRDA:49,0,8,1
BRDA:49,0,9,0
BRDA:49,0,10,1
BRDA:49,0,11,0
BRDA:49,0,12,1
BRDA:49,0,13,0
BRDA:49,0,14,4
BRDA:49,0,15,1
BRDA:49,0,16,0
BRDA:49,0,17,0
BRDA:49,0,18,0
BRDA:49,0,19,0
BRDA:49,0,20,0
BRDA:49,0,21,0
DA:50,11
BRDA:50,0,0,3
BRDA:50,0,1,0
BRDA:50,0,2,3
BRDA:50,0,3,1
BRDA:50,0,4,1
BRDA:50,0,5,0
BRDA:50,0,6,1
BRDA:50,0,7,0
BRDA:50,0,8,1
BRDA:50,0,9,0
BRDA:50,0,10,1
BRDA:50,0,11,0
BRDA:50,0,12,1
BRDA:50,0,13,0
BRDA:50,0,14,3
BRDA:50,0,15,1
BRDA:50,0,16,0
BRDA:50,0,17,0
BRDA:50,0,18,0
BRDA:50,0,19,0
BRDA:50,0,20,0
BRDA:50,0,21,0
DA:51,7
BRDA:51,0,0,1
BRDA:51,0,1,0
BRDA:51,0,2,1
BRDA:51,0,3,1
BRDA:51,0,4,1
BRDA:51,0,5,0
BRDA:51,0,6,1
BRDA:51,0,7,0
BRDA:51,0,8,1
BRDA:51,0,9,0
BRDA:51,0,10,1
BRDA:51,0,11,0
BRDA:51,0,12,1
BRDA:51,0,13,0
BRDA:51,0,14,1
BRDA:51,0,15,1
BRDA:51,0,16,0
BRDA:51,0,17,0
BRDA:51,0,18,0
BRDA:51,0,19,0
BRDA:51,0,20,0
BRDA:51,0,21,0
DA:52,1
end_of_record
SF:D:\mingw64\include\c++\15.2.0\bits\stl_construct.h
FN:123,_ZSt10_ConstructINSt7__cxx1112basic_stringIcSt11char_traitsIcESaIcEEEJRKS5_EEvPT_DpOT0_
FNDA:204,_ZSt10_ConstructINSt7__cxx1112basic_stringIcSt11char_traitsIcESaIcEEEJRKS5_EEvPT_DpOT0_
FN:161,_ZSt8_DestroyINSt7__cxx1112basic_stringIcSt11char_traitsIcESaIcEEEEvPT_
FNDA:24,_ZSt8_DestroyINSt7__cxx1112basic_stringIcSt11char_traitsIcESaIcEEEEvPT_
FN:202,_ZSt8_DestroyIPNSt7__cxx1112basic_stringIcSt11char_traitsIcESaIcEEEEvT_S7_
FNDA:52,_ZSt8_DestroyIPNSt7__cxx1112basic_stringIcSt11char_traitsIcESaIcEEEEvT_S7_
DA:123,204
DA:133,408
BRDA:133,0,0,204
BRDA:133,0,1,0
BRDA:133,0,2,0
BRDA:133,0,3,204
BRDA:133,0,4,0
BRDA:133,0,5,0
DA:134,204
DA:161,24
DA:166,24
DA:168,24
DA:202,52
DA:211,73
BRDA:211,0,0,21
BRDA:211,0,1,52
DA:212,21
DA:222,52
end_of_record
SF:D:\mingw64\include\c++\15.2.0\bits\stl_map.h
FN:200,_ZNSt3mapINSt7__cxx1112basic_stringIcSt11char_traitsIcESaIcEEES_IS5_St6vectorIS5_SaIS5_EESt4lessIS5_ESaISt4pairIKS5_S8_EEESA_SaISB_ISC_SF_EEEC1Ev
FNDA:1,_ZNSt3mapINSt7__cxx1112basic_stringIcSt11char_traitsIcESaIcEEES_IS5_St6vectorIS5_SaIS5_EESt4lessIS5_ESaISt4pairIKS5_S8_EEESA_SaISB_ISC_SF_EEEC1Ev
FN:200,_ZNSt3mapINSt7__cxx1112basic_stringIcSt11char_traitsIcESaIcEEESt6vectorIS5_SaIS5_EESt4lessIS5_ESaISt4pairIKS5_S8_EEEC1Ev
FNDA:7,_ZNSt3mapINSt7__cxx1112basic_stringIcSt11char_traitsIcESaIcEEESt6vectorIS5_SaIS5_EESt4lessIS5_ESaISt4pairIKS5_S8_EEEC1Ev
FN:337,_ZNSt3mapINSt7__cxx1112basic_stringIcSt11char_traitsIcESaIcEEES_IS5_St6vectorIS5_SaIS5_EESt4lessIS5_ESaISt4pairIKS5_S8_EEESA_SaISB_ISC_SF_EEED1Ev
FNDA:0,_ZNSt3mapINSt7__cxx1112basic_stringIcSt11char_traitsIcESaIcEEES_IS5_St6vectorIS5_SaIS5_EESt4lessIS5_ESaISt4pairIKS5_S8_EEESA_SaISB_ISC_SF_EEED1Ev
FN:337,_ZNSt3mapINSt7__cxx1112basic_stringIcSt11char_traitsIcESaIcEEESt6vectorIS5_SaIS5_EESt4lessIS5_ESaISt4pairIKS5_S8_EEED1Ev
FNDA:0,_ZNSt3mapINSt7__cxx1112basic_stringIcSt11char_traitsIcESaIcEEESt6vectorIS5_SaIS5_EESt4lessIS5_ESaISt4pairIKS5_S8_EEED1Ev
FN:409,_ZNSt3mapINSt7__cxx1112basic_stringIcSt11char_traitsIcESaIcEEES_IS5_St6vectorIS5_SaIS5_EESt4lessIS5_ESaISt4pairIKS5_S8_EEESA_SaISB_ISC_SF_EEE3endEv
FNDA:72,_ZNSt3mapINSt7__cxx1112basic_stringIcSt11char_traitsIcESaIcEEES_IS5_St6vectorIS5_SaIS5_EESt4lessIS5_ESaISt4pairIKS5_S8_EEESA_SaISB_ISC_SF_EEE3endEv
FN:409,_ZNSt3mapINSt7__cxx1112basic_stringIcSt11char_traitsIcESaIcEEESt6vectorIS5_SaIS5_EESt4lessIS5_ESaISt4pairIKS5_S8_EEE3endEv
FNDA:1116,_ZNSt3mapINSt7__cxx1112basic_stringIcSt11char_traitsIcESaIcEEESt6vectorIS5_SaIS5_EESt4lessIS5_ESaISt4pairIKS5_S8_EEE3endEv
FN:547,_ZNSt3mapINSt7__cxx1112basic_stringIcSt11char_traitsIcESaIcEEES_IS5_St6vectorIS5_SaIS5_EESt4lessIS5_ESaISt4pairIKS5_S8_EEESA_SaISB_ISC_SF_EEEixEOS5_
FNDA:20,_ZNSt3mapINSt7__cxx1112basic_stringIcSt11char_traitsIcESaIcEEES_IS5_St6vectorIS5_SaIS5_EESt4lessIS5_ESaISt4pairIKS5_S8_EEESA_SaISB_ISC_SF_EEEixEOS5_
FN:547,_ZNSt3mapINSt7__cxx1112basic_stringIcSt11char_traitsIcESaIcEEESt6vectorIS5_SaIS5_EESt4lessIS5_ESaISt4pairIKS5_S8_EEEixEOS5_
FNDA:1116,_ZNSt3mapINSt7__cxx1112basic_stringIcSt11char_traitsIcESaIcEEESt6vectorIS5_SaIS5_EESt4lessIS5_ESaISt4pairIKS5_S8_EEEixEOS5_
FN:1232,_ZNKSt3mapINSt7__cxx1112basic_stringIcSt11char_traitsIcESaIcEEES_IS5_St6vectorIS5_SaIS5_EESt4lessIS5_ESaISt4pairIKS5_S8_EEESA_SaISB_ISC_SF_EEE8key_compEv
FNDA:33,_ZNKSt3mapINSt7__cxx1112basic_stringIcSt11char_traitsIcESaIcEEES_IS5_St6vectorIS5_SaIS5_EESt4lessIS5_ESaISt4pairIKS5_S8_EEESA_SaISB_ISC_SF_EEE8key_compEv
FN:1232,_ZNKSt3mapINSt7__cxx1112basic_stringIcSt11char_traitsIcESaIcEEESt6vectorIS5_SaIS5_EESt4lessIS5_ESaISt4pairIKS5_S8_EEE8key_compEv
FNDA:1205,_ZNKSt3mapINSt7__cxx1112basic_stringIcSt11char_traitsIcESaIcEEESt6vectorIS5_SaIS5_EESt4lessIS5_ESaISt4pairIKS5_S8_EEE8key_compEv
FN:1348,_ZNSt3mapINSt7__cxx1112basic_stringIcSt11char_traitsIcESaIcEEES_IS5_St6vectorIS5_SaIS5_EESt4lessIS5_ESaISt4pairIKS5_S8_EEESA_SaISB_ISC_SF_EEE11lower_boundERSC_
FNDA:35,_ZNSt3mapINSt7__cxx1112basic_stringIcSt11char_traitsIcESaIcEEES_IS5_St6vectorIS5_SaIS5_EESt4lessIS5_ESaISt4pairIKS5_S8_EEESA_SaISB_ISC_SF_EEE11lower_boundERSC_
FN:1348,_ZNSt3mapINSt7__cxx1112basic_stringIcSt11char_traitsIcESaIcEEESt6vectorIS5_SaIS5_EESt4lessIS5_ESaISt4pairIKS5_S8_EEE11lower_boundERSC_
FNDA:1116,_ZNSt3mapINSt7__cxx1112basic_stringIcSt11char_traitsIcESaIcEEESt6vectorIS5_SaIS5_EESt4lessIS5_ESaISt4pairIKS5_S8_EEE11lower_boundERSC_
DA:200,1
DA:200,7
DA:337,0
DA:337,0
DA:409,72
DA:410,72
DA:409,1116
DA:410,1116
DA:547,20
DA:552,20
BRDA:552,0,0,20
BRDA:552,0,1,0
DA:554,20
BRDA:554,0,0,18
BRDA:554,0,1,2
BRDA:554,0,2,18
BRDA:554,0,3,0
BRDA:554,0,4,3
BRDA:554,0,5,15
BRDA:554,0,6,5
BRDA:554,0,7,15
DA:555,10
BRDA:555,0,0,5
BRDA:555,0,1,0
DA:556,5
DA:557,5
DA:558,40
DA:547,1116
DA:552,1116
BRDA:552,0,0,1116
BRDA:552,0,1,0
DA:554,1116
BRDA:554,0,0,1100
BRDA:554,0,1,16
BRDA:554,0,2,1100
BRDA:554,0,3,0
BRDA:554,0,4,9
BRDA:554,0,5,1091
BRDA:554,0,6,25
BRDA:554,0,7,1091
DA:555,50
BRDA:555,0,0,25
BRDA:555,0,1,0
DA:556,25
DA:557,25
DA:558,2232
DA:1232,33
DA:1233,33
DA:1232,1205
DA:1233,1205
DA:1348,35
DA:1349,35
DA:1348,1116
DA:1349,1116
end_of_record
SF:D:\mingw64\include\c++\15.2.0\bits\cpp_type_traits.h
FN:698,_ZSt12__miter_baseIPKNSt7__cxx1112basic_stringIcSt11char_traitsIcESaIcEEEET_S8_
FNDA:0,_ZSt12__miter_baseIPKNSt7__cxx1112basic_stringIcSt11char_traitsIcESaIcEEEET_S8_
DA:698,0
DA:699,0
end_of_record
SF:D:\mingw64\include\c++\15.2.0\bits\stl_tree.h
FN:134,_ZNKSt18_Rb_tree_node_base11_M_base_ptrEv
FNDA:0,_ZNKSt18_Rb_tree_node_base11_M_base_ptrEv
FN:144,_ZNSt20_Rb_tree_key_compareISt4lessINSt7__cxx1112basic_stringIcSt11char_traitsIcESaIcEEEEEC2Ev
FNDA:45,_ZNSt20_Rb_tree_key_compareISt4lessINSt7__cxx1112basic_stringIcSt11char_traitsIcESaIcEEEEEC2Ev
FN:171,_ZNSt15_Rb_tree_headerC2Ev
FNDA:52,_ZNSt15_Rb_tree_headerC2Ev
FN:204,_ZNSt15_Rb_tree_header8_M_resetEv
FNDA:60,_ZNSt15_Rb_tree_header8_M_resetEv
FN:230,_ZNSt13_Rb_tree_nodeISt4pairIKNSt7__cxx1112basic_stringIcSt11char_traitsIcESaIcEEESt6vectorIS6_SaIS6_EEEE9_M_valptrEv
FNDA:2241,_ZNSt13_Rb_tree_nodeISt4pairIKNSt7__cxx1112basic_stringIcSt11char_traitsIcESaIcEEESt6vectorIS6_SaIS6_EEEE9_M_valptrEv
FN:230,_ZNSt13_Rb_tree_nodeISt4pairIKNSt7__cxx1112basic_stringIcSt11char_traitsIcESaIcEEESt3mapIS6_St6vectorIS6_SaIS6_EESt4lessIS6_ESaIS0_IS7_SB_EEEEE9_M_valptrEv
FNDA:258,_ZNSt13_Rb_tree_nodeISt4pairIKNSt7__cxx1112basic_stringIcSt11char_traitsIcESaIcEEESt3mapIS6_St6vectorIS6_SaIS6_EESt4lessIS6_ESaIS0_IS7_SB_EEEEE9_M_valptrEv
FN:234,_ZNKSt13_Rb_tree_nodeISt4pairIKNSt7__cxx1112basic_stringIcSt11char_traitsIcESaIcEEESt6vectorIS6_SaIS6_EEEE9_M_valptrEv
FNDA:2151,_ZNKSt13_Rb_tree_nodeISt4pairIKNSt7__cxx1112basic_stringIcSt11char_traitsIcESaIcEEESt6vectorIS6_SaIS6_EEEE9_M_valptrEv
FN:234,_ZNKSt13_Rb_tree_nodeISt4pairIKNSt7__cxx1112basic_stringIcSt11char_traitsIcESaIcEEESt3mapIS6_St6vectorIS6_SaIS6_EESt4lessIS6_ESaIS0_IS7_SB_EEEEE9_M_valptrEv
FNDA:147,_ZNKSt13_Rb_tree_nodeISt4pairIKNSt7__cxx1112basic_stringIcSt11char_traitsIcESaIcEEESt3mapIS6_St6vectorIS6_SaIS6_EESt4lessIS6_ESaIS0_IS7_SB_EEEEE9_M_valptrEv
FN:239,_ZNSt13_Rb_tree_nodeISt4pairIKNSt7__cxx1112basic_stringIcSt11char_traitsIcESaIcEEESt3mapIS6_St6vectorIS6_SaIS6_EESt4lessIS6_ESaIS0_IS7_SB_EEEEE11_M_node_ptrEv
FNDA:0,_ZNSt13_Rb_tree_nodeISt4pairIKNSt7__cxx1112basic_stringIcSt11char_traitsIcESaIcEEESt3mapIS6_St6vectorIS6_SaIS6_EESt4lessIS6_ESaIS0_IS7_SB_EEEEE11_M_node_ptrEv
FN:239,_ZNSt13_Rb_tree_nodeISt4pairIKNSt7__cxx1112basic_stringIcSt11char_traitsIcESaIcEEESt6vectorIS6_SaIS6_EEEE11_M_node_ptrEv
FNDA:0,_ZNSt13_Rb_tree_nodeISt4pairIKNSt7__cxx1112basic_stringIcSt11char_traitsIcESaIcEEESt6vectorIS6_SaIS6_EEEE11_M_node_ptrEv
FN:388,_ZNSt17_Rb_tree_iteratorISt4pairIKNSt7__cxx1112basic_stringIcSt11char_traitsIcESaIcEEESt3mapIS6_St6vectorIS6_SaIS6_EESt4lessIS6_ESaIS0_IS7_SB_EEEEEC1EPSt18_Rb_tree_node_base
FNDA:154,_ZNSt17_Rb_tree_iteratorISt4pairIKNSt7__cxx1112basic_stringIcSt11char_traitsIcESaIcEEESt3mapIS6_St6vectorIS6_SaIS6_EESt4lessIS6_ESaIS0_IS7_SB_EEEEEC1EPSt18_Rb_tree_node_base
FN:388,_ZNSt17_Rb_tree_iteratorISt4pairIKNSt7__cxx1112basic_stringIcSt11char_traitsIcESaIcEEESt6vectorIS6_SaIS6_EEEEC1EPSt18_Rb_tree_node_base
FNDA:2280,_ZNSt17_Rb_tree_iteratorISt4pairIKNSt7__cxx1112basic_stringIcSt11char_traitsIcESaIcEEESt6vectorIS6_SaIS6_EEEEC1EPSt18_Rb_tree_node_base
FN:392,_ZNKSt17_Rb_tree_iteratorISt4pairIKNSt7__cxx1112basic_stringIcSt11char_traitsIcESaIcEEESt6vectorIS6_SaIS6_EEEEdeEv
FNDA:2216,_ZNKSt17_Rb_tree_iteratorISt4pairIKNSt7__cxx1112basic_stringIcSt11char_traitsIcESaIcEEESt6vectorIS6_SaIS6_EEEEdeEv
FN:392,_ZNKSt17_Rb_tree_iteratorISt4pairIKNSt7__cxx1112basic_stringIcSt11char_traitsIcESaIcEEESt3mapIS6_St6vectorIS6_SaIS6_EESt4lessIS6_ESaIS0_IS7_SB_EEEEEdeEv
FNDA:253,_ZNKSt17_Rb_tree_iteratorISt4pairIKNSt7__cxx1112basic_stringIcSt11char_traitsIcESaIcEEESt3mapIS6_St6vectorIS6_SaIS6_EESt4lessIS6_ESaIS0_IS7_SB_EEEEEdeEv
FN:400,_ZNSt17_Rb_tree_iteratorISt4pairIKNSt7__cxx1112basic_stringIcSt11char_traitsIcESaIcEEESt6vectorIS6_SaIS6_EEEEppEv
FNDA:0,_ZNSt17_Rb_tree_iteratorISt4pairIKNSt7__cxx1112basic_stringIcSt11char_traitsIcESaIcEEESt6vectorIS6_SaIS6_EEEEppEv
FN:400,_ZNSt17_Rb_tree_iteratorISt4pairIKNSt7__cxx1112basic_stringIcSt11char_traitsIcESaIcEEESt3mapIS6_St6vectorIS6_SaIS6_EESt4lessIS6_ESaIS0_IS7_SB_EEEEEppEv
FNDA:185,_ZNSt17_Rb_tree_iteratorISt4pairIKNSt7__cxx1112basic_stringIcSt11char_traitsIcESaIcEEESt3mapIS6_St6vectorIS6_SaIS6_EESt4lessIS6_ESaIS0_IS7_SB_EEEEEppEv
FN:415,_ZNSt17_Rb_tree_iteratorISt4pairIKNSt7__cxx1112basic_stringIcSt11char_traitsIcESaIcEEESt3mapIS6_St6vectorIS6_SaIS6_EESt4lessIS6_ESaIS0_IS7_SB_EEEEEmmEv
FNDA:2,_ZNSt17_Rb_tree_iteratorISt4pairIKNSt7__cxx1112basic_stringIcSt11char_traitsIcESaIcEEESt3mapIS6_St6vectorIS6_SaIS6_EESt4lessIS6_ESaIS0_IS7_SB_EEEEEmmEv
FN:415,_ZNSt17_Rb_tree_iteratorISt4pairIKNSt7__cxx1112basic_stringIcSt11char_traitsIcESaIcEEESt6vectorIS6_SaIS6_EEEEmmEv
FNDA:4,_ZNSt17_Rb_tree_iteratorISt4pairIKNSt7__cxx1112basic_stringIcSt11char_traitsIcESaIcEEESt6vectorIS6_SaIS6_EEEEmmEv
FN:430,_ZSteqRKSt17_Rb_tree_iteratorISt4pairIKNSt7__cxx1112basic_stringIcSt11char_traitsIcESaIcEEESt3mapIS6_St6vectorIS6_SaIS6_EESt4lessIS6_ESaIS0_IS7_SB_EEEEESK_
FNDA:36,_ZSteqRKSt17_Rb_tree_iteratorISt4pairIKNSt7__cxx1112basic_stringIcSt11char_traitsIcESaIcEEESt3mapIS6_St6vectorIS6_SaIS6_EESt4lessIS6_ESaIS0_IS7_SB_EEEEESK_
FN:430,_ZSteqRKSt17_Rb_tree_iteratorISt4pairIKNSt7__cxx1112basic_stringIcSt11char_traitsIcESaIcEEESt6vectorIS6_SaIS6_EEEESE_
FNDA:1123,_ZSteqRKSt17_Rb_tree_iteratorISt4pairIKNSt7__cxx1112basic_stringIcSt11char_traitsIcESaIcEEESt6vectorIS6_SaIS6_EEEESE_
FN:466,_ZNSt23_Rb_tree_const_iteratorISt4pairIKNSt7__cxx1112basic_stringIcSt11char_traitsIcESaIcEEESt3mapIS6_St6vectorIS6_SaIS6_EESt4lessIS6_ESaIS0_IS7_SB_EEEEEC1ERKSt17_Rb_tree_iteratorISH_E
FNDA:5,_ZNSt23_Rb_tree_const_iteratorISt4pairIKNSt7__cxx1112basic_stringIcSt11char_traitsIcESaIcEEESt3mapIS6_St6vectorIS6_SaIS6_EESt4lessIS6_ESaIS0_IS7_SB_EEEEEC1ERKSt17_Rb_tree_iteratorISH_E
FN:466,_ZNSt23_Rb_tree_const_iteratorISt4pairIKNSt7__cxx1112basic_stringIcSt11char_traitsIcESaIcEEESt6vectorIS6_SaIS6_EEEEC1ERKSt17_Rb_tree_iteratorISB_E
FNDA:25,_ZNSt23_Rb_tree_const_iteratorISt4pairIKNSt7__cxx1112basic_stringIcSt11char_traitsIcESaIcEEESt6vectorIS6_SaIS6_EEEEC1ERKSt17_Rb_tree_iteratorISB_E
FN:689,_ZNSt9__rb_tree12_Node_traitsISt4pairIKNSt7__cxx1112basic_stringIcSt11char_traitsIcESaIcEEESt3mapIS7_St6vectorIS7_SaIS7_EESt4lessIS7_ESaIS1_IS8_SC_EEEEPSI_E23_S_insert_and_rebalanceEbPSt18_Rb_tree_node_baseSM_RSL_
FNDA:5,_ZNSt9__rb_tree12_Node_traitsISt4pairIKNSt7__cxx1112basic_stringIcSt11char_traitsIcESaIcEEESt3mapIS7_St6vectorIS7_SaIS7_EESt4lessIS7_ESaIS1_IS8_SC_EEEEPSI_E23_S_insert_and_rebalanceEbPSt18_Rb_tree_node_baseSM_RSL_
FN:689,_ZNSt9__rb_tree12_Node_traitsISt4pairIKNSt7__cxx1112basic_stringIcSt11char_traitsIcESaIcEEESt6vectorIS7_SaIS7_EEEPSC_E23_S_insert_and_rebalanceEbPSt18_Rb_tree_node_baseSG_RSF_
FNDA:25,_ZNSt9__rb_tree12_Node_traitsISt4pairIKNSt7__cxx1112basic_stringIcSt11char_traitsIcESaIcEEESt6vectorIS7_SaIS7_EEEPSC_E23_S_insert_and_rebalanceEbPSt18_Rb_tree_node_baseSG_RSF_
FN:1154,_ZNSt8_Rb_treeINSt7__cxx1112basic_stringIcSt11char_traitsIcESaIcEEESt4pairIKS5_St3mapIS5_St6vectorIS5_SaIS5_EESt4lessIS5_ESaIS6_IS7_SB_EEEESt10_Select1stISH_ESD_SaISH_EE21_M_get_Node_allocatorEv
FNDA:10,_ZNSt8_Rb_treeINSt7__cxx1112basic_stringIcSt11char_traitsIcESaIcEEESt4pairIKS5_St3mapIS5_St6vectorIS5_SaIS5_EESt4lessIS5_ESaIS6_IS7_SB_EEEESt10_Select1stISH_ESD_SaISH_EE21_M_get_Node_allocatorEv
FN:1154,_ZNSt8_Rb_treeINSt7__cxx1112basic_stringIcSt11char_traitsIcESaIcEEESt4pairIKS5_St6vectorIS5_SaIS5_EEESt10_Select1stISB_ESt4lessIS5_ESaISB_EE21_M_get_Node_allocatorEv
FNDA:50,_ZNSt8_Rb_treeINSt7__cxx1112basic_stringIcSt11char_traitsIcESaIcEEESt4pairIKS5_St6vectorIS5_SaIS5_EEESt10_Select1stISB_ESt4lessIS5_ESaISB_EE21_M_get_Node_allocatorEv
FN:1167,_ZNSt8_Rb_treeINSt7__cxx1112basic_stringIcSt11char_traitsIcESaIcEEESt4pairIKS5_St6vectorIS5_SaIS5_EEESt10_Select1stISB_ESt4lessIS5_ESaISB_EE11_M_get_nodeEv
FNDA:25,_ZNSt8_Rb_treeINSt7__cxx1112basic_stringIcSt11char_traitsIcESaIcEEESt4pairIKS5_St6vectorIS5_SaIS5_EEESt10_Select1stISB_ESt4lessIS5_ESaISB_EE11_M_get_nodeEv
FN:1167,_ZNSt8_Rb_treeINSt7__cxx1112basic_stringIcSt11char_traitsIcESaIcEEESt4pairIKS5_St3mapIS5_St6vectorIS5_SaIS5_EESt4lessIS5_ESaIS6_IS7_SB_EEEESt10_Select1stISH_ESD_SaISH_EE11_M_get_nodeEv
FNDA:5,_ZNSt8_Rb_treeINSt7__cxx1112basic_stringIcSt11char_traitsIcESaIcEEESt4pairIKS5_St3mapIS5_St6vectorIS5_SaIS5_EESt4lessIS5_ESaIS6_IS7_SB_EEEESt10_Select1stISH_ESD_SaISH_EE11_M_get_nodeEv
FN:1188,_ZNSt8_Rb_treeINSt7__cxx1112basic_stringIcSt11char_traitsIcESaIcEEESt4pairIKS5_St3mapIS5_St6vectorIS5_SaIS5_EESt4lessIS5_ESaIS6_IS7_SB_EEEESt10_Select1stISH_ESD_SaISH_EE11_M_put_nodeEPSt13_Rb_tree_nodeISH_E
FNDA:0,_ZNSt8_Rb_treeINSt7__cxx1112basic_stringIcSt11char_traitsIcESaIcEEESt4pairIKS5_St3mapIS5_St6vectorIS5_SaIS5_EESt4lessIS5_ESaIS6_IS7_SB_EEEESt10_Select1stISH_ESD_SaISH_EE11_M_put_nodeEPSt13_Rb_tree_nodeISH_E
FN:1188,_ZNSt8_Rb_treeINSt7__cxx1112basic_stringIcSt11char_traitsIcESaIcEEESt4pairIKS5_St6vectorIS5_SaIS5_EEESt10_Select1stISB_ESt4lessIS5_ESaISB_EE11_M_put_nodeEPSt13_Rb_tree_nodeISB_E
FNDA:0,_ZNSt8_Rb_treeINSt7__cxx1112basic_stringIcSt11char_traitsIcESaIcEEESt4pairIKS5_St6vectorIS5_SaIS5_EEESt10_Select1stISB_ESt4lessIS5_ESaISB_EE11_M_put_nodeEPSt13_Rb_tree_nodeISB_E
FN:1232,_ZNSt8_Rb_treeINSt7__cxx1112basic_stringIcSt11char_traitsIcESaIcEEESt4pairIKS5_St6vectorIS5_SaIS5_EEESt10_Select1stISB_ESt4lessIS5_ESaISB_EE17_M_construct_nodeIJRKSt21piecewise_construct_tSt5tupleIJOS5_EESM_IJEEEEEvPSt13_Rb_tree_nodeISB_EDpOT_
FNDA:25,_ZNSt8_Rb_treeINSt7__cxx1112basic_stringIcSt11char_traitsIcESaIcEEESt4pairIKS5_St6vectorIS5_SaIS5_EEESt10_Select1stISB_ESt4lessIS5_ESaISB_EE17_M_construct_nodeIJRKSt21piecewise_construct_tSt5tupleIJOS5_EESM_IJEEEEEvPSt13_Rb_tree_nodeISB_EDpOT_
FN:1232,_ZNSt8_Rb_treeINSt7__cxx1112basic_stringIcSt11char_traitsIcESaIcEEESt4pairIKS5_St3mapIS5_St6vectorIS5_SaIS5_EESt4lessIS5_ESaIS6_IS7_SB_EEEESt10_Select1stISH_ESD_SaISH_EE17_M_construct_nodeIJRKSt21piecewise_construct_tSt5tupleIJOS5_EESQ_IJEEEEEvPSt13_Rb_tree_nodeISH_EDpOT_
FNDA:5,_ZNSt8_Rb_treeINSt7__cxx1112basic_stringIcSt11char_traitsIcESaIcEEESt4pairIKS5_St3mapIS5_St6vectorIS5_SaIS5_EESt4lessIS5_ESaIS6_IS7_SB_EEEESt10_Select1stISH_ESD_SaISH_EE17_M_construct_nodeIJRKSt21piecewise_construct_tSt5tupleIJOS5_EESQ_IJEEEEEvPSt13_Rb_tree_nodeISH_EDpOT_
FN:1251,_ZNSt8_Rb_treeINSt7__cxx1112basic_stringIcSt11char_traitsIcESaIcEEESt4pairIKS5_St3mapIS5_St6vectorIS5_SaIS5_EESt4lessIS5_ESaIS6_IS7_SB_EEEESt10_Select1stISH_ESD_SaISH_EE14_M_create_nodeIJRKSt21piecewise_construct_tSt5tupleIJOS5_EESQ_IJEEEEEPSt13_Rb_tree_nodeISH_EDpOT_
FNDA:5,_ZNSt8_Rb_treeINSt7__cxx1112basic_stringIcSt11char_traitsIcESaIcEEESt4pairIKS5_St3mapIS5_St6vectorIS5_SaIS5_EESt4lessIS5_ESaIS6_IS7_SB_EEEESt10_Select1stISH_ESD_SaISH_EE14_M_create_nodeIJRKSt21piecewise_construct_tSt5tupleIJOS5_EESQ_IJEEEEEPSt13_Rb_tree_nodeISH_EDpOT_
FN:1251,_ZNSt8_Rb_treeINSt7__cxx1112basic_stringIcSt11char_traitsIcESaIcEEESt4pairIKS5_St6vectorIS5_SaIS5_EEESt10_Select1stISB_ESt4lessIS5_ESaISB_EE14_M_create_nodeIJRKSt21piecewise_construct_tSt5tupleIJOS5_EESM_IJEEEEEPSt13_Rb_tree_nodeISB_EDpOT_
FNDA:25,_ZNSt8_Rb_treeINSt7__cxx1112basic_stringIcSt11char_traitsIcESaIcEEESt4pairIKS5_St6vectorIS5_SaIS5_EEESt10_Select1stISB_ESt4lessIS5_ESaISB_EE14_M_create_nodeIJRKSt21piecewise_construct_tSt5tupleIJOS5_EESM_IJEEEEEPSt13_Rb_tree_nodeISB_EDpOT_
FN:1260,_ZNSt8_Rb_treeINSt7__cxx1112basic_stringIcSt11char_traitsIcESaIcEEESt4pairIKS5_St3mapIS5_St6vectorIS5_SaIS5_EESt4lessIS5_ESaIS6_IS7_SB_EEEESt10_Select1stISH_ESD_SaISH_EE15_M_destroy_nodeEPSt13_Rb_tree_nodeISH_E
FNDA:0,_ZNSt8_Rb_treeINSt7__cxx1112basic_stringIcSt11char_traitsIcESaIcEEESt4pairIKS5_St3mapIS5_St6vectorIS5_SaIS5_EESt4lessIS5_ESaIS6_IS7_SB_EEEESt10_Select1stISH_ESD_SaISH_EE15_M_destroy_nodeEPSt13_Rb_tree_nodeISH_E
FN:1260,_ZNSt8_Rb_treeINSt7__cxx1112basic_stringIcSt11char_traitsIcESaIcEEESt4pairIKS5_St6vectorIS5_SaIS5_EEESt10_Select1stISB_ESt4lessIS5_ESaISB_EE15_M_destroy_nodeEPSt13_Rb_tree_nodeISB_E
FNDA:0,_ZNSt8_Rb_treeINSt7__cxx1112basic_stringIcSt11char_traitsIcESaIcEEESt4pairIKS5_St6vectorIS5_SaIS5_EEESt10_Select1stISB_ESt4lessIS5_ESaISB_EE15_M_destroy_nodeEPSt13_Rb_tree_nodeISB_E
FN:1271,_ZNSt8_Rb_treeINSt7__cxx1112basic_stringIcSt11char_traitsIcESaIcEEESt4pairIKS5_St3mapIS5_St6vectorIS5_SaIS5_EESt4lessIS5_ESaIS6_IS7_SB_EEEESt10_Select1stISH_ESD_SaISH_EE12_M_drop_nodeEPSt13_Rb_tree_nodeISH_E
FNDA:0,_ZNSt8_Rb_treeINSt7__cxx1112basic_stringIcSt11char_traitsIcESaIcEEESt4pairIKS5_St3mapIS5_St6vectorIS5_SaIS5_EESt4lessIS5_ESaIS6_IS7_SB_EEEESt10_Select1stISH_ESD_SaISH_EE12_M_drop_nodeEPSt13_Rb_tree_nodeISH_E
FN:1271,_ZNSt8_Rb_treeINSt7__cxx1112basic_stringIcSt11char_traitsIcESaIcEEESt4pairIKS5_St6vectorIS5_SaIS5_EEESt10_Select1stISB_ESt4lessIS5_ESaISB_EE12_M_drop_nodeEPSt13_Rb_tree_nodeISB_E
FNDA:0,_ZNSt8_Rb_treeINSt7__cxx1112basic_stringIcSt11char_traitsIcESaIcEEESt4pairIKS5_St6vectorIS5_SaIS5_EEESt10_Select1stISB_ESt4lessIS5_ESaISB_EE12_M_drop_nodeEPSt13_Rb_tree_nodeISB_E
FN:1310,_ZNSt8_Rb_treeINSt7__cxx1112basic_stringIcSt11char_traitsIcESaIcEEESt4pairIKS5_St3mapIS5_St6vectorIS5_SaIS5_EESt4lessIS5_ESaIS6_IS7_SB_EEEESt10_Select1stISH_ESD_SaISH_EE13_Rb_tree_implISD_Lb1EEC1Ev
FNDA:1,_ZNSt8_Rb_treeINSt7__cxx1112basic_stringIcSt11char_traitsIcESaIcEEESt4pairIKS5_St3mapIS5_St6vectorIS5_SaIS5_EESt4lessIS5_ESaIS6_IS7_SB_EEEESt10_Select1stISH_ESD_SaISH_EE13_Rb_tree_implISD_Lb1EEC1Ev
FN:1310,_ZNSt8_Rb_treeINSt7__cxx1112basic_stringIcSt11char_traitsIcESaIcEEESt4pairIKS5_St6vectorIS5_SaIS5_EEESt10_Select1stISB_ESt4lessIS5_ESaISB_EE13_Rb_tree_implISF_Lb1EEC1Ev
FNDA:7,_ZNSt8_Rb_treeINSt7__cxx1112basic_stringIcSt11char_traitsIcESaIcEEESt4pairIKS5_St6vectorIS5_SaIS5_EEESt10_Select1stISB_ESt4lessIS5_ESaISB_EE13_Rb_tree_implISF_Lb1EEC1Ev
FN:1361,_ZNSt8_Rb_treeINSt7__cxx1112basic_stringIcSt11char_traitsIcESaIcEEESt4pairIKS5_St3mapIS5_St6vectorIS5_SaIS5_EESt4lessIS5_ESaIS6_IS7_SB_EEEESt10_Select1stISH_ESD_SaISH_EE11_M_leftmostEv
FNDA:5,_ZNSt8_Rb_treeINSt7__cxx1112basic_stringIcSt11char_traitsIcESaIcEEESt4pairIKS5_St3mapIS5_St6vectorIS5_SaIS5_EESt4lessIS5_ESaIS6_IS7_SB_EEEESt10_Select1stISH_ESD_SaISH_EE11_M_leftmostEv
FN:1361,_ZNSt8_Rb_treeINSt7__cxx1112basic_stringIcSt11char_traitsIcESaIcEEESt4pairIKS5_St6vectorIS5_SaIS5_EEESt10_Select1stISB_ESt4lessIS5_ESaISB_EE11_M_leftmostEv
FNDA:19,_ZNSt8_Rb_treeINSt7__cxx1112basic_stringIcSt11char_traitsIcESaIcEEESt4pairIKS5_St6vectorIS5_SaIS5_EEESt10_Select1stISB_ESt4lessIS5_ESaISB_EE11_M_leftmostEv
FN:1369,_ZNSt8_Rb_treeINSt7__cxx1112basic_stringIcSt11char_traitsIcESaIcEEESt4pairIKS5_St6vectorIS5_SaIS5_EEESt10_Select1stISB_ESt4lessIS5_ESaISB_EE12_M_rightmostEv
FNDA:18,_ZNSt8_Rb_treeINSt7__cxx1112basic_stringIcSt11char_traitsIcESaIcEEESt4pairIKS5_St6vectorIS5_SaIS5_EEESt10_Select1stISB_ESt4lessIS5_ESaISB_EE12_M_rightmostEv
FN:1369,_ZNSt8_Rb_treeINSt7__cxx1112basic_stringIcSt11char_traitsIcESaIcEEESt4pairIKS5_St3mapIS5_St6vectorIS5_SaIS5_EESt4lessIS5_ESaIS6_IS7_SB_EEEESt10_Select1stISH_ESD_SaISH_EE12_M_rightmostEv
FNDA:2,_ZNSt8_Rb_treeINSt7__cxx1112basic_stringIcSt11char_traitsIcESaIcEEESt4pairIKS5_St3mapIS5_St6vectorIS5_SaIS5_EESt4lessIS5_ESaIS6_IS7_SB_EEEESt10_Select1stISH_ESD_SaISH_EE12_M_rightmostEv
FN:1377,_ZNKSt8_Rb_treeINSt7__cxx1112basic_stringIcSt11char_traitsIcESaIcEEESt4pairIKS5_St6vectorIS5_SaIS5_EEESt10_Select1stISB_ESt4lessIS5_ESaISB_EE8_M_beginEv
FNDA:1333,_ZNKSt8_Rb_treeINSt7__cxx1112basic_stringIcSt11char_traitsIcESaIcEEESt4pairIKS5_St6vectorIS5_SaIS5_EEESt10_Select1stISB_ESt4lessIS5_ESaISB_EE8_M_beginEv
FN:1377,_ZNKSt8_Rb_treeINSt7__cxx1112basic_stringIcSt11char_traitsIcESaIcEEESt4pairIKS5_St3mapIS5_St6vectorIS5_SaIS5_EESt4lessIS5_ESaIS6_IS7_SB_EEEESt10_Select1stISH_ESD_SaISH_EE8_M_beginEv
FNDA:53,_ZNKSt8_Rb_treeINSt7__cxx1112basic_stringIcSt11char_traitsIcESaIcEEESt4pairIKS5_St3mapIS5_St6vectorIS5_SaIS5_EESt4lessIS5_ESaIS6_IS7_SB_EEEESt10_Select1stISH_ESD_SaISH_EE8_M_beginEv
FN:1381,_ZNKSt8_Rb_treeINSt7__cxx1112basic_stringIcSt11char_traitsIcESaIcEEESt4pairIKS5_St6vectorIS5_SaIS5_EEESt10_Select1stISB_ESt4lessIS5_ESaISB_EE13_M_begin_nodeEv
FNDA:0,_ZNKSt8_Rb_treeINSt7__cxx1112basic_stringIcSt11char_traitsIcESaIcEEESt4pairIKS5_St6vectorIS5_SaIS5_EEESt10_Select1stISB_ESt4lessIS5_ESaISB_EE13_M_begin_nodeEv
FN:1381,_ZNKSt8_Rb_treeINSt7__cxx1112basic_stringIcSt11char_traitsIcESaIcEEESt4pairIKS5_St3mapIS5_St6vectorIS5_SaIS5_EESt4lessIS5_ESaIS6_IS7_SB_EEEESt10_Select1stISH_ESD_SaISH_EE13_M_begin_nodeEv
FNDA:0,_ZNKSt8_Rb_treeINSt7__cxx1112basic_stringIcSt11char_traitsIcESaIcEEESt4pairIKS5_St3mapIS5_St6vectorIS5_SaIS5_EESt4lessIS5_ESaIS6_IS7_SB_EEEESt10_Select1stISH_ESD_SaISH_EE13_M_begin_nodeEv
FN:1390,_ZNKSt8_Rb_treeINSt7__cxx1112basic_stringIcSt11char_traitsIcESaIcEEESt4pairIKS5_St6vectorIS5_SaIS5_EEESt10_Select1stISB_ESt4lessIS5_ESaISB_EE6_M_endEv
FNDA:2843,_ZNKSt8_Rb_treeINSt7__cxx1112basic_stringIcSt11char_traitsIcESaIcEEESt4pairIKS5_St6vectorIS5_SaIS5_EEESt10_Select1stISB_ESt4lessIS5_ESaISB_EE6_M_endEv
FN:1390,_ZNKSt8_Rb_treeINSt7__cxx1112basic_stringIcSt11char_traitsIcESaIcEEESt4pairIKS5_St3mapIS5_St6vectorIS5_SaIS5_EESt4lessIS5_ESaIS6_IS7_SB_EEEESt10_Select1stISH_ESD_SaISH_EE6_M_endEv
FNDA:168,_ZNKSt8_Rb_treeINSt7__cxx1112basic_stringIcSt11char_traitsIcESaIcEEESt4pairIKS5_St3mapIS5_St6vectorIS5_SaIS5_EESt4lessIS5_ESaIS6_IS7_SB_EEEESt10_Select1stISH_ESD_SaISH_EE6_M_endEv
FN:1394,_ZNSt8_Rb_treeINSt7__cxx1112basic_stringIcSt11char_traitsIcESaIcEEESt4pairIKS5_St3mapIS5_St6vectorIS5_SaIS5_EESt4lessIS5_ESaIS6_IS7_SB_EEEESt10_Select1stISH_ESD_SaISH_EE6_S_keyERKSt13_Rb_tree_nodeISH_E
FNDA:147,_ZNSt8_Rb_treeINSt7__cxx1112basic_stringIcSt11char_traitsIcESaIcEEESt4pairIKS5_St3mapIS5_St6vectorIS5_SaIS5_EESt4lessIS5_ESaIS6_IS7_SB_EEEESt10_Select1stISH_ESD_SaISH_EE6_S_keyERKSt13_Rb_tree_nodeISH_E
FN:1394,_ZNSt8_Rb_treeINSt7__cxx1112basic_stringIcSt11char_traitsIcESaIcEEESt4pairIKS5_St6vectorIS5_SaIS5_EEESt10_Select1stISB_ESt4lessIS5_ESaISB_EE6_S_keyERKSt13_Rb_tree_nodeISB_E
FNDA:1837,_ZNSt8_Rb_treeINSt7__cxx1112basic_stringIcSt11char_traitsIcESaIcEEESt4pairIKS5_St6vectorIS5_SaIS5_EEESt10_Select1stISB_ESt4lessIS5_ESaISB_EE6_S_keyERKSt13_Rb_tree_nodeISB_E
FN:1416,_ZNSt8_Rb_treeINSt7__cxx1112basic_stringIcSt11char_traitsIcESaIcEEESt4pairIKS5_St6vectorIS5_SaIS5_EEESt10_Select1stISB_ESt4lessIS5_ESaISB_EE6_S_keyEPSt18_Rb_tree_node_base
FNDA:1800,_ZNSt8_Rb_treeINSt7__cxx1112basic_stringIcSt11char_traitsIcESaIcEEESt4pairIKS5_St6vectorIS5_SaIS5_EEESt10_Select1stISB_ESt4lessIS5_ESaISB_EE6_S_keyEPSt18_Rb_tree_node_base
FN:1416,_ZNSt8_Rb_treeINSt7__cxx1112basic_stringIcSt11char_traitsIcESaIcEEESt4pairIKS5_St3mapIS5_St6vectorIS5_SaIS5_EESt4lessIS5_ESaIS6_IS7_SB_EEEESt10_Select1stISH_ESD_SaISH_EE6_S_keyEPSt18_Rb_tree_node_base
FNDA:141,_ZNSt8_Rb_treeINSt7__cxx1112basic_stringIcSt11char_traitsIcESaIcEEESt4pairIKS5_St3mapIS5_St6vectorIS5_SaIS5_EESt4lessIS5_ESaIS6_IS7_SB_EEEESt10_Select1stISH_ESD_SaISH_EE6_S_keyEPSt18_Rb_tree_node_base
FN:1420,_ZNSt8_Rb_treeINSt7__cxx1112basic_stringIcSt11char_traitsIcESaIcEEESt4pairIKS5_St3mapIS5_St6vectorIS5_SaIS5_EESt4lessIS5_ESaIS6_IS7_SB_EEEESt10_Select1stISH_ESD_SaISH_EE6_S_keyEPSt13_Rb_tree_nodeISH_E
FNDA:6,_ZNSt8_Rb_treeINSt7__cxx1112basic_stringIcSt11char_traitsIcESaIcEEESt4pairIKS5_St3mapIS5_St6vectorIS5_SaIS5_EESt4lessIS5_ESaIS6_IS7_SB_EEEESt10_Select1stISH_ESD_SaISH_EE6_S_keyEPSt13_Rb_tree_nodeISH_E
FN:1420,_ZNSt8_Rb_treeINSt7__cxx1112basic_stringIcSt11char_traitsIcESaIcEEESt4pairIKS5_St6vectorIS5_SaIS5_EEESt10_Select1stISB_ESt4lessIS5_ESaISB_EE6_S_keyEPSt13_Rb_tree_nodeISB_E
FNDA:37,_ZNSt8_Rb_treeINSt7__cxx1112basic_stringIcSt11char_traitsIcESaIcEEESt4pairIKS5_St6vectorIS5_SaIS5_EEESt10_Select1stISB_ESt4lessIS5_ESaISB_EE6_S_keyEPSt13_Rb_tree_nodeISB_E
FN:1424,_ZNSt8_Rb_treeINSt7__cxx1112basic_stringIcSt11char_traitsIcESaIcEEESt4pairIKS5_St3mapIS5_St6vectorIS5_SaIS5_EESt4lessIS5_ESaIS6_IS7_SB_EEEESt10_Select1stISH_ESD_SaISH_EE7_S_leftEPSt18_Rb_tree_node_base
FNDA:65,_ZNSt8_Rb_treeINSt7__cxx1112basic_stringIcSt11char_traitsIcESaIcEEESt4pairIKS5_St3mapIS5_St6vectorIS5_SaIS5_EESt4lessIS5_ESaIS6_IS7_SB_EEEESt10_Select1stISH_ESD_SaISH_EE7_S_leftEPSt18_Rb_tree_node_base
FN:1424,_ZNSt8_Rb_treeINSt7__cxx1112basic_stringIcSt11char_traitsIcESaIcEEESt4pairIKS5_St6vectorIS5_SaIS5_EEESt10_Select1stISB_ESt4lessIS5_ESaISB_EE7_S_leftEPSt18_Rb_tree_node_base
FNDA:1396,_ZNSt8_Rb_treeINSt7__cxx1112basic_stringIcSt11char_traitsIcESaIcEEESt4pairIKS5_St6vectorIS5_SaIS5_EEESt10_Select1stISB_ESt4lessIS5_ESaISB_EE7_S_leftEPSt18_Rb_tree_node_base
FN:1428,_ZNSt8_Rb_treeINSt7__cxx1112basic_stringIcSt11char_traitsIcESaIcEEESt4pairIKS5_St6vectorIS5_SaIS5_EEESt10_Select1stISB_ESt4lessIS5_ESaISB_EE7_S_leftEPSt13_Rb_tree_nodeISB_E
FNDA:0,_ZNSt8_Rb_treeINSt7__cxx1112basic_stringIcSt11char_traitsIcESaIcEEESt4pairIKS5_St6vectorIS5_SaIS5_EEESt10_Select1stISB_ESt4lessIS5_ESaISB_EE7_S_leftEPSt13_Rb_tree_nodeISB_E
FN:1428,_ZNSt8_Rb_treeINSt7__cxx1112basic_stringIcSt11char_traitsIcESaIcEEESt4pairIKS5_St3mapIS5_St6vectorIS5_SaIS5_EESt4lessIS5_ESaIS6_IS7_SB_EEEESt10_Select1stISH_ESD_SaISH_EE7_S_leftEPSt13_Rb_tree_nodeISH_E
FNDA:0,_ZNSt8_Rb_treeINSt7__cxx1112basic_stringIcSt11char_traitsIcESaIcEEESt4pairIKS5_St3mapIS5_St6vectorIS5_SaIS5_EESt4lessIS5_ESaIS6_IS7_SB_EEEESt10_Select1stISH_ESD_SaISH_EE7_S_leftEPSt13_Rb_tree_nodeISH_E
FN:1436,_ZNSt8_Rb_treeINSt7__cxx1112basic_stringIcSt11char_traitsIcESaIcEEESt4pairIKS5_St3mapIS5_St6vectorIS5_SaIS5_EESt4lessIS5_ESaIS6_IS7_SB_EEEESt10_Select1stISH_ESD_SaISH_EE8_S_rightEPSt18_Rb_tree_node_base
FNDA:54,_ZNSt8_Rb_treeINSt7__cxx1112basic_stringIcSt11char_traitsIcESaIcEEESt4pairIKS5_St3mapIS5_St6vectorIS5_SaIS5_EESt4lessIS5_ESaIS6_IS7_SB_EEEESt10_Select1stISH_ESD_SaISH_EE8_S_rightEPSt18_Rb_tree_node_base
FN:1436,_ZNSt8_Rb_treeINSt7__cxx1112basic_stringIcSt11char_traitsIcESaIcEEESt4pairIKS5_St6vectorIS5_SaIS5_EEESt10_Select1stISB_ESt4lessIS5_ESaISB_EE8_S_rightEPSt18_Rb_tree_node_base
FNDA:269,_ZNSt8_Rb_treeINSt7__cxx1112basic_stringIcSt11char_traitsIcESaIcEEESt4pairIKS5_St6vectorIS5_SaIS5_EEESt10_Select1stISB_ESt4lessIS5_ESaISB_EE8_S_rightEPSt18_Rb_tree_node_base
FN:1440,_ZNSt8_Rb_treeINSt7__cxx1112basic_stringIcSt11char_traitsIcESaIcEEESt4pairIKS5_St3mapIS5_St6vectorIS5_SaIS5_EESt4lessIS5_ESaIS6_IS7_SB_EEEESt10_Select1stISH_ESD_SaISH_EE8_S_rightEPSt13_Rb_tree_nodeISH_E
FNDA:0,_ZNSt8_Rb_treeINSt7__cxx1112basic_stringIcSt11char_traitsIcESaIcEEESt4pairIKS5_St3mapIS5_St6vectorIS5_SaIS5_EESt4lessIS5_ESaIS6_IS7_SB_EEEESt10_Select1stISH_ESD_SaISH_EE8_S_rightEPSt13_Rb_tree_nodeISH_E
FN:1440,_ZNSt8_Rb_treeINSt7__cxx1112basic_stringIcSt11char_traitsIcESaIcEEESt4pairIKS5_St6vectorIS5_SaIS5_EEESt10_Select1stISB_ESt4lessIS5_ESaISB_EE8_S_rightEPSt13_Rb_tree_nodeISB_E
FNDA:0,_ZNSt8_Rb_treeINSt7__cxx1112basic_stringIcSt11char_traitsIcESaIcEEESt4pairIKS5_St6vectorIS5_SaIS5_EEESt10_Select1stISB_ESt4lessIS5_ESaISB_EE8_S_rightEPSt13_Rb_tree_nodeISB_E
FN:1553,_ZNSt8_Rb_treeINSt7__cxx1112basic_stringIcSt11char_traitsIcESaIcEEESt4pairIKS5_St3mapIS5_St6vectorIS5_SaIS5_EESt4lessIS5_ESaIS6_IS7_SB_EEEESt10_Select1stISH_ESD_SaISH_EEC1Ev
FNDA:1,_ZNSt8_Rb_treeINSt7__cxx1112basic_stringIcSt11char_traitsIcESaIcEEESt4pairIKS5_St3mapIS5_St6vectorIS5_SaIS5_EESt4lessIS5_ESaIS6_IS7_SB_EEEESt10_Select1stISH_ESD_SaISH_EEC1Ev
FN:1553,_ZNSt8_Rb_treeINSt7__cxx1112basic_stringIcSt11char_traitsIcESaIcEEESt4pairIKS5_St6vectorIS5_SaIS5_EEESt10_Select1stISB_ESt4lessIS5_ESaISB_EEC1Ev
FNDA:7,_ZNSt8_Rb_treeINSt7__cxx1112basic_stringIcSt11char_traitsIcESaIcEEESt4pairIKS5_St6vectorIS5_SaIS5_EEESt10_Select1stISB_ESt4lessIS5_ESaISB_EEC1Ev
FN:1608,_ZNSt8_Rb_treeINSt7__cxx1112basic_stringIcSt11char_traitsIcESaIcEEESt4pairIKS5_St3mapIS5_St6vectorIS5_SaIS5_EESt4lessIS5_ESaIS6_IS7_SB_EEEESt10_Select1stISH_ESD_SaISH_EED1Ev
FNDA:0,_ZNSt8_Rb_treeINSt7__cxx1112basic_stringIcSt11char_traitsIcESaIcEEESt4pairIKS5_St3mapIS5_St6vectorIS5_SaIS5_EESt4lessIS5_ESaIS6_IS7_SB_EEEESt10_Select1stISH_ESD_SaISH_EED1Ev
FN:1608,_ZNSt8_Rb_treeINSt7__cxx1112basic_stringIcSt11char_traitsIcESaIcEEESt4pairIKS5_St6vectorIS5_SaIS5_EEESt10_Select1stISB_ESt4lessIS5_ESaISB_EED1Ev
FNDA:0,_ZNSt8_Rb_treeINSt7__cxx1112basic_stringIcSt11char_traitsIcESaIcEEESt4pairIKS5_St6vectorIS5_SaIS5_EEESt10_Select1stISB_ESt4lessIS5_ESaISB_EED1Ev
FN:1616,_ZNKSt8_Rb_treeINSt7__cxx1112basic_stringIcSt11char_traitsIcESaIcEEESt4pairIKS5_St3mapIS5_St6vectorIS5_SaIS5_EESt4lessIS5_ESaIS6_IS7_SB_EEEESt10_Select1stISH_ESD_SaISH_EE8key_compEv
FNDA:33,_ZNKSt8_Rb_treeINSt7__cxx1112basic_stringIcSt11char_traitsIcESaIcEEESt4pairIKS5_St3mapIS5_St6vectorIS5_SaIS5_EESt4lessIS5_ESaIS6_IS7_SB_EEEESt10_Select1stISH_ESD_SaISH_EE8key_compEv
FN:1616,_ZNKSt8_Rb_treeINSt7__cxx1112basic_stringIcSt11char_traitsIcESaIcEEESt4pairIKS5_St6vectorIS5_SaIS5_EEESt10_Select1stISB_ESt4lessIS5_ESaISB_EE8key_compEv
FNDA:1205,_ZNKSt8_Rb_treeINSt7__cxx1112basic_stringIcSt11char_traitsIcESaIcEEESt4pairIKS5_St6vectorIS5_SaIS5_EEESt10_Select1stISB_ESt4lessIS5_ESaISB_EE8key_compEv
FN:1620,_ZNSt8_Rb_treeINSt7__cxx1112basic_stringIcSt11char_traitsIcESaIcEEESt4pairIKS5_St3mapIS5_St6vectorIS5_SaIS5_EESt4lessIS5_ESaIS6_IS7_SB_EEEESt10_Select1stISH_ESD_SaISH_EE5beginEv
FNDA:38,_ZNSt8_Rb_treeINSt7__cxx1112basic_stringIcSt11char_traitsIcESaIcEEESt4pairIKS5_St3mapIS5_St6vectorIS5_SaIS5_EESt4lessIS5_ESaIS6_IS7_SB_EEEESt10_Select1stISH_ESD_SaISH_EE5beginEv
FN:1620,_ZNSt8_Rb_treeINSt7__cxx1112basic_stringIcSt11char_traitsIcESaIcEEESt4pairIKS5_St6vectorIS5_SaIS5_EEESt10_Select1stISB_ESt4lessIS5_ESaISB_EE5beginEv
FNDA:7,_ZNSt8_Rb_treeINSt7__cxx1112basic_stringIcSt11char_traitsIcESaIcEEESt4pairIKS5_St6vectorIS5_SaIS5_EEESt10_Select1stISB_ESt4lessIS5_ESaISB_EE5beginEv
FN:1628,_ZNSt8_Rb_treeINSt7__cxx1112basic_stringIcSt11char_traitsIcESaIcEEESt4pairIKS5_St3mapIS5_St6vectorIS5_SaIS5_EESt4lessIS5_ESaIS6_IS7_SB_EEEESt10_Select1stISH_ESD_SaISH_EE3endEv
FNDA:72,_ZNSt8_Rb_treeINSt7__cxx1112basic_stringIcSt11char_traitsIcESaIcEEESt4pairIKS5_St3mapIS5_St6vectorIS5_SaIS5_EESt4lessIS5_ESaIS6_IS7_SB_EEEESt10_Select1stISH_ESD_SaISH_EE3endEv
FN:1628,_ZNSt8_Rb_treeINSt7__cxx1112basic_stringIcSt11char_traitsIcESaIcEEESt4pairIKS5_St6vectorIS5_SaIS5_EEESt10_Select1stISB_ESt4lessIS5_ESaISB_EE3endEv
FNDA:1116,_ZNSt8_Rb_treeINSt7__cxx1112basic_stringIcSt11char_traitsIcESaIcEEESt4pairIKS5_St6vectorIS5_SaIS5_EEESt10_Select1stISB_ESt4lessIS5_ESaISB_EE3endEv
FN:1656,_ZNKSt8_Rb_treeINSt7__cxx1112basic_stringIcSt11char_traitsIcESaIcEEESt4pairIKS5_St3mapIS5_St6vectorIS5_SaIS5_EESt4lessIS5_ESaIS6_IS7_SB_EEEESt10_Select1stISH_ESD_SaISH_EE4sizeEv
FNDA:2,_ZNKSt8_Rb_treeINSt7__cxx1112basic_stringIcSt11char_traitsIcESaIcEEESt4pairIKS5_St3mapIS5_St6vectorIS5_SaIS5_EESt4lessIS5_ESaIS6_IS7_SB_EEEESt10_Select1stISH_ESD_SaISH_EE4sizeEv
FN:1656,_ZNKSt8_Rb_treeINSt7__cxx1112basic_stringIcSt11char_traitsIcESaIcEEESt4pairIKS5_St6vectorIS5_SaIS5_EEESt10_Select1stISB_ESt4lessIS5_ESaISB_EE4sizeEv
FNDA:16,_ZNKSt8_Rb_treeINSt7__cxx1112basic_stringIcSt11char_traitsIcESaIcEEESt4pairIKS5_St6vectorIS5_SaIS5_EEESt10_Select1stISB_ESt4lessIS5_ESaISB_EE4sizeEv
FN:1893,_ZNSt8_Rb_treeINSt7__cxx1112basic_stringIcSt11char_traitsIcESaIcEEESt4pairIKS5_St6vectorIS5_SaIS5_EEESt10_Select1stISB_ESt4lessIS5_ESaISB_EE11lower_boundERS7_
FNDA:1116,_ZNSt8_Rb_treeINSt7__cxx1112basic_stringIcSt11char_traitsIcESaIcEEESt4pairIKS5_St6vectorIS5_SaIS5_EEESt10_Select1stISB_ESt4lessIS5_ESaISB_EE11lower_boundERS7_
FN:1893,_ZNSt8_Rb_treeINSt7__cxx1112basic_stringIcSt11char_traitsIcESaIcEEESt4pairIKS5_St3mapIS5_St6vectorIS5_SaIS5_EESt4lessIS5_ESaIS6_IS7_SB_EEEESt10_Select1stISH_ESD_SaISH_EE11lower_boundERS7_
FNDA:35,_ZNSt8_Rb_treeINSt7__cxx1112basic_stringIcSt11char_traitsIcESaIcEEESt4pairIKS5_St3mapIS5_St6vectorIS5_SaIS5_EESt4lessIS5_ESaIS6_IS7_SB_EEEESt10_Select1stISH_ESD_SaISH_EE11lower_boundERS7_
FN:2283,_ZNSt8_Rb_treeINSt7__cxx1112basic_stringIcSt11char_traitsIcESaIcEEESt4pairIKS5_St6vectorIS5_SaIS5_EEESt10_Select1stISB_ESt4lessIS5_ESaISB_EE10_Auto_nodeC1IJRKSt21piecewise_construct_tSt5tupleIJOS5_EESN_IJEEEEERSH_DpOT_
FNDA:25,_ZNSt8_Rb_treeINSt7__cxx1112basic_stringIcSt11char_traitsIcESaIcEEESt4pairIKS5_St6vectorIS5_SaIS5_EEESt10_Select1stISB_ESt4lessIS5_ESaISB_EE10_Auto_nodeC1IJRKSt21piecewise_construct_tSt5tupleIJOS5_EESN_IJEEEEERSH_DpOT_
FN:2283,_ZNSt8_Rb_treeINSt7__cxx1112basic_stringIcSt11char_traitsIcESaIcEEESt4pairIKS5_St3mapIS5_St6vectorIS5_SaIS5_EESt4lessIS5_ESaIS6_IS7_SB_EEEESt10_Select1stISH_ESD_SaISH_EE10_Auto_nodeC1IJRKSt21piecewise_construct_tSt5tupleIJOS5_EESR_IJEEEEERSL_DpOT_
FNDA:5,_ZNSt8_Rb_treeINSt7__cxx1112basic_stringIcSt11char_traitsIcESaIcEEESt4pairIKS5_St3mapIS5_St6vectorIS5_SaIS5_EESt4lessIS5_ESaIS6_IS7_SB_EEEESt10_Select1stISH_ESD_SaISH_EE10_Auto_nodeC1IJRKSt21piecewise_construct_tSt5tupleIJOS5_EESR_IJEEEEERSL_DpOT_
FN:2288,_ZNSt8_Rb_treeINSt7__cxx1112basic_stringIcSt11char_traitsIcESaIcEEESt4pairIKS5_St6vectorIS5_SaIS5_EEESt10_Select1stISB_ESt4lessIS5_ESaISB_EE10_Auto_nodeD1Ev
FNDA:25,_ZNSt8_Rb_treeINSt7__cxx1112basic_stringIcSt11char_traitsIcESaIcEEESt4pairIKS5_St6vectorIS5_SaIS5_EEESt10_Select1stISB_ESt4lessIS5_ESaISB_EE10_Auto_nodeD1Ev
FN:2288,_ZNSt8_Rb_treeINSt7__cxx1112basic_stringIcSt11char_traitsIcESaIcEEESt4pairIKS5_St3mapIS5_St6vectorIS5_SaIS5_EESt4lessIS5_ESaIS6_IS7_SB_EEEESt10_Select1stISH_ESD_SaISH_EE10_Auto_nodeD1Ev
FNDA:5,_ZNSt8_Rb_treeINSt7__cxx1112basic_stringIcSt11char_traitsIcESaIcEEESt4pairIKS5_St3mapIS5_St6vectorIS5_SaIS5_EESt4lessIS5_ESaIS6_IS7_SB_EEEESt10_Select1stISH_ESD_SaISH_EE10_Auto_nodeD1Ev
FN:2299,_ZNKSt8_Rb_treeINSt7__cxx1112basic_stringIcSt11char_traitsIcESaIcEEESt4pairIKS5_St6vectorIS5_SaIS5_EEESt10_Select1stISB_ESt4lessIS5_ESaISB_EE10_Auto_node6_M_keyEv
FNDA:25,_ZNKSt8_Rb_treeINSt7__cxx1112basic_stringIcSt11char_traitsIcESaIcEEESt4pairIKS5_St6vectorIS5_SaIS5_EEESt10_Select1stISB_ESt4lessIS5_ESaISB_EE10_Auto_node6_M_keyEv
FN:2299,_ZNKSt8_Rb_treeINSt7__cxx1112basic_stringIcSt11char_traitsIcESaIcEEESt4pairIKS5_St3mapIS5_St6vectorIS5_SaIS5_EESt4lessIS5_ESaIS6_IS7_SB_EEEESt10_Select1stISH_ESD_SaISH_EE10_Auto_node6_M_keyEv
FNDA:5,_ZNKSt8_Rb_treeINSt7__cxx1112basic_stringIcSt11char_traitsIcESaIcEEESt4pairIKS5_St3mapIS5_St6vectorIS5_SaIS5_EESt4lessIS5_ESaIS6_IS7_SB_EEEESt10_Select1stISH_ESD_SaISH_EE10_Auto_node6_M_keyEv
FN:2303,_ZNSt8_Rb_treeINSt7__cxx1112basic_stringIcSt11char_traitsIcESaIcEEESt4pairIKS5_St3mapIS5_St6vectorIS5_SaIS5_EESt4lessIS5_ESaIS6_IS7_SB_EEEESt10_Select1stISH_ESD_SaISH_EE10_Auto_node9_M_insertES6_IPSt18_Rb_tree_node_baseSO_E
FNDA:5,_ZNSt8_Rb_treeINSt7__cxx1112basic_stringIcSt11char_traitsIcESaIcEEESt4pairIKS5_St3mapIS5_St6vectorIS5_SaIS5_EESt4lessIS5_ESaIS6_IS7_SB_EEEESt10_Select1stISH_ESD_SaISH_EE10_Auto_node9_M_insertES6_IPSt18_Rb_tree_node_baseSO_E
FN:2303,_ZNSt8_Rb_treeINSt7__cxx1112basic_stringIcSt11char_traitsIcESaIcEEESt4pairIKS5_St6vectorIS5_SaIS5_EEESt10_Select1stISB_ESt4lessIS5_ESaISB_EE10_Auto_node9_M_insertES6_IPSt18_Rb_tree_node_baseSK_E
FNDA:25,_ZNSt8_Rb_treeINSt7__cxx1112basic_stringIcSt11char_traitsIcESaIcEEESt4pairIKS5_St6vectorIS5_SaIS5_EEESt10_Select1stISB_ESt4lessIS5_ESaISB_EE10_Auto_node9_M_insertES6_IPSt18_Rb_tree_node_baseSK_E
FN:2582,_ZNSt8_Rb_treeINSt7__cxx1112basic_stringIcSt11char_traitsIcESaIcEEESt4pairIKS5_St3mapIS5_St6vectorIS5_SaIS5_EESt4lessIS5_ESaIS6_IS7_SB_EEEESt10_Select1stISH_ESD_SaISH_EE8_M_eraseEPSt13_Rb_tree_nodeISH_E
FNDA:0,_ZNSt8_Rb_treeINSt7__cxx1112basic_stringIcSt11char_traitsIcESaIcEEESt4pairIKS5_St3mapIS5_St6vectorIS5_SaIS5_EESt4lessIS5_ESaIS6_IS7_SB_EEEESt10_Select1stISH_ESD_SaISH_EE8_M_eraseEPSt13_Rb_tree_nodeISH_E
FN:2582,_ZNSt8_Rb_treeINSt7__cxx1112basic_stringIcSt11char_traitsIcESaIcEEESt4pairIKS5_St6vectorIS5_SaIS5_EEESt10_Select1stISB_ESt4lessIS5_ESaISB_EE8_M_eraseEPSt13_Rb_tree_nodeISB_E
FNDA:0,_ZNSt8_Rb_treeINSt7__cxx1112basic_stringIcSt11char_traitsIcESaIcEEESt4pairIKS5_St6vectorIS5_SaIS5_EEESt10_Select1stISB_ESt4lessIS5_ESaISB_EE8_M_eraseEPSt13_Rb_tree_nodeISB_E
FN:2599,_ZNKSt8_Rb_treeINSt7__cxx1112basic_stringIcSt11char_traitsIcESaIcEEESt4pairIKS5_St3mapIS5_St6vectorIS5_SaIS5_EESt4lessIS5_ESaIS6_IS7_SB_EEEESt10_Select1stISH_ESD_SaISH_EE14_M_lower_boundEPSt18_Rb_tree_node_baseSN_RS7_
FNDA:52,_ZNKSt8_Rb_treeINSt7__cxx1112basic_stringIcSt11char_traitsIcESaIcEEESt4pairIKS5_St3mapIS5_St6vectorIS5_SaIS5_EESt4lessIS5_ESaIS6_IS7_SB_EEEESt10_Select1stISH_ESD_SaISH_EE14_M_lower_boundEPSt18_Rb_tree_node_baseSN_RS7_
FN:2599,_ZNKSt8_Rb_treeINSt7__cxx1112basic_stringIcSt11char_traitsIcESaIcEEESt4pairIKS5_St6vectorIS5_SaIS5_EEESt10_Select1stISB_ESt4lessIS5_ESaISB_EE14_M_lower_boundEPSt18_Rb_tree_node_baseSJ_RS7_
FNDA:1326,_ZNKSt8_Rb_treeINSt7__cxx1112basic_stringIcSt11char_traitsIcESaIcEEESt4pairIKS5_St6vectorIS5_SaIS5_EEESt10_Select1stISB_ESt4lessIS5_ESaISB_EE14_M_lower_boundEPSt18_Rb_tree_node_baseSJ_RS7_
FN:2730,_ZNSt8_Rb_treeINSt7__cxx1112basic_stringIcSt11char_traitsIcESaIcEEESt4pairIKS5_St6vectorIS5_SaIS5_EEESt10_Select1stISB_ESt4lessIS5_ESaISB_EE24_M_get_insert_unique_posERS7_
FNDA:7,_ZNSt8_Rb_treeINSt7__cxx1112basic_stringIcSt11char_traitsIcESaIcEEESt4pairIKS5_St6vectorIS5_SaIS5_EEESt10_Select1stISB_ESt4lessIS5_ESaISB_EE24_M_get_insert_unique_posERS7_
FN:2730,_ZNSt8_Rb_treeINSt7__cxx1112basic_stringIcSt11char_traitsIcESaIcEEESt4pairIKS5_St3mapIS5_St6vectorIS5_SaIS5_EESt4lessIS5_ESaIS6_IS7_SB_EEEESt10_Select1stISH_ESD_SaISH_EE24_M_get_insert_unique_posERS7_
FNDA:1,_ZNSt8_Rb_treeINSt7__cxx1112basic_stringIcSt11char_traitsIcESaIcEEESt4pairIKS5_St3mapIS5_St6vectorIS5_SaIS5_EESt4lessIS5_ESaIS6_IS7_SB_EEEESt10_Select1stISH_ESD_SaISH_EE24_M_get_insert_unique_posERS7_
FN:2832,_ZNSt8_Rb_treeINSt7__cxx1112basic_stringIcSt11char_traitsIcESaIcEEESt4pairIKS5_St3mapIS5_St6vectorIS5_SaIS5_EESt4lessIS5_ESaIS6_IS7_SB_EEEESt10_Select1stISH_ESD_SaISH_EE29_M_get_insert_hint_unique_posESt23_Rb_tree_const_iteratorISH_ERS7_
FNDA:5,_ZNSt8_Rb_treeINSt7__cxx1112basic_stringIcSt11char_traitsIcESaIcEEESt4pairIKS5_St3mapIS5_St6vectorIS5_SaIS5_EESt4lessIS5_ESaIS6_IS7_SB_EEEESt10_Select1stISH_ESD_SaISH_EE29_M_get_insert_hint_unique_posESt23_Rb_tree_const_iteratorISH_ERS7_
FN:2832,_ZNSt8_Rb_treeINSt7__cxx1112basic_stringIcSt11char_traitsIcESaIcEEESt4pairIKS5_St6vectorIS5_SaIS5_EEESt10_Select1stISB_ESt4lessIS5_ESaISB_EE29_M_get_insert_hint_unique_posESt23_Rb_tree_const_iteratorISB_ERS7_
FNDA:25,_ZNSt8_Rb_treeINSt7__cxx1112basic_stringIcSt11char_traitsIcESaIcEEESt4pairIKS5_St6vectorIS5_SaIS5_EEESt10_Select1stISB_ESt4lessIS5_ESaISB_EE29_M_get_insert_hint_unique_posESt23_Rb_tree_const_iteratorISB_ERS7_
FN:2997,_ZNSt8_Rb_treeINSt7__cxx1112basic_stringIcSt11char_traitsIcESaIcEEESt4pairIKS5_St6vectorIS5_SaIS5_EEESt10_Select1stISB_ESt4lessIS5_ESaISB_EE14_M_insert_nodeEPSt18_Rb_tree_node_baseSJ_PSt13_Rb_tree_nodeISB_E
FNDA:25,_ZNSt8_Rb_treeINSt7__cxx1112basic_stringIcSt11char_traitsIcESaIcEEESt4pairIKS5_St6vectorIS5_SaIS5_EEESt10_Select1stISB_ESt4lessIS5_ESaISB_EE14_M_insert_nodeEPSt18_Rb_tree_node_baseSJ_PSt13_Rb_tree_nodeISB_E
FN:2997,_ZNSt8_Rb_treeINSt7__cxx1112basic_stringIcSt11char_traitsIcESaIcEEESt4pairIKS5_St3mapIS5_St6vectorIS5_SaIS5_EESt4lessIS5_ESaIS6_IS7_SB_EEEESt10_Select1stISH_ESD_SaISH_EE14_M_insert_nodeEPSt18_Rb_tree_node_baseSN_PSt13_Rb_tree_nodeISH_E
FNDA:5,_ZNSt8_Rb_treeINSt7__cxx1112basic_stringIcSt11char_traitsIcESaIcEEESt4pairIKS5_St3mapIS5_St6vectorIS5_SaIS5_EESt4lessIS5_ESaIS6_IS7_SB_EEEESt10_Select1stISH_ESD_SaISH_EE14_M_insert_nodeEPSt18_Rb_tree_node_baseSN_PSt13_Rb_tree_nodeISH_E
FN:3080,_ZNSt8_Rb_treeINSt7__cxx1112basic_stringIcSt11char_traitsIcESaIcEEESt4pairIKS5_St6vectorIS5_SaIS5_EEESt10_Select1stISB_ESt4lessIS5_ESaISB_EE22_M_emplace_hint_uniqueIJRKSt21piecewise_construct_tSt5tupleIJOS5_EESM_IJEEEEESt17_Rb_tree_iteratorISB_ESt23_Rb_tree_const_iteratorISB_EDpOT_
FNDA:25,_ZNSt8_Rb_treeINSt7__cxx1112basic_stringIcSt11char_traitsIcESaIcEEESt4pairIKS5_St6vectorIS5_SaIS5_EEESt10_Select1stISB_ESt4lessIS5_ESaISB_EE22_M_emplace_hint_uniqueIJRKSt21piecewise_construct_tSt5tupleIJOS5_EESM_IJEEEEESt17_Rb_tree_iteratorISB_ESt23_Rb_tree_const_iteratorISB_EDpOT_
FN:3080,_ZNSt8_Rb_treeINSt7__cxx1112basic_stringIcSt11char_traitsIcESaIcEEESt4pairIKS5_St3mapIS5_St6vectorIS5_SaIS5_EESt4lessIS5_ESaIS6_IS7_SB_EEEESt10_Select1stISH_ESD_SaISH_EE22_M_emplace_hint_uniqueIJRKSt21piecewise_construct_tSt5tupleIJOS5_EESQ_IJEEEEESt17_Rb_tree_iteratorISH_ESt23_Rb_tree_const_iteratorISH_EDpOT_
FNDA:5,_ZNSt8_Rb_treeINSt7__cxx1112basic_stringIcSt11char_traitsIcESaIcEEESt4pairIKS5_St3mapIS5_St6vectorIS5_SaIS5_EESt4lessIS5_ESaIS6_IS7_SB_EEEESt10_Select1stISH_ESD_SaISH_EE22_M_emplace_hint_uniqueIJRKSt21piecewise_construct_tSt5tupleIJOS5_EESQ_IJEEEEESt17_Rb_tree_iteratorISH_ESt23_Rb_tree_const_iteratorISH_EDpOT_
DA:134,0
DA:135,0
DA:144,45
DA:148,45
DA:171,52
DA:172,52
DA:173,52
DA:174,52
DA:175,52
DA:204,60
DA:206,60
DA:207,60
DA:208,60
DA:209,60
DA:210,60
DA:230,258
DA:231,258
DA:230,2241
DA:231,2241
DA:234,147
DA:235,147
DA:234,2151
DA:235,2151
DA:239,0
DA:240,0
DA:239,0
DA:240,0
DA:388,154
DA:389,154
DA:388,2280
DA:389,2280
DA:392,253
DA:393,253
DA:392,2216
DA:393,2216
DA:400,185
DA:402,185
DA:403,185
DA:400,0
DA:402,0
DA:403,0
DA:415,2
DA:417,2
DA:418,2
DA:415,4
DA:417,4
DA:418,4
DA:430,36
DA:432,36
DA:430,1123
DA:432,1123
DA:466,5
DA:467,5
DA:466,25
DA:467,25
DA:689,5
DA:693,5
DA:689,25
DA:693,25
DA:1154,10
DA:1155,10
DA:1154,50
DA:1155,50
DA:1167,5
DA:1170,10
DA:1167,25
DA:1170,50
DA:1188,0
DA:1191,0
DA:1207,0
DA:1188,0
DA:1191,0
DA:1207,0
DA:1232,5
DA:1236,5
BRDA:1236,0,0,0
BRDA:1236,0,1,5
DA:1237,15
DA:1241,0
DA:1243,0
DA:1244,0
DA:1245,0
DA:1247,5
DA:1232,25
DA:1236,25
BRDA:1236,0,0,0
BRDA:1236,0,1,25
DA:1237,75
DA:1241,0
DA:1243,0
DA:1244,0
DA:1245,0
DA:1247,25
DA:1251,5
DA:1253,5
DA:1254,15
DA:1255,5
DA:1251,25
DA:1253,25
DA:1254,75
DA:1255,25
DA:1260,0
DA:1265,0
DA:1266,0
DA:1268,0
DA:1260,0
DA:1265,0
DA:1266,0
DA:1268,0
DA:1271,0
DA:1273,0
DA:1274,0
DA:1275,0
DA:1271,0
DA:1273,0
DA:1274,0
DA:1275,0
DA:1310,1
DA:1314,1
DA:1315,1
DA:1310,7
DA:1314,7
DA:1315,7
DA:1361,5
DA:1362,5
DA:1361,19
DA:1362,19
DA:1369,2
DA:1370,2
DA:1369,18
DA:1370,18
DA:1377,53
DA:1378,53
DA:1377,1333
DA:1378,1333
DA:1381,0
DA:1383,0
DA:1385,0
BRDA:1385,0,0,-
BRDA:1385,0,1,-
DA:1386,0
DA:1381,0
DA:1383,0
DA:1385,0
BRDA:1385,0,0,-
BRDA:1385,0,1,-
DA:1386,0
DA:1390,168
DA:1391,168
DA:1390,2843
DA:1391,2843
DA:1394,147
DA:1412,147
DA:1394,1837
DA:1412,1837
DA:1416,141
DA:1417,141
DA:1416,1800
DA:1417,1800
DA:1420,6
DA:1421,6
DA:1420,37
DA:1421,37
DA:1424,65
DA:1425,65
DA:1424,1396
DA:1425,1396
DA:1428,0
DA:1430,0
DA:1431,0
BRDA:1431,0,0,-
BRDA:1431,0,1,-
DA:1432,0
DA:1428,0
DA:1430,0
DA:1431,0
BRDA:1431,0,0,-
BRDA:1431,0,1,-
DA:1432,0
DA:1436,54
DA:1437,54
DA:1436,269
DA:1437,269
DA:1440,0
DA:1442,0
DA:1443,0
BRDA:1443,0,0,-
BRDA:1443,0,1,-
DA:1444,0
DA:1440,0
DA:1442,0
DA:1443,0
BRDA:1443,0,0,-
BRDA:1443,0,1,-
DA:1444,0
DA:1553,1
DA:1553,7
DA:1608,0
DA:1609,0
DA:1608,0
DA:1609,0
DA:1616,33
DA:1617,33
DA:1616,1205
DA:1617,1205
DA:1620,38
DA:1621,38
DA:1620,7
DA:1621,7
DA:1628,72
DA:1629,72
DA:1628,1116
DA:1629,1116
DA:1656,2
DA:1657,2
DA:1656,16
DA:1657,16
DA:1893,35
DA:1894,35
BRDA:1894,0,0,35
BRDA:1894,0,1,0
DA:1893,1116
DA:1894,1116
BRDA:1894,0,0,1116
BRDA:1894,0,1,0
DA:2283,5
DA:2284,5
DA:2285,15
DA:2286,5
DA:2283,25
DA:2284,25
DA:2285,75
DA:2286,25
DA:2288,5
DA:2290,5
BRDA:2290,0,0,0
BRDA:2290,0,1,5
DA:2291,0
DA:2292,5
DA:2288,25
DA:2290,25
BRDA:2290,0,0,0
BRDA:2290,0,1,25
DA:2291,0
DA:2292,25
DA:2299,5
DA:2300,5
DA:2299,25
DA:2300,25
DA:2303,5
DA:2305,5
BRDA:2305,0,0,5
BRDA:2305,0,1,0
DA:2306,5
DA:2307,5
DA:2303,25
DA:2305,25
BRDA:2305,0,0,25
BRDA:2305,0,1,0
DA:2306,25
DA:2307,25
DA:2582,0
DA:2586,0
BRDA:2586,0,0,-
BRDA:2586,0,1,-
DA:2588,0
DA:2589,0
DA:2590,0
DA:2591,0
DA:2593,0
DA:2582,0
DA:2586,0
BRDA:2586,0,0,-
BRDA:2586,0,1,-
DA:2588,0
DA:2589,0
DA:2590,0
DA:2591,0
DA:2593,0
DA:2599,52
DA:2603,169
BRDA:2603,0,0,117
BRDA:2603,0,1,52
DA:2604,117
BRDA:2604,0,0,65
BRDA:2604,0,1,52
DA:2605,65
DA:2607,52
DA:2608,52
DA:2599,1326
DA:2603,2987
BRDA:2603,0,0,1661
BRDA:2603,0,1,1326
DA:2604,1661
BRDA:2604,0,0,1396
BRDA:2604,0,1,265
DA:2605,1396
DA:2607,265
DA:2608,1326
DA:2730,1
DA:2734,1
DA:2735,1
DA:2736,1
DA:2737,1
BRDA:2737,0,0,0
BRDA:2737,0,1,1
DA:2739,0
DA:2740,0
BRDA:2740,0,0,-
BRDA:2740,0,1,-
DA:2741,0
BRDA:2741,0,0,-
BRDA:2741,0,1,-
DA:2743,1
DA:2744,1
BRDA:2744,0,0,1
BRDA:2744,0,1,0
DA:2746,1
BRDA:2746,0,0,1
BRDA:2746,0,1,0
DA:2747,1
DA:2749,0
DA:2751,0
BRDA:2751,0,0,-
BRDA:2751,0,1,-
BRDA:2751,0,2,-
BRDA:2751,0,3,-
DA:2752,0
DA:2753,0
DA:2730,7
DA:2734,7
DA:2735,7
DA:2736,7
DA:2737,7
BRDA:2737,0,0,0
BRDA:2737,0,1,7
DA:2739,0
DA:2740,0
BRDA:2740,0,0,-
BRDA:2740,0,1,-
DA:2741,0
BRDA:2741,0,0,-
BRDA:2741,0,1,-
DA:2743,7
DA:2744,7
BRDA:2744,0,0,7
BRDA:2744,0,1,0
DA:2746,7
BRDA:2746,0,0,7
BRDA:2746,0,1,0
DA:2747,7
DA:2749,0
DA:2751,0
BRDA:2751,0,0,-
BRDA:2751,0,1,-
BRDA:2751,0,2,-
BRDA:2751,0,3,-
DA:2752,0
DA:2753,0
DA:2832,5
DA:2839,5
BRDA:2839,0,0,2
BRDA:2839,0,1,3
DA:2841,2
DA:2842,2
BRDA:2842,0,0,1
BRDA:2842,0,1,1
BRDA:2842,0,2,1
BRDA:2842,0,3,0
BRDA:2842,0,4,1
BRDA:2842,0,5,1
DA:2843,1
DA:2845,1
DA:2847,3
BRDA:2847,0,0,3
BRDA:2847,0,1,0
DA:2850,3
DA:2851,3
BRDA:2851,0,0,1
BRDA:2851,0,1,2
DA:2852,1
DA:2853,2
BRDA:2853,0,0,2
BRDA:2853,0,1,0
BRDA:2853,0,2,2
BRDA:2853,0,3,0
DA:2855,2
BRDA:2855,0,0,0
BRDA:2855,0,1,2
DA:2856,0
DA:2858,2
DA:2861,0
BRDA:2861,0,0,-
BRDA:2861,0,1,-
DA:2863,0
BRDA:2863,0,0,-
BRDA:2863,0,1,-
DA:2866,0
DA:2867,0
BRDA:2867,0,0,-
BRDA:2867,0,1,-
DA:2868,0
DA:2869,0
BRDA:2869,0,0,-
BRDA:2869,0,1,-
BRDA:2869,0,2,-
BRDA:2869,0,3,-
DA:2871,0
BRDA:2871,0,0,-
BRDA:2871,0,1,-
DA:2872,0
DA:2874,0
DA:2877,0
BRDA:2877,0,0,-
BRDA:2877,0,1,-
DA:2881,0
DA:2832,25
DA:2839,25
BRDA:2839,0,0,16
BRDA:2839,0,1,9
DA:2841,16
DA:2842,16
BRDA:2842,0,0,9
BRDA:2842,0,1,7
BRDA:2842,0,2,9
BRDA:2842,0,3,0
BRDA:2842,0,4,9
BRDA:2842,0,5,7
DA:2843,9
DA:2845,7
DA:2847,9
BRDA:2847,0,0,9
BRDA:2847,0,1,0
DA:2850,9
DA:2851,9
BRDA:2851,0,0,5
BRDA:2851,0,1,4
DA:2852,5
DA:2853,4
BRDA:2853,0,0,4
BRDA:2853,0,1,0
BRDA:2853,0,2,4
BRDA:2853,0,3,0
DA:2855,4
BRDA:2855,0,0,3
BRDA:2855,0,1,1
DA:2856,3
DA:2858,1
DA:2861,0
BRDA:2861,0,0,-
BRDA:2861,0,1,-
DA:2863,0
BRDA:2863,0,0,-
BRDA:2863,0,1,-
DA:2866,0
DA:2867,0
BRDA:2867,0,0,-
BRDA:2867,0,1,-
DA:2868,0
DA:2869,0
BRDA:2869,0,0,-
BRDA:2869,0,1,-
BRDA:2869,0,2,-
BRDA:2869,0,3,-
DA:2871,0
BRDA:2871,0,0,-
BRDA:2871,0,1,-
DA:2872,0
DA:2874,0
DA:2877,0
BRDA:2877,0,0,-
BRDA:2877,0,1,-
DA:2881,0
DA:2997,5
DA:3001,2
BRDA:3001,0,0,1
BRDA:3001,0,1,1
DA:3002,7
BRDA:3002,0,0,2
BRDA:3002,0,1,3
BRDA:3002,0,2,0
BRDA:3002,0,3,1
DA:3005,5
DA:3007,5
DA:3008,5
DA:3009,5
DA:2997,25
DA:3001,19
BRDA:3001,0,0,12
BRDA:3001,0,1,7
DA:3002,44
BRDA:3002,0,0,19
BRDA:3002,0,1,6
BRDA:3002,0,2,0
BRDA:3002,0,3,12
DA:3005,25
DA:3007,25
DA:3008,25
DA:3009,25
DA:3080,5
DA:3084,15
BRDA:3084,0,0,5
BRDA:3084,0,1,0
DA:3085,5
BRDA:3085,0,0,5
BRDA:3085,0,1,0
BRDA:3085,0,2,5
BRDA:3085,0,3,0
DA:3086,5
BRDA:3086,0,0,5
BRDA:3086,0,1,0
DA:3087,5
BRDA:3087,0,0,5
BRDA:3087,0,1,0
DA:3088,0
DA:3089,5
DA:3080,25
DA:3084,75
BRDA:3084,0,0,25
BRDA:3084,0,1,0
DA:3085,25
BRDA:3085,0,0,25
BRDA:3085,0,1,0
BRDA:3085,0,2,25
BRDA:3085,0,3,0
DA:3086,25
BRDA:3086,0,0,25
BRDA:3086,0,1,0
DA:3087,25
BRDA:3087,0,0,25
BRDA:3087,0,1,0
DA:3088,0
DA:3089,25
end_of_record
SF:D:\mingw64\include\c++\15.2.0\bits\char_traits.h
FN:138,_ZN9__gnu_cxx11char_traitsIcE2eqERKcS3_
FNDA:0,_ZN9__gnu_cxx11char_traitsIcE2eqERKcS3_
FN:201,_ZN9__gnu_cxx11char_traitsIcE6lengthEPKc
FNDA:0,_ZN9__gnu_cxx11char_traitsIcE6lengthEPKc
FN:345,_ZNSt11char_traitsIcE6assignERcRKc
FNDA:0,_ZNSt11char_traitsIcE6assignERcRKc
FN:360,_ZNSt11char_traitsIcE2ltERKcS2_
FNDA:0,_ZNSt11char_traitsIcE2ltERKcS2_
FN:368,_ZNSt11char_traitsIcE7compareEPKcS2_y
FNDA:0,_ZNSt11char_traitsIcE7compareEPKcS2_y
FN:387,_ZNSt11char_traitsIcE6lengthEPKc
FNDA:0,_ZNSt11char_traitsIcE6lengthEPKc
FN:421,_ZNSt11char_traitsIcE4copyEPcPKcy
FNDA:0,_ZNSt11char_traitsIcE4copyEPcPKcy
DA:138,0
DA:139,0
DA:201,0
DA:204,0
DA:205,0
BRDA:205,0,0,-
BRDA:205,0,1,-
DA:206,0
DA:207,0
DA:345,0
DA:352,0
DA:353,0
DA:360,0
DA:363,0
DA:364,0
DA:368,0
DA:370,0
BRDA:370,0,0,-
BRDA:370,0,1,-
DA:371,0
DA:373,0
BRDA:373,0,0,-
BRDA:373,0,1,-
DA:375,0
BRDA:375,0,0,-
BRDA:375,0,1,-
DA:376,0
BRDA:376,0,0,-
BRDA:376,0,1,-
DA:377,0
DA:378,0
BRDA:378,0,0,-
BRDA:378,0,1,-
DA:379,0
DA:380,0
DA:383,0
DA:387,0
DA:390,0
BRDA:390,0,0,-
BRDA:390,0,1,-
DA:391,0
DA:393,0
DA:421,0
DA:423,0
BRDA:423,0,0,-
BRDA:423,0,1,-
DA:424,0
DA:429,0
end_of_record
SF:D:\mingw64\include\c++\15.2.0\bits\alloc_traits.h
DA:614,76
DA:649,21
DA:674,90
DA:680,30
DA:700,0
DA:712,67
DA:726,0
DA:850,0
DA:1045,52
DA:1046,52
end_of_record
SF:D:\mingw64\include\c++\15.2.0\bits\allocator.h
DA:168,247
DA:173,25
DA:189,216
DA:228,0
end_of_record
SF:D:\mingw64\include\c++\15.2.0\bits\stl_pair.h
FN:901,_ZNSt4pairIPSt18_Rb_tree_node_baseS1_EC1IRS1_S1_Lb1EEEOT_OT0_
FNDA:0,_ZNSt4pairIPSt18_Rb_tree_node_baseS1_EC1IRS1_S1_Lb1EEEOT_OT0_
FN:901,_ZNSt4pairIPSt18_Rb_tree_node_baseS1_EC1IRS1_S4_Lb1EEEOT_OT0_
FNDA:192,_ZNSt4pairIPSt18_Rb_tree_node_baseS1_EC1IRS1_S4_Lb1EEEOT_OT0_
FN:901,_ZNSt4pairIPSt18_Rb_tree_node_baseS1_EC1IS1_RS1_Lb1EEEOT_OT0_
FNDA:102,_ZNSt4pairIPSt18_Rb_tree_node_baseS1_EC1IS1_RS1_Lb1EEEOT_OT0_
DA:901,0
DA:902,0
DA:903,0
DA:901,192
DA:902,192
DA:903,192
DA:901,102
DA:902,102
DA:903,102
end_of_record
SF:D:\mingw64\include\c++\15.2.0\bits\new_allocator.h
FN:104,_ZNSt15__new_allocatorINSt7__cxx1112basic_stringIcSt11char_traitsIcESaIcEEEED2Ev
FNDA:55,_ZNSt15__new_allocatorINSt7__cxx1112basic_stringIcSt11char_traitsIcESaIcEEEED2Ev
FN:104,_ZNSt15__new_allocatorISt13_Rb_tree_nodeISt4pairIKNSt7__cxx1112basic_stringIcSt11char_traitsIcESaIcEEESt3mapIS7_St6vectorIS7_SaIS7_EESt4lessIS7_ESaIS1_IS8_SC_EEEEEED2Ev
FNDA:0,_ZNSt15__new_allocatorISt13_Rb_tree_nodeISt4pairIKNSt7__cxx1112basic_stringIcSt11char_traitsIcESaIcEEESt3mapIS7_St6vectorIS7_SaIS7_EESt4lessIS7_ESaIS1_IS8_SC_EEEEEED2Ev
FN:104,_ZNSt15__new_allocatorISt13_Rb_tree_nodeISt4pairIKNSt7__cxx1112basic_stringIcSt11char_traitsIcESaIcEEESt6vectorIS7_SaIS7_EEEEED2Ev
FNDA:0,_ZNSt15__new_allocatorISt13_Rb_tree_nodeISt4pairIKNSt7__cxx1112basic_stringIcSt11char_traitsIcESaIcEEESt6vectorIS7_SaIS7_EEEEED2Ev
FN:104,_ZNSt15__new_allocatorIcED2Ev
FNDA:0,_ZNSt15__new_allocatorIcED2Ev
FN:126,_ZNSt15__new_allocatorISt13_Rb_tree_nodeISt4pairIKNSt7__cxx1112basic_stringIcSt11char_traitsIcESaIcEEESt3mapIS7_St6vectorIS7_SaIS7_EESt4lessIS7_ESaIS1_IS8_SC_EEEEEE8allocateEyPKv
FNDA:5,_ZNSt15__new_allocatorISt13_Rb_tree_nodeISt4pairIKNSt7__cxx1112basic_stringIcSt11char_traitsIcESaIcEEESt3mapIS7_St6vectorIS7_SaIS7_EESt4lessIS7_ESaIS1_IS8_SC_EEEEEE8allocateEyPKv
FN:126,_ZNSt15__new_allocatorISt13_Rb_tree_nodeISt4pairIKNSt7__cxx1112basic_stringIcSt11char_traitsIcESaIcEEESt6vectorIS7_SaIS7_EEEEE8allocateEyPKv
FNDA:25,_ZNSt15__new_allocatorISt13_Rb_tree_nodeISt4pairIKNSt7__cxx1112basic_stringIcSt11char_traitsIcESaIcEEESt6vectorIS7_SaIS7_EEEEE8allocateEyPKv
FN:126,_ZNSt15__new_allocatorINSt7__cxx1112basic_stringIcSt11char_traitsIcESaIcEEEE8allocateEyPKv
FNDA:46,_ZNSt15__new_allocatorINSt7__cxx1112basic_stringIcSt11char_traitsIcESaIcEEEE8allocateEyPKv
FN:126,_ZNSt15__new_allocatorIcE8allocateEyPKv
FNDA:0,_ZNSt15__new_allocatorIcE8allocateEyPKv
FN:156,_ZNSt15__new_allocatorISt13_Rb_tree_nodeISt4pairIKNSt7__cxx1112basic_stringIcSt11char_traitsIcESaIcEEESt3mapIS7_St6vectorIS7_SaIS7_EESt4lessIS7_ESaIS1_IS8_SC_EEEEEE10deallocateEPSJ_y
FNDA:0,_ZNSt15__new_allocatorISt13_Rb_tree_nodeISt4pairIKNSt7__cxx1112basic_stringIcSt11char_traitsIcESaIcEEESt3mapIS7_St6vectorIS7_SaIS7_EESt4lessIS7_ESaIS1_IS8_SC_EEEEEE10deallocateEPSJ_y
FN:156,_ZNSt15__new_allocatorISt13_Rb_tree_nodeISt4pairIKNSt7__cxx1112basic_stringIcSt11char_traitsIcESaIcEEESt6vectorIS7_SaIS7_EEEEE10deallocateEPSD_y
FNDA:0,_ZNSt15__new_allocatorISt13_Rb_tree_nodeISt4pairIKNSt7__cxx1112basic_stringIcSt11char_traitsIcESaIcEEESt6vectorIS7_SaIS7_EEEEE10deallocateEPSD_y
FN:156,_ZNSt15__new_allocatorINSt7__cxx1112basic_stringIcSt11char_traitsIcESaIcEEEE10deallocateEPS5_y
FNDA:21,_ZNSt15__new_allocatorINSt7__cxx1112basic_stringIcSt11char_traitsIcESaIcEEEE10deallocateEPS5_y
FN:156,_ZNSt15__new_allocatorIcE10deallocateEPcy
FNDA:0,_ZNSt15__new_allocatorIcE10deallocateEPcy
DA:88,247
DA:92,25
DA:104,55
DA:104,0
DA:104,0
DA:104,0
DA:126,5
DA:134,5
BRDA:134,0,0,0
BRDA:134,0,1,5
DA:138,0
BRDA:138,0,0,-
BRDA:138,0,1,-
DA:139,0
DA:140,0
DA:151,5
DA:126,25
DA:134,25
BRDA:134,0,0,0
BRDA:134,0,1,25
DA:138,0
BRDA:138,0,0,-
BRDA:138,0,1,-
DA:139,0
DA:140,0
DA:151,25
DA:126,46
DA:134,46
BRDA:134,0,0,0
BRDA:134,0,1,46
DA:138,0
BRDA:138,0,0,-
BRDA:138,0,1,-
DA:139,0
DA:140,0
DA:151,46
DA:126,0
DA:134,0
BRDA:134,0,0,-
BRDA:134,0,1,-
DA:140,0
DA:151,0
DA:156,0
DA:172,0
DA:156,0
DA:172,0
DA:156,21
DA:172,21
DA:156,0
DA:172,0
DA:183,67
DA:191,120
BRDA:191,0,0,5
BRDA:191,0,1,0
BRDA:191,0,2,0
BRDA:191,0,3,5
BRDA:191,0,4,0
BRDA:191,0,5,0
BRDA:191,0,6,25
BRDA:191,0,7,0
BRDA:191,0,8,0
BRDA:191,0,9,25
BRDA:191,0,10,0
BRDA:191,0,11,0
DA:198,0
DA:233,143
end_of_record
SF:D:\mingw64\include\c++\15.2.0\bits\basic_string.h
FN:140,_ZNSt7__cxx1112basic_stringIcSt11char_traitsIcESaIcEE11_S_allocateERS3_y
FNDA:0,_ZNSt7__cxx1112basic_stringIcSt11char_traitsIcESaIcEE11_S_allocateERS3_y
FN:204,_ZNSt7__cxx1112basic_stringIcSt11char_traitsIcESaIcEE12_Alloc_hiderC1EPcRKS3_
FNDA:0,_ZNSt7__cxx1112basic_stringIcSt11char_traitsIcESaIcEE12_Alloc_hiderC1EPcRKS3_
FN:208,_ZNSt7__cxx1112basic_stringIcSt11char_traitsIcESaIcEE12_Alloc_hiderC1EPcOS3_
FNDA:0,_ZNSt7__cxx1112basic_stringIcSt11char_traitsIcESaIcEE12_Alloc_hiderC1EPcOS3_
FN:228,_ZNSt7__cxx1112basic_stringIcSt11char_traitsIcESaIcEE7_M_dataEPc
FNDA:0,_ZNSt7__cxx1112basic_stringIcSt11char_traitsIcESaIcEE7_M_dataEPc
FN:233,_ZNSt7__cxx1112basic_stringIcSt11char_traitsIcESaIcEE9_M_lengthEy
FNDA:0,_ZNSt7__cxx1112basic_stringIcSt11char_traitsIcESaIcEE9_M_lengthEy
FN:238,_ZNKSt7__cxx1112basic_stringIcSt11char_traitsIcESaIcEE7_M_dataEv
FNDA:0,_ZNKSt7__cxx1112basic_stringIcSt11char_traitsIcESaIcEE7_M_dataEv
FN:243,_ZNSt7__cxx1112basic_stringIcSt11char_traitsIcESaIcEE13_M_local_dataEv
FNDA:0,_ZNSt7__cxx1112basic_stringIcSt11char_traitsIcESaIcEE13_M_local_dataEv
FN:254,_ZNKSt7__cxx1112basic_stringIcSt11char_traitsIcESaIcEE13_M_local_dataEv
FNDA:0,_ZNKSt7__cxx1112basic_stringIcSt11char_traitsIcESaIcEE13_M_local_dataEv
FN:265,_ZNSt7__cxx1112basic_stringIcSt11char_traitsIcESaIcEE11_M_capacityEy
FNDA:0,_ZNSt7__cxx1112basic_stringIcSt11char_traitsIcESaIcEE11_M_capacityEy
FN:270,_ZNSt7__cxx1112basic_stringIcSt11char_traitsIcESaIcEE13_M_set_lengthEy
FNDA:0,_ZNSt7__cxx1112basic_stringIcSt11char_traitsIcESaIcEE13_M_set_lengthEy
FN:278,_ZNKSt7__cxx1112basic_stringIcSt11char_traitsIcESaIcEE11_M_is_localEv
FNDA:0,_ZNKSt7__cxx1112basic_stringIcSt11char_traitsIcESaIcEE11_M_is_localEv
FN:296,_ZNSt7__cxx1112basic_stringIcSt11char_traitsIcESaIcEE10_M_disposeEv
FNDA:0,_ZNSt7__cxx1112basic_stringIcSt11char_traitsIcESaIcEE10_M_disposeEv
FN:304,_ZNSt7__cxx1112basic_stringIcSt11char_traitsIcESaIcEE10_M_destroyEy
FNDA:0,_ZNSt7__cxx1112basic_stringIcSt11char_traitsIcESaIcEE10_M_destroyEy
FN:359,_ZNSt7__cxx1112basic_stringIcSt11char_traitsIcESaIcEE16_M_get_allocatorEv
FNDA:0,_ZNSt7__cxx1112basic_stringIcSt11char_traitsIcESaIcEE16_M_get_allocatorEv
FN:364,_ZNKSt7__cxx1112basic_stringIcSt11char_traitsIcESaIcEE16_M_get_allocatorEv
FNDA:0,_ZNKSt7__cxx1112basic_stringIcSt11char_traitsIcESaIcEE16_M_get_allocatorEv
FN:448,_ZNSt7__cxx1112basic_stringIcSt11char_traitsIcESaIcEE7_S_copyEPcPKcy
FNDA:0,_ZNSt7__cxx1112basic_stringIcSt11char_traitsIcESaIcEE7_S_copyEPcPKcy
FN:483,_ZNSt7__cxx1112basic_stringIcSt11char_traitsIcESaIcEE13_S_copy_charsIPKcEEvPcT_S9_
FNDA:0,_ZNSt7__cxx1112basic_stringIcSt11char_traitsIcESaIcEE13_S_copy_charsIPKcEEvPcT_S9_
FN:551,_ZNSt7__cxx1112basic_stringIcSt11char_traitsIcESaIcEE10_S_compareEyy
FNDA:0,_ZNSt7__cxx1112basic_stringIcSt11char_traitsIcESaIcEE10_S_compareEyy
FN:613,_ZNSt7__cxx1112basic_stringIcSt11char_traitsIcESaIcEEC1ERKS4_
FNDA:0,_ZNSt7__cxx1112basic_stringIcSt11char_traitsIcESaIcEEC1ERKS4_
FN:706,_ZNSt7__cxx1112basic_stringIcSt11char_traitsIcESaIcEEC1IS3_EEPKcRKS3_
FNDA:0,_ZNSt7__cxx1112basic_stringIcSt11char_traitsIcESaIcEEC1IS3_EEPKcRKS3_
FN:742,_ZNSt7__cxx1112basic_stringIcSt11char_traitsIcESaIcEEC1EOS4_
FNDA:0,_ZNSt7__cxx1112basic_stringIcSt11char_traitsIcESaIcEEC1EOS4_
FN:895,_ZNSt7__cxx1112basic_stringIcSt11char_traitsIcESaIcEED1Ev
FNDA:0,_ZNSt7__cxx1112basic_stringIcSt11char_traitsIcESaIcEED1Ev
FN:904,_ZNSt7__cxx1112basic_stringIcSt11char_traitsIcESaIcEEaSERKS4_
FNDA:7,_ZNSt7__cxx1112basic_stringIcSt11char_traitsIcESaIcEEaSERKS4_
FN:1163,_ZNKSt7__cxx1112basic_stringIcSt11char_traitsIcESaIcEE4sizeEv
FNDA:0,_ZNKSt7__cxx1112basic_stringIcSt11char_traitsIcESaIcEE4sizeEv
FN:1175,_ZNKSt7__cxx1112basic_stringIcSt11char_traitsIcESaIcEE6lengthEv
FNDA:0,_ZNKSt7__cxx1112basic_stringIcSt11char_traitsIcESaIcEE6lengthEv
FN:1181,_ZNKSt7__cxx1112basic_stringIcSt11char_traitsIcESaIcEE8max_sizeEv
FNDA:0,_ZNKSt7__cxx1112basic_stringIcSt11char_traitsIcESaIcEE8max_sizeEv
FN:1277,_ZNKSt7__cxx1112basic_stringIcSt11char_traitsIcESaIcEE8capacityEv
FNDA:0,_ZNKSt7__cxx1112basic_stringIcSt11char_traitsIcESaIcEE8capacityEv
FN:1740,_ZNSt7__cxx1112basic_stringIcSt11char_traitsIcESaIcEE6assignERKS4_
FNDA:7,_ZNSt7__cxx1112basic_stringIcSt11char_traitsIcESaIcEE6assignERKS4_
FN:2886,_ZNKSt7__cxx1112basic_stringIcSt11char_traitsIcESaIcEE4dataEv
FNDA:0,_ZNKSt7__cxx1112basic_stringIcSt11char_traitsIcESaIcEE4dataEv
FN:3461,_ZNKSt7__cxx1112basic_stringIcSt11char_traitsIcESaIcEE7compareERKS4_
FNDA:0,_ZNKSt7__cxx1112basic_stringIcSt11char_traitsIcESaIcEE7compareERKS4_
FN:4164,_ZStltIcSt11char_traitsIcESaIcEEbRKNSt7__cxx1112basic_stringIT_T0_T1_EESA_
FNDA:0,_ZStltIcSt11char_traitsIcESaIcEEbRKNSt7__cxx1112basic_stringIT_T0_T1_EESA_
DA:140,0
DA:142,0
DA:152,0
DA:204,0
DA:205,0
DA:208,0
DA:209,0
DA:228,0
DA:229,0
DA:233,0
DA:234,0
DA:238,0
DA:239,0
DA:243,0
DA:246,0
DA:254,0
DA:257,0
DA:265,0
DA:266,0
DA:270,0
DA:272,0
DA:273,0
DA:274,0
DA:278,0
DA:280,0
BRDA:280,0,0,-
BRDA:280,0,1,-
DA:282,0
BRDA:282,0,0,-
BRDA:282,0,1,-
DA:283,0
DA:284,0
DA:286,0
DA:296,0
DA:298,0
BRDA:298,0,0,-
BRDA:298,0,1,-
DA:299,0
DA:300,0
DA:304,0
DA:305,0
DA:359,0
DA:360,0
DA:364,0
DA:365,0
DA:378,0
DA:388,0
DA:448,0
DA:450,0
BRDA:450,0,0,-
BRDA:450,0,1,-
DA:451,0
DA:453,0
DA:454,0
DA:483,0
DA:489,0
DA:506,0
DA:551,0
DA:553,0
DA:555,0
BRDA:555,0,0,-
BRDA:555,0,1,-
DA:556,0
DA:557,0
BRDA:557,0,0,-
BRDA:557,0,1,-
DA:558,0
DA:560,0
DA:613,0
DA:614,0
DA:615,0
DA:617,0
BRDA:617,0,0,-
BRDA:617,0,1,-
DA:618,0
DA:706,0
DA:707,0
DA:710,0
BRDA:710,0,0,-
BRDA:710,0,1,-
DA:711,0
DA:713,0
BRDA:713,0,0,-
BRDA:713,0,1,-
DA:714,0
BRDA:714,0,0,-
BRDA:714,0,1,-
DA:715,0
DA:742,0
DA:743,0
DA:745,0
BRDA:745,0,0,-
BRDA:745,0,1,-
DA:748,0
DA:749,0
DA:753,0
DA:754,0
DA:760,0
DA:761,0
DA:762,0
DA:763,0
DA:895,0
DA:896,0
DA:904,7
DA:906,7
DA:1163,0
DA:1165,0
DA:1166,0
BRDA:1166,0,0,-
BRDA:1166,0,1,-
DA:1167,0
DA:1168,0
DA:1175,0
DA:1176,0
DA:1181,0
DA:1183,0
DA:1185,0
DA:1186,0
DA:1277,0
DA:1279,0
BRDA:1279,0,0,-
BRDA:1279,0,1,-
DA:1281,0
BRDA:1281,0,0,-
BRDA:1281,0,1,-
BRDA:1281,0,2,-
BRDA:1281,0,3,-
BRDA:1281,0,4,-
BRDA:1281,0,5,-
DA:1282,0
DA:1283,0
DA:1740,7
DA:1743,7
BRDA:1743,0,0,0
BRDA:1743,0,1,7
DA:1745,0
BRDA:1745,0,0,-
BRDA:1745,0,1,-
DA:1746,0
BRDA:1746,0,0,-
BRDA:1746,0,1,-
BRDA:1746,0,2,-
BRDA:1746,0,3,-
BRDA:1746,0,4,-
BRDA:1746,0,5,-
DA:1750,0
BRDA:1750,0,0,-
BRDA:1750,0,1,-
DA:1752,0
DA:1753,0
DA:1754,0
DA:1758,0
DA:1759,0
DA:1761,0
BRDA:1761,0,0,-
BRDA:1761,0,1,-
DA:1762,0
DA:1763,0
DA:1764,0
DA:1765,0
BRDA:1765,0,0,-
BRDA:1765,0,1,-
DA:1768,0
DA:1771,7
DA:1772,7
DA:2886,0
DA:2887,0
DA:3461,0
DA:3463,0
DA:3464,0
DA:3465,0
DA:3467,0
DA:3468,0
BRDA:3468,0,0,-
BRDA:3468,0,1,-
DA:3469,0
DA:3470,0
DA:4164,0
DA:4167,0
end_of_record
SF:D:\mingw64\include\c++\15.2.0\bits\stl_iterator_base_funcs.h
FN:186,_ZSt9__advanceIPKNSt7__cxx1112basic_stringIcSt11char_traitsIcESaIcEEExEvRT_T0_St26random_access_iterator_tag
FNDA:0,_ZSt9__advanceIPKNSt7__cxx1112basic_stringIcSt11char_traitsIcESaIcEEExEvRT_T0_St26random_access_iterator_tag
DA:108,25
DA:153,50
DA:154,50
DA:186,0
DA:197,0
DA:198,0
DA:225,0
DA:226,0
DA:227,0
end_of_record
SF:D:\mingw64\include\c++\15.2.0\bits\stl_iterator.h
DA:3011,0
DA:3082,0
end_of_record
SF:D:\mingw64\include\c++\15.2.0\bits\stl_uninitialized.h
FN:113,_ZNSt19_UninitDestroyGuardIPNSt7__cxx1112basic_stringIcSt11char_traitsIcESaIcEEEvEC1ERS6_
FNDA:27,_ZNSt19_UninitDestroyGuardIPNSt7__cxx1112basic_stringIcSt11char_traitsIcESaIcEEEvEC1ERS6_
FN:118,_ZNSt19_UninitDestroyGuardIPNSt7__cxx1112basic_stringIcSt11char_traitsIcESaIcEEEvED1Ev
FNDA:27,_ZNSt19_UninitDestroyGuardIPNSt7__cxx1112basic_stringIcSt11char_traitsIcESaIcEEEvED1Ev
FN:125,_ZNSt19_UninitDestroyGuardIPNSt7__cxx1112basic_stringIcSt11char_traitsIcESaIcEEEvE7releaseEv
FNDA:27,_ZNSt19_UninitDestroyGuardIPNSt7__cxx1112basic_stringIcSt11char_traitsIcESaIcEEEvE7releaseEv
FN:140,_ZSt16__do_uninit_copyIPKNSt7__cxx1112basic_stringIcSt11char_traitsIcESaIcEEES7_PS5_ET1_T_T0_S9_
FNDA:25,_ZSt16__do_uninit_copyIPKNSt7__cxx1112basic_stringIcSt11char_traitsIcESaIcEEES7_PS5_ET1_T_T0_S9_
FN:231,_ZSt18uninitialized_copyIPKNSt7__cxx1112basic_stringIcSt11char_traitsIcESaIcEEEPS5_ET0_T_SA_S9_
FNDA:25,_ZSt18uninitialized_copyIPKNSt7__cxx1112basic_stringIcSt11char_traitsIcESaIcEEEPS5_ET0_T_SA_S9_
FN:613,_ZSt22__uninitialized_copy_aIPKNSt7__cxx1112basic_stringIcSt11char_traitsIcESaIcEEES7_PS5_S5_ET1_T_T0_S9_RSaIT2_E
FNDA:25,_ZSt22__uninitialized_copy_aIPKNSt7__cxx1112basic_stringIcSt11char_traitsIcESaIcEEES7_PS5_S5_ET1_T_T0_S9_RSaIT2_E
DA:113,27
DA:114,27
DA:115,27
DA:118,27
DA:120,27
BRDA:120,0,0,0
BRDA:120,0,1,27
DA:121,0
DA:122,27
DA:125,27
DA:140,25
DA:143,25
DA:144,229
BRDA:144,0,0,204
BRDA:144,0,1,25
DA:145,408
BRDA:145,0,0,204
BRDA:145,0,1,0
DA:146,25
DA:147,25
DA:148,25
DA:231,25
DA:266,25
DA:613,25
DA:637,25
end_of_record
SF:D:\mingw64\include\c++\15.2.0\initializer_list
FN:71,_ZNKSt16initializer_listINSt7__cxx1112basic_stringIcSt11char_traitsIcESaIcEEEE4sizeEv
FNDA:25,_ZNKSt16initializer_listINSt7__cxx1112basic_stringIcSt11char_traitsIcESaIcEEEE4sizeEv
FN:75,_ZNKSt16initializer_listINSt7__cxx1112basic_stringIcSt11char_traitsIcESaIcEEEE5beginEv
FNDA:50,_ZNKSt16initializer_listINSt7__cxx1112basic_stringIcSt11char_traitsIcESaIcEEEE5beginEv
FN:79,_ZNKSt16initializer_listINSt7__cxx1112basic_stringIcSt11char_traitsIcESaIcEEEE3endEv
FNDA:25,_ZNKSt16initializer_listINSt7__cxx1112basic_stringIcSt11char_traitsIcESaIcEEEE3endEv
DA:71,25
DA:75,50
DA:79,25
end_of_record
SF:D:\mingw64\include\c++\15.2.0\bits\stl_function.h
FN:404,_ZNKSt4lessINSt7__cxx1112basic_stringIcSt11char_traitsIcESaIcEEEEclERKS5_S8_
FNDA:0,_ZNKSt4lessINSt7__cxx1112basic_stringIcSt11char_traitsIcESaIcEEEEclERKS5_S8_
FN:1179,_ZNKSt10_Select1stISt4pairIKNSt7__cxx1112basic_stringIcSt11char_traitsIcESaIcEEESt3mapIS6_St6vectorIS6_SaIS6_EESt4lessIS6_ESaIS0_IS7_SB_EEEEEclERKSH_
FNDA:147,_ZNKSt10_Select1stISt4pairIKNSt7__cxx1112basic_stringIcSt11char_traitsIcESaIcEEESt3mapIS6_St6vectorIS6_SaIS6_EESt4lessIS6_ESaIS0_IS7_SB_EEEEEclERKSH_
FN:1179,_ZNKSt10_Select1stISt4pairIKNSt7__cxx1112basic_stringIcSt11char_traitsIcESaIcEEESt6vectorIS6_SaIS6_EEEEclERKSB_
FNDA:1837,_ZNKSt10_Select1stISt4pairIKNSt7__cxx1112basic_stringIcSt11char_traitsIcESaIcEEESt6vectorIS6_SaIS6_EEEEclERKSB_
DA:404,0
DA:405,0
DA:1179,147
DA:1180,147
DA:1179,1837
DA:1180,1837
end_of_record
SF:D:\mingw64\include\c++\15.2.0\tuple
FN:212,_ZNSt10_Head_baseILy0EONSt7__cxx1112basic_stringIcSt11char_traitsIcESaIcEEELb0EEC2IS5_EEOT_
FNDA:90,_ZNSt10_Head_baseILy0EONSt7__cxx1112basic_stringIcSt11char_traitsIcESaIcEEELb0EEC2IS5_EEOT_
FN:246,_ZNSt10_Head_baseILy0EONSt7__cxx1112basic_stringIcSt11char_traitsIcESaIcEEELb0EE7_M_headERS7_
FNDA:90,_ZNSt10_Head_baseILy0EONSt7__cxx1112basic_stringIcSt11char_traitsIcESaIcEEELb0EE7_M_headERS7_
FN:554,_ZNSt11_Tuple_implILy0EJONSt7__cxx1112basic_stringIcSt11char_traitsIcESaIcEEEEE7_M_headERS7_
FNDA:90,_ZNSt11_Tuple_implILy0EJONSt7__cxx1112basic_stringIcSt11char_traitsIcESaIcEEEEE7_M_headERS7_
FN:570,_ZNSt11_Tuple_implILy0EJONSt7__cxx1112basic_stringIcSt11char_traitsIcESaIcEEEEEC2IS5_EEOT_
FNDA:90,_ZNSt11_Tuple_implILy0EJONSt7__cxx1112basic_stringIcSt11char_traitsIcESaIcEEEEEC2IS5_EEOT_
FN:584,_ZNSt11_Tuple_implILy0EJONSt7__cxx1112basic_stringIcSt11char_traitsIcESaIcEEEEEC2EOS7_
FNDA:90,_ZNSt11_Tuple_implILy0EJONSt7__cxx1112basic_stringIcSt11char_traitsIcESaIcEEEEEC2EOS7_
FN:1488,_ZNSt5tupleIJONSt7__cxx1112basic_stringIcSt11char_traitsIcESaIcEEEEEC1IJS5_ELb1ELb1EEEDpOT_
FNDA:90,_ZNSt5tupleIJONSt7__cxx1112basic_stringIcSt11char_traitsIcESaIcEEEEEC1IJS5_ELb1ELb1EEEDpOT_
FN:1504,_ZNSt5tupleIJONSt7__cxx1112basic_stringIcSt11char_traitsIcESaIcEEEEEC1EOS7_
FNDA:90,_ZNSt5tupleIJONSt7__cxx1112basic_stringIcSt11char_traitsIcESaIcEEEEEC1EOS7_
FN:2428,_ZSt12__get_helperILy0EONSt7__cxx1112basic_stringIcSt11char_traitsIcESaIcEEEJEERT0_RSt11_Tuple_implIXT_EJS7_DpT1_EE
FNDA:90,_ZSt12__get_helperILy0EONSt7__cxx1112basic_stringIcSt11char_traitsIcESaIcEEEJEERT0_RSt11_Tuple_implIXT_EJS7_DpT1_EE
FN:2444,_ZSt3getILy0EJONSt7__cxx1112basic_stringIcSt11char_traitsIcESaIcEEEEERNSt13tuple_elementIXT_ESt5tupleIJDpT0_EEE4typeERSB_
FNDA:90,_ZSt3getILy0EJONSt7__cxx1112basic_stringIcSt11char_traitsIcESaIcEEEEERNSt13tuple_elementIXT_ESt5tupleIJDpT0_EEE4typeERSB_
FN:2680,_ZSt16forward_as_tupleIJNSt7__cxx1112basic_stringIcSt11char_traitsIcESaIcEEEEESt5tupleIJDpOT_EES9_
FNDA:90,_ZSt16forward_as_tupleIJNSt7__cxx1112basic_stringIcSt11char_traitsIcESaIcEEEEESt5tupleIJDpOT_EES9_
FN:2871,_ZNSt4pairIKNSt7__cxx1112basic_stringIcSt11char_traitsIcESaIcEEESt3mapIS5_St6vectorIS5_SaIS5_EESt4lessIS5_ESaIS_IS6_SA_EEEEC1IJOS5_EJEEESt21piecewise_construct_tSt5tupleIJDpT_EESK_IJDpT0_EE
FNDA:5,_ZNSt4pairIKNSt7__cxx1112basic_stringIcSt11char_traitsIcESaIcEEESt3mapIS5_St6vectorIS5_SaIS5_EESt4lessIS5_ESaIS_IS6_SA_EEEEC1IJOS5_EJEEESt21piecewise_construct_tSt5tupleIJDpT_EESK_IJDpT0_EE
FN:2871,_ZNSt4pairIKNSt7__cxx1112basic_stringIcSt11char_traitsIcESaIcEEESt6vectorIS5_SaIS5_EEEC1IJOS5_EJEEESt21piecewise_construct_tSt5tupleIJDpT_EESE_IJDpT0_EE
FNDA:25,_ZNSt4pairIKNSt7__cxx1112basic_stringIcSt11char_traitsIcESaIcEEESt6vectorIS5_SaIS5_EEEC1IJOS5_EJEEESt21piecewise_construct_tSt5tupleIJDpT_EESE_IJDpT0_EE
FN:2883,_ZNSt4pairIKNSt7__cxx1112basic_stringIcSt11char_traitsIcESaIcEEESt3mapIS5_St6vectorIS5_SaIS5_EESt4lessIS5_ESaIS_IS6_SA_EEEEC1IJOS5_EJLy0EEJEJEEERSt5tupleIJDpT_EERSJ_IJDpT1_EESt12_Index_tupleIJXspT0_EEESS_IJXspT2_EEE
FNDA:5,_ZNSt4pairIKNSt7__cxx1112basic_stringIcSt11char_traitsIcESaIcEEESt3mapIS5_St6vectorIS5_SaIS5_EESt4lessIS5_ESaIS_IS6_SA_EEEEC1IJOS5_EJLy0EEJEJEEERSt5tupleIJDpT_EERSJ_IJDpT1_EESt12_Index_tupleIJXspT0_EEESS_IJXspT2_EEE
FN:2883,_ZNSt4pairIKNSt7__cxx1112basic_stringIcSt11char_traitsIcESaIcEEESt6vectorIS5_SaIS5_EEEC1IJOS5_EJLy0EEJEJEEERSt5tupleIJDpT_EERSD_IJDpT1_EESt12_Index_tupleIJXspT0_EEESM_IJXspT2_EEE
FNDA:25,_ZNSt4pairIKNSt7__cxx1112basic_stringIcSt11char_traitsIcESaIcEEESt6vectorIS5_SaIS5_EEEC1IJOS5_EJLy0EEJEJEEERSt5tupleIJDpT_EERSD_IJDpT1_EESt12_Index_tupleIJXspT0_EEESM_IJXspT2_EEE
DA:212,90
DA:213,90
DA:246,90
DA:554,90
DA:570,90
DA:571,180
DA:572,90
DA:584,90
DA:586,90
DA:587,90
DA:1488,90
DA:1490,180
DA:1491,90
DA:1504,90
DA:2428,90
DA:2429,90
DA:2444,90
DA:2445,90
DA:2680,90
DA:2681,90
DA:2871,5
DA:2876,5
DA:2877,5
DA:2871,25
DA:2876,25
DA:2877,25
DA:2883,5
DA:2886,10
DA:2887,5
DA:2888,5
DA:2883,25
DA:2886,50
DA:2887,25
DA:2888,25
end_of_record
SF:D:\mingw64\include\c++\15.2.0\bits\basic_string.tcc
FN:143,_ZNSt7__cxx1112basic_stringIcSt11char_traitsIcESaIcEE9_M_createERyy
FNDA:0,_ZNSt7__cxx1112basic_stringIcSt11char_traitsIcESaIcEE9_M_createERyy
FN:227,_ZNSt7__cxx1112basic_stringIcSt11char_traitsIcESaIcEE12_M_constructIPKcEEvT_S8_St20forward_iterator_tag
FNDA:0,_ZNSt7__cxx1112basic_stringIcSt11char_traitsIcESaIcEE12_M_constructIPKcEEvT_S8_St20forward_iterator_tag
FN:245,_ZZNSt7__cxx1112basic_stringIcSt11char_traitsIcESaIcEE12_M_constructIPKcEEvT_S8_St20forward_iterator_tagEN6_GuardC1EPS4_
FNDA:0,_ZZNSt7__cxx1112basic_stringIcSt11char_traitsIcESaIcEE12_M_constructIPKcEEvT_S8_St20forward_iterator_tagEN6_GuardC1EPS4_
FN:248,_ZZNSt7__cxx1112basic_stringIcSt11char_traitsIcESaIcEE12_M_constructIPKcEEvT_S8_St20forward_iterator_tagEN6_GuardD1Ev
FNDA:0,_ZZNSt7__cxx1112basic_stringIcSt11char_traitsIcESaIcEE12_M_constructIPKcEEvT_S8_St20forward_iterator_tagEN6_GuardD1Ev
FN:286,_ZNSt7__cxx1112basic_stringIcSt11char_traitsIcESaIcEE12_M_constructILb1EEEvPKcy
FNDA:0,_ZNSt7__cxx1112basic_stringIcSt11char_traitsIcESaIcEE12_M_constructILb1EEEvPKcy
FN:308,_ZNSt7__cxx1112basic_stringIcSt11char_traitsIcESaIcEE9_M_assignERKS4_
FNDA:7,_ZNSt7__cxx1112basic_stringIcSt11char_traitsIcESaIcEE9_M_assignERKS4_
DA:143,0
DA:148,0
BRDA:148,0,0,-
BRDA:148,0,1,-
DA:149,0
DA:154,0
BRDA:154,0,0,-
BRDA:154,0,1,-
BRDA:154,0,2,-
BRDA:154,0,3,-
DA:156,0
DA:158,0
BRDA:158,0,0,-
BRDA:158,0,1,-
DA:159,0
DA:164,0
DA:227,0
DA:231,0
DA:233,0
BRDA:233,0,0,-
BRDA:233,0,1,-
DA:235,0
BRDA:235,0,0,-
BRDA:235,0,1,-
DA:236,0
DA:245,0
DA:248,0
BRDA:248,0,0,-
BRDA:248,0,1,-
DA:251,0
DA:253,0
DA:255,0
DA:257,0
BRDA:257,0,0,-
BRDA:257,0,1,-
DA:258,0
DA:286,0
DA:289,0
BRDA:289,0,0,-
BRDA:289,0,1,-
DA:291,0
DA:292,0
DA:298,0
DA:300,0
DA:303,0
DA:308,7
DA:311,7
BRDA:311,0,0,7
BRDA:311,0,1,0
DA:313,7
DA:314,7
DA:316,7
BRDA:316,0,0,2
BRDA:316,0,1,5
DA:318,2
DA:319,2
BRDA:319,0,0,2
BRDA:319,0,1,0
DA:320,2
BRDA:320,0,0,2
BRDA:320,0,1,0
DA:321,2
DA:322,2
DA:325,7
BRDA:325,0,0,7
BRDA:325,0,1,0
DA:326,7
DA:328,7
DA:330,7
end_of_record
SF:D:\mingw64\include\c++\15.2.0\bits\stl_algobase.h
FN:234,_ZSt3minIyERKT_S2_S2_
FNDA:0,_ZSt3minIyERKT_S2_S2_
FN:413,_ZSt14__copy_move_a2ILb0EPKNSt7__cxx1112basic_stringIcSt11char_traitsIcESaIcEEES7_PS5_ET2_T0_T1_S9_
FNDA:0,_ZSt14__copy_move_a2ILb0EPKNSt7__cxx1112basic_stringIcSt11char_traitsIcESaIcEEES7_PS5_ET2_T0_T1_S9_
FN:633,_ZSt4copyIPKNSt7__cxx1112basic_stringIcSt11char_traitsIcESaIcEEEPS5_ET0_T_SA_S9_
FNDA:0,_ZSt4copyIPKNSt7__cxx1112basic_stringIcSt11char_traitsIcESaIcEEEPS5_ET0_T_SA_S9_
DA:234,0
DA:239,0
BRDA:239,0,0,-
BRDA:239,0,1,-
DA:240,0
DA:241,0
DA:407,0
DA:408,0
DA:413,0
DA:461,0
BRDA:461,0,0,-
BRDA:461,0,1,-
DA:463,0
DA:492,0
DA:500,0
DA:503,0
DA:633,0
DA:642,0
end_of_record
SF:D:\mingw64\include\c++\15.2.0\bits\stl_vector.h
FN:105,_ZNSt12_Vector_baseINSt7__cxx1112basic_stringIcSt11char_traitsIcESaIcEEESaIS5_EE17_Vector_impl_dataC2Ev
FNDA:51,_ZNSt12_Vector_baseINSt7__cxx1112basic_stringIcSt11char_traitsIcESaIcEEESaIS5_EE17_Vector_impl_dataC2Ev
[...]
FN:1893,_ZNSt8_Rb_treeINSt7__cxx1112basic_stringIcSt11char_traitsIcESaIcEEESt4pairIKS5_iESt10_Select1stIS8_ESt4lessIS5_ESaIS8_EE11lower_boundERS7_
FNDA:0,_ZNSt8_Rb_treeINSt7__cxx1112basic_stringIcSt11char_traitsIcESaIcEEESt4pairIKS5_iESt10_Select1stIS8_ESt4lessIS5_ESaIS8_EE11lower_boundERS7_
FN:1897,_ZNKSt8_Rb_treeINSt7__cxx1112basic_stringIcSt11char_traitsIcESaIcEEESt4pairIKS5_iESt10_Select1stIS8_ESt4lessIS5_ESaIS8_EE11lower_boundERS7_
FNDA:0,_ZNKSt8_Rb_treeINSt7__cxx1112basic_stringIcSt11char_traitsIcESaIcEEESt4pairIKS5_iESt10_Select1stIS8_ESt4lessIS5_ESaIS8_EE11lower_boundERS7_
FN:2582,_ZNSt8_Rb_treeINSt7__cxx1112basic_stringIcSt11char_traitsIcESaIcEEESt4pairIKS5_iESt10_Select1stIS8_ESt4lessIS5_ESaIS8_EE8_M_eraseEPSt13_Rb_tree_nodeIS8_E
FNDA:0,_ZNSt8_Rb_treeINSt7__cxx1112basic_stringIcSt11char_traitsIcESaIcEEESt4pairIKS5_iESt10_Select1stIS8_ESt4lessIS5_ESaIS8_EE8_M_eraseEPSt13_Rb_tree_nodeIS8_E
FN:2599,_ZNKSt8_Rb_treeINSt7__cxx1112basic_stringIcSt11char_traitsIcESaIcEEESt4pairIKS5_iESt10_Select1stIS8_ESt4lessIS5_ESaIS8_EE14_M_lower_boundEPSt18_Rb_tree_node_baseSG_RS7_
FNDA:0,_ZNKSt8_Rb_treeINSt7__cxx1112basic_stringIcSt11char_traitsIcESaIcEEESt4pairIKS5_iESt10_Select1stIS8_ESt4lessIS5_ESaIS8_EE14_M_lower_boundEPSt18_Rb_tree_node_baseSG_RS7_
DA:134,0
DA:135,0
DA:230,0
DA:231,0
DA:234,0
DA:235,0
DA:239,0
DA:240,0
DA:388,0
DA:389,0
DA:392,0
DA:393,0
DA:430,0
DA:432,0
DA:463,0
DA:464,0
DA:470,0
DA:471,0
DA:508,0
DA:510,0
DA:1154,0
DA:1155,0
DA:1188,0
DA:1191,0
DA:1207,0
DA:1260,0
DA:1265,0
DA:1266,0
DA:1268,0
DA:1271,0
DA:1273,0
DA:1274,0
DA:1275,0
DA:1377,0
DA:1378,0
DA:1381,0
DA:1383,0
DA:1385,0
BRDA:1385,0,0,-
BRDA:1385,0,1,-
DA:1386,0
DA:1390,0
DA:1391,0
DA:1394,0
DA:1412,0
DA:1416,0
DA:1417,0
DA:1424,0
DA:1425,0
DA:1428,0
DA:1430,0
DA:1431,0
BRDA:1431,0,0,-
BRDA:1431,0,1,-
DA:1432,0
DA:1436,0
DA:1437,0
DA:1440,0
DA:1442,0
DA:1443,0
BRDA:1443,0,0,-
BRDA:1443,0,1,-
DA:1444,0
DA:1608,0
DA:1609,0
DA:1616,0
DA:1617,0
DA:1628,0
DA:1629,0
DA:1632,0
DA:1633,0
DA:1893,0
DA:1894,0
BRDA:1894,0,0,-
BRDA:1894,0,1,-
DA:1897,0
DA:1899,0
BRDA:1899,0,0,-
BRDA:1899,0,1,-
DA:1900,0
DA:2582,0
DA:2586,0
BRDA:2586,0,0,-
BRDA:2586,0,1,-
DA:2588,0
DA:2589,0
DA:2590,0
DA:2591,0
DA:2593,0
DA:2599,0
DA:2603,0
BRDA:2603,0,0,-
BRDA:2603,0,1,-
DA:2604,0
BRDA:2604,0,0,-
BRDA:2604,0,1,-
DA:2605,0
DA:2607,0
DA:2608,0
end_of_record
TN:
SF:D:\mingw64\include\c++\15.2.0\bits\basic_string.tcc
FN:143,_ZNSt7__cxx1112basic_stringIcSt11char_traitsIcESaIcEE9_M_createERyy
FNDA:0,_ZNSt7__cxx1112basic_stringIcSt11char_traitsIcESaIcEE9_M_createERyy
FN:286,_ZNSt7__cxx1112basic_stringIcSt11char_traitsIcESaIcEE12_M_constructILb1EEEvPKcy
FNDA:0,_ZNSt7__cxx1112basic_stringIcSt11char_traitsIcESaIcEE12_M_constructILb1EEEvPKcy
FN:308,_ZNSt7__cxx1112basic_stringIcSt11char_traitsIcESaIcEE9_M_assignERKS4_
FNDA:0,_ZNSt7__cxx1112basic_stringIcSt11char_traitsIcESaIcEE9_M_assignERKS4_
DA:143,0
DA:148,0
BRDA:148,0,0,-
BRDA:148,0,1,-
DA:149,0
DA:154,0
BRDA:154,0,0,-
BRDA:154,0,1,-
BRDA:154,0,2,-
BRDA:154,0,3,-
DA:156,0
DA:158,0
BRDA:158,0,0,-
BRDA:158,0,1,-
DA:159,0
DA:164,0
DA:286,0
DA:289,0
BRDA:289,0,0,-
BRDA:289,0,1,-
DA:291,0
DA:292,0
DA:298,0
DA:300,0
DA:303,0
DA:308,0
DA:311,0
BRDA:311,0,0,-
BRDA:311,0,1,-
DA:313,0
DA:314,0
DA:316,0
BRDA:316,0,0,-
BRDA:316,0,1,-
DA:318,0
DA:319,0
BRDA:319,0,0,-
BRDA:319,0,1,-
DA:320,0
BRDA:320,0,0,-
BRDA:320,0,1,-
DA:321,0
DA:322,0
DA:325,0
BRDA:325,0,0,-
BRDA:325,0,1,-
DA:326,0
DA:328,0
DA:330,0
end_of_record
SF:D:\mingw64\include\c++\15.2.0\bits\stl_algobase.h
FN:234,_ZSt3minIyERKT_S2_S2_
FNDA:0,_ZSt3minIyERKT_S2_S2_
FN:413,_ZSt14__copy_move_a2ILb0EP8FeedbackS1_S1_ET2_T0_T1_S2_
FNDA:0,_ZSt14__copy_move_a2ILb0EP8FeedbackS1_S1_ET2_T0_T1_S2_
FN:413,_ZSt14__copy_move_a2ILb0EPK8FeedbackS2_PS0_ET2_T0_T1_S4_
FNDA:0,_ZSt14__copy_move_a2ILb0EPK8FeedbackS2_PS0_ET2_T0_T1_S4_
FN:633,_ZSt4copyIP8FeedbackS1_ET0_T_S3_S2_
FNDA:0,_ZSt4copyIP8FeedbackS1_ET0_T_S3_S2_
FN:633,_ZSt4copyIN9__gnu_cxx17__normal_iteratorIPK8FeedbackSt6vectorIS2_SaIS2_EEEENS1_IPS2_S7_EEET0_T_SC_SB_
FNDA:0,_ZSt4copyIN9__gnu_cxx17__normal_iteratorIPK8FeedbackSt6vectorIS2_SaIS2_EEEENS1_IPS2_S7_EEET0_T_SC_SB_
DA:234,0
DA:239,0
BRDA:239,0,0,-
BRDA:239,0,1,-
DA:240,0
DA:241,0
DA:407,0
DA:408,0
DA:413,0
DA:461,0
BRDA:461,0,0,-
BRDA:461,0,1,-
DA:463,0
DA:413,0
DA:461,0
BRDA:461,0,0,-
BRDA:461,0,1,-
DA:463,0
DA:492,0
DA:500,0
DA:503,0
DA:633,0
DA:642,0
DA:633,0
DA:642,0
end_of_record
SF:D:\mingw64\include\c++\15.2.0\bits\stl_vector.h
FN:307,_ZNSt12_Vector_baseI8FeedbackSaIS0_EE19_M_get_Tp_allocatorEv
FNDA:0,_ZNSt12_Vector_baseI8FeedbackSaIS0_EE19_M_get_Tp_allocatorEv
FN:312,_ZNKSt12_Vector_baseI8FeedbackSaIS0_EE19_M_get_Tp_allocatorEv
FNDA:0,_ZNKSt12_Vector_baseI8FeedbackSaIS0_EE19_M_get_Tp_allocatorEv
FN:384,_ZNSt12_Vector_baseI8FeedbackSaIS0_EE11_M_allocateEy
FNDA:0,_ZNSt12_Vector_baseI8FeedbackSaIS0_EE11_M_allocateEy
FN:392,_ZNSt12_Vector_baseI8FeedbackSaIS0_EE13_M_deallocateEPS0_y
FNDA:0,_ZNSt12_Vector_baseI8FeedbackSaIS0_EE13_M_deallocateEPS0_y
FN:998,_ZNSt6vectorI8FeedbackSaIS0_EE5beginEv
FNDA:0,_ZNSt6vectorI8FeedbackSaIS0_EE5beginEv
FN:1008,_ZNKSt6vectorI8FeedbackSaIS0_EE5beginEv
FNDA:0,_ZNKSt6vectorI8FeedbackSaIS0_EE5beginEv
FN:1018,_ZNSt6vectorI8FeedbackSaIS0_EE3endEv
FNDA:0,_ZNSt6vectorI8FeedbackSaIS0_EE3endEv
FN:1028,_ZNKSt6vectorI8FeedbackSaIS0_EE3endEv
FNDA:0,_ZNKSt6vectorI8FeedbackSaIS0_EE3endEv
FN:1117,_ZNKSt6vectorI8FeedbackSaIS0_EE4sizeEv
FNDA:0,_ZNKSt6vectorI8FeedbackSaIS0_EE4sizeEv
FN:1208,_ZNKSt6vectorI8FeedbackSaIS0_EE8capacityEv
FNDA:0,_ZNKSt6vectorI8FeedbackSaIS0_EE8capacityEv
FN:1223,_ZNKSt6vectorI8FeedbackSaIS0_EE5emptyEv
FNDA:0,_ZNKSt6vectorI8FeedbackSaIS0_EE5emptyEv
FN:1863,_ZNSt6vectorI8FeedbackSaIS0_EE5clearEv
FNDA:0,_ZNSt6vectorI8FeedbackSaIS0_EE5clearEv
FN:1875,_ZNSt6vectorI8FeedbackSaIS0_EE12_Guard_allocC1EPS0_yRSt12_Vector_baseIS0_S1_E
FNDA:0,_ZNSt6vectorI8FeedbackSaIS0_EE12_Guard_allocC1EPS0_yRSt12_Vector_baseIS0_S1_E
FN:1880,_ZNSt6vectorI8FeedbackSaIS0_EE12_Guard_allocD1Ev
FNDA:0,_ZNSt6vectorI8FeedbackSaIS0_EE12_Guard_allocD1Ev
FN:1888,_ZNSt6vectorI8FeedbackSaIS0_EE12_Guard_alloc10_M_releaseEv
FNDA:0,_ZNSt6vectorI8FeedbackSaIS0_EE12_Guard_alloc10_M_releaseEv
FN:1907,_ZNSt6vectorI8FeedbackSaIS0_EE20_M_allocate_and_copyIN9__gnu_cxx17__normal_iteratorIPKS0_S2_EEEEPS0_yT_SA_
FNDA:0,_ZNSt6vectorI8FeedbackSaIS0_EE20_M_allocate_and_copyIN9__gnu_cxx17__normal_iteratorIPKS0_S2_EEEEPS0_yT_SA_
FN:2234,_ZNSt6vectorI8FeedbackSaIS0_EE15_M_erase_at_endEPS0_
FNDA:0,_ZNSt6vectorI8FeedbackSaIS0_EE15_M_erase_at_endEPS0_
DA:307,0
DA:308,0
DA:312,0
DA:313,0
DA:384,0
DA:387,0
BRDA:387,0,0,-
BRDA:387,0,1,-
DA:392,0
DA:395,0
BRDA:395,0,0,-
BRDA:395,0,1,-
DA:396,0
DA:397,0
DA:998,0
DA:999,0
DA:1008,0
DA:1009,0
DA:1018,0
DA:1019,0
DA:1028,0
DA:1029,0
DA:1117,0
DA:1119,0
DA:1120,0
BRDA:1120,0,0,-
BRDA:1120,0,1,-
DA:1121,0
DA:1122,0
DA:1208,0
DA:1210,0
DA:1211,0
DA:1212,0
BRDA:1212,0,0,-
BRDA:1212,0,1,-
DA:1213,0
DA:1214,0
DA:1223,0
DA:1224,0
DA:1863,0
DA:1864,0
DA:1875,0
DA:1876,0
DA:1877,0
DA:1880,0
DA:1882,0
BRDA:1882,0,0,-
BRDA:1882,0,1,-
DA:1883,0
DA:1884,0
DA:1888,0
DA:1890,0
DA:1891,0
DA:1892,0
DA:1907,0
DA:1910,0
BRDA:1910,0,0,-
BRDA:1910,0,1,-
DA:1912,0
BRDA:1912,0,0,-
BRDA:1912,0,1,-
DA:1913,0
DA:1914,0
DA:2234,0
DA:2236,0
BRDA:2236,0,0,-
BRDA:2236,0,1,-
DA:2238,0
DA:2239,0
DA:2240,0
DA:2243,0
end_of_record
SF:D:\mingw64\include\c++\15.2.0\bits\alloc_traits.h
DA:614,0
DA:649,0
DA:712,0
DA:726,0
DA:850,0
DA:1045,0
DA:1046,0
end_of_record
SF:D:\mingw64\include\c++\15.2.0\bits\allocator.h
DA:173,0
DA:189,0
DA:228,0
end_of_record
SF:D:\mingw64\include\c++\15.2.0\bits\basic_string.h
FN:140,_ZNSt7__cxx1112basic_stringIcSt11char_traitsIcESaIcEE11_S_allocateERS3_y
FNDA:0,_ZNSt7__cxx1112basic_stringIcSt11char_traitsIcESaIcEE11_S_allocateERS3_y
FN:208,_ZNSt7__cxx1112basic_stringIcSt11char_traitsIcESaIcEE12_Alloc_hiderC1EPcOS3_
FNDA:0,_ZNSt7__cxx1112basic_stringIcSt11char_traitsIcESaIcEE12_Alloc_hiderC1EPcOS3_
FN:228,_ZNSt7__cxx1112basic_stringIcSt11char_traitsIcESaIcEE7_M_dataEPc
FNDA:0,_ZNSt7__cxx1112basic_stringIcSt11char_traitsIcESaIcEE7_M_dataEPc
FN:233,_ZNSt7__cxx1112basic_stringIcSt11char_traitsIcESaIcEE9_M_lengthEy
FNDA:0,_ZNSt7__cxx1112basic_stringIcSt11char_traitsIcESaIcEE9_M_lengthEy
FN:238,_ZNKSt7__cxx1112basic_stringIcSt11char_traitsIcESaIcEE7_M_dataEv
FNDA:0,_ZNKSt7__cxx1112basic_stringIcSt11char_traitsIcESaIcEE7_M_dataEv
FN:243,_ZNSt7__cxx1112basic_stringIcSt11char_traitsIcESaIcEE13_M_local_dataEv
FNDA:0,_ZNSt7__cxx1112basic_stringIcSt11char_traitsIcESaIcEE13_M_local_dataEv
FN:254,_ZNKSt7__cxx1112basic_stringIcSt11char_traitsIcESaIcEE13_M_local_dataEv
FNDA:0,_ZNKSt7__cxx1112basic_stringIcSt11char_traitsIcESaIcEE13_M_local_dataEv
FN:265,_ZNSt7__cxx1112basic_stringIcSt11char_traitsIcESaIcEE11_M_capacityEy
FNDA:0,_ZNSt7__cxx1112basic_stringIcSt11char_traitsIcESaIcEE11_M_capacityEy
FN:270,_ZNSt7__cxx1112basic_stringIcSt11char_traitsIcESaIcEE13_M_set_lengthEy
FNDA:0,_ZNSt7__cxx1112basic_stringIcSt11char_traitsIcESaIcEE13_M_set_lengthEy
FN:278,_ZNKSt7__cxx1112basic_stringIcSt11char_traitsIcESaIcEE11_M_is_localEv
FNDA:0,_ZNKSt7__cxx1112basic_stringIcSt11char_traitsIcESaIcEE11_M_is_localEv
FN:296,_ZNSt7__cxx1112basic_stringIcSt11char_traitsIcESaIcEE10_M_disposeEv
FNDA:0,_ZNSt7__cxx1112basic_stringIcSt11char_traitsIcESaIcEE10_M_disposeEv
FN:304,_ZNSt7__cxx1112basic_stringIcSt11char_traitsIcESaIcEE10_M_destroyEy
FNDA:0,_ZNSt7__cxx1112basic_stringIcSt11char_traitsIcESaIcEE10_M_destroyEy
FN:359,_ZNSt7__cxx1112basic_stringIcSt11char_traitsIcESaIcEE16_M_get_allocatorEv
FNDA:0,_ZNSt7__cxx1112basic_stringIcSt11char_traitsIcESaIcEE16_M_get_allocatorEv
FN:364,_ZNKSt7__cxx1112basic_stringIcSt11char_traitsIcESaIcEE16_M_get_allocatorEv
FNDA:0,_ZNKSt7__cxx1112basic_stringIcSt11char_traitsIcESaIcEE16_M_get_allocatorEv
FN:448,_ZNSt7__cxx1112basic_stringIcSt11char_traitsIcESaIcEE7_S_copyEPcPKcy
FNDA:0,_ZNSt7__cxx1112basic_stringIcSt11char_traitsIcESaIcEE7_S_copyEPcPKcy
FN:613,_ZNSt7__cxx1112basic_stringIcSt11char_traitsIcESaIcEEC1ERKS4_
FNDA:0,_ZNSt7__cxx1112basic_stringIcSt11char_traitsIcESaIcEEC1ERKS4_
FN:895,_ZNSt7__cxx1112basic_stringIcSt11char_traitsIcESaIcEED1Ev
FNDA:0,_ZNSt7__cxx1112basic_stringIcSt11char_traitsIcESaIcEED1Ev
FN:904,_ZNSt7__cxx1112basic_stringIcSt11char_traitsIcESaIcEEaSERKS4_
FNDA:0,_ZNSt7__cxx1112basic_stringIcSt11char_traitsIcESaIcEEaSERKS4_
FN:1163,_ZNKSt7__cxx1112basic_stringIcSt11char_traitsIcESaIcEE4sizeEv
FNDA:0,_ZNKSt7__cxx1112basic_stringIcSt11char_traitsIcESaIcEE4sizeEv
FN:1175,_ZNKSt7__cxx1112basic_stringIcSt11char_traitsIcESaIcEE6lengthEv
FNDA:0,_ZNKSt7__cxx1112basic_stringIcSt11char_traitsIcESaIcEE6lengthEv
FN:1181,_ZNKSt7__cxx1112basic_stringIcSt11char_traitsIcESaIcEE8max_sizeEv
FNDA:0,_ZNKSt7__cxx1112basic_stringIcSt11char_traitsIcESaIcEE8max_sizeEv
FN:1277,_ZNKSt7__cxx1112basic_stringIcSt11char_traitsIcESaIcEE8capacityEv
FNDA:0,_ZNKSt7__cxx1112basic_stringIcSt11char_traitsIcESaIcEE8capacityEv
FN:1740,_ZNSt7__cxx1112basic_stringIcSt11char_traitsIcESaIcEE6assignERKS4_
FNDA:0,_ZNSt7__cxx1112basic_stringIcSt11char_traitsIcESaIcEE6assignERKS4_
DA:140,0
DA:142,0
DA:152,0
DA:208,0
DA:209,0
DA:228,0
DA:229,0
DA:233,0
DA:234,0
DA:238,0
DA:239,0
DA:243,0
DA:246,0
DA:254,0
DA:257,0
DA:265,0
DA:266,0
DA:270,0
DA:272,0
DA:273,0
DA:274,0
DA:278,0
DA:280,0
BRDA:280,0,0,-
BRDA:280,0,1,-
DA:282,0
BRDA:282,0,0,-
BRDA:282,0,1,-
DA:283,0
DA:284,0
DA:286,0
DA:296,0
DA:298,0
BRDA:298,0,0,-
BRDA:298,0,1,-
DA:299,0
DA:300,0
DA:304,0
DA:305,0
DA:359,0
DA:360,0
DA:364,0
DA:365,0
DA:378,0
DA:388,0
DA:448,0
DA:450,0
BRDA:450,0,0,-
BRDA:450,0,1,-
DA:451,0
DA:453,0
DA:454,0
DA:613,0
DA:614,0
DA:615,0
DA:617,0
BRDA:617,0,0,-
BRDA:617,0,1,-
DA:618,0
DA:895,0
DA:896,0
DA:904,0
DA:906,0
DA:1163,0
DA:1165,0
DA:1166,0
BRDA:1166,0,0,-
BRDA:1166,0,1,-
DA:1167,0
DA:1168,0
DA:1175,0
DA:1176,0
DA:1181,0
DA:1183,0
DA:1185,0
DA:1186,0
DA:1277,0
DA:1279,0
BRDA:1279,0,0,-
BRDA:1279,0,1,-
DA:1281,0
BRDA:1281,0,0,-
BRDA:1281,0,1,-
BRDA:1281,0,2,-
BRDA:1281,0,3,-
BRDA:1281,0,4,-
BRDA:1281,0,5,-
DA:1282,0
DA:1283,0
DA:1740,0
DA:1743,0
BRDA:1743,0,0,-
BRDA:1743,0,1,-
DA:1745,0
BRDA:1745,0,0,-
BRDA:1745,0,1,-
DA:1746,0
BRDA:1746,0,0,-
BRDA:1746,0,1,-
BRDA:1746,0,2,-
BRDA:1746,0,3,-
BRDA:1746,0,4,-
BRDA:1746,0,5,-
DA:1750,0
BRDA:1750,0,0,-
BRDA:1750,0,1,-
DA:1752,0
DA:1753,0
DA:1754,0
DA:1758,0
DA:1759,0
DA:1761,0
BRDA:1761,0,0,-
BRDA:1761,0,1,-
DA:1762,0
DA:1763,0
DA:1764,0
DA:1765,0
BRDA:1765,0,0,-
BRDA:1765,0,1,-
DA:1768,0
DA:1771,0
DA:1772,0
end_of_record
SF:D:\mingw64\include\c++\15.2.0\bits\new_allocator.h
FN:104,_ZNSt15__new_allocatorIcED2Ev
FNDA:0,_ZNSt15__new_allocatorIcED2Ev
FN:126,_ZNSt15__new_allocatorIcE8allocateEyPKv
FNDA:0,_ZNSt15__new_allocatorIcE8allocateEyPKv
FN:126,_ZNSt15__new_allocatorI8FeedbackE8allocateEyPKv
FNDA:0,_ZNSt15__new_allocatorI8FeedbackE8allocateEyPKv
FN:156,_ZNSt15__new_allocatorIcE10deallocateEPcy
FNDA:0,_ZNSt15__new_allocatorIcE10deallocateEPcy
FN:156,_ZNSt15__new_allocatorI8FeedbackE10deallocateEPS0_y
FNDA:0,_ZNSt15__new_allocatorI8FeedbackE10deallocateEPS0_y
DA:92,0
DA:104,0
DA:126,0
DA:134,0
BRDA:134,0,0,-
BRDA:134,0,1,-
DA:140,0
DA:151,0
DA:126,0
DA:134,0
BRDA:134,0,0,-
BRDA:134,0,1,-
DA:138,0
BRDA:138,0,0,-
BRDA:138,0,1,-
DA:139,0
DA:140,0
DA:151,0
DA:156,0
DA:172,0
DA:156,0
DA:172,0
DA:183,0
DA:233,0
end_of_record
SF:D:\mingw64\include\c++\15.2.0\bits\stl_iterator.h
FN:3073,_ZSt12__niter_wrapIN9__gnu_cxx17__normal_iteratorIP8FeedbackSt6vectorIS2_SaIS2_EEEES3_ET_S8_T0_
FNDA:0,_ZSt12__niter_wrapIN9__gnu_cxx17__normal_iteratorIP8FeedbackSt6vectorIS2_SaIS2_EEEES3_ET_S8_T0_
DA:1058,0
DA:1059,0
DA:1090,21
DA:1103,21
DA:1104,21
DA:1148,0
DA:1166,33
DA:1231,0
DA:1247,66
DA:3002,0
DA:3011,0
DA:3073,0
DA:3074,0
DA:3082,0
end_of_record
SF:D:\DEV\FeedbackAnalyzer_09\src\cpp\Feedback.h
FN:12,_ZNK8Feedback7getTextB5cxx11Ev
FNDA:0,_ZNK8Feedback7getTextB5cxx11Ev
DA:12,0
end_of_record
SF:D:\mingw64\include\c++\15.2.0\bits\stl_uninitialized.h
FN:113,_ZNSt19_UninitDestroyGuardIP8FeedbackvEC1ERS1_
FNDA:0,_ZNSt19_UninitDestroyGuardIP8FeedbackvEC1ERS1_
FN:118,_ZNSt19_UninitDestroyGuardIP8FeedbackvED1Ev
FNDA:0,_ZNSt19_UninitDestroyGuardIP8FeedbackvED1Ev
FN:125,_ZNSt19_UninitDestroyGuardIP8FeedbackvE7releaseEv
FNDA:0,_ZNSt19_UninitDestroyGuardIP8FeedbackvE7releaseEv
FN:140,_ZSt16__do_uninit_copyIN9__gnu_cxx17__normal_iteratorIPK8FeedbackSt6vectorIS2_SaIS2_EEEES8_PS2_ET1_T_T0_SA_
FNDA:0,_ZSt16__do_uninit_copyIN9__gnu_cxx17__normal_iteratorIPK8FeedbackSt6vectorIS2_SaIS2_EEEES8_PS2_ET1_T_T0_SA_
FN:140,_ZSt16__do_uninit_copyIP8FeedbackS1_S1_ET1_T_T0_S2_
FNDA:0,_ZSt16__do_uninit_copyIP8FeedbackS1_S1_ET1_T_T0_S2_
FN:231,_ZSt18uninitialized_copyIN9__gnu_cxx17__normal_iteratorIPK8FeedbackSt6vectorIS2_SaIS2_EEEEPS2_ET0_T_SB_SA_
FNDA:0,_ZSt18uninitialized_copyIN9__gnu_cxx17__normal_iteratorIPK8FeedbackSt6vectorIS2_SaIS2_EEEEPS2_ET0_T_SB_SA_
FN:231,_ZSt18uninitialized_copyIP8FeedbackS1_ET0_T_S3_S2_
FNDA:0,_ZSt18uninitialized_copyIP8FeedbackS1_ET0_T_S3_S2_
FN:613,_ZSt22__uninitialized_copy_aIN9__gnu_cxx17__normal_iteratorIPK8FeedbackSt6vectorIS2_SaIS2_EEEES8_PS2_S2_ET1_T_T0_SA_RSaIT2_E
FNDA:0,_ZSt22__uninitialized_copy_aIN9__gnu_cxx17__normal_iteratorIPK8FeedbackSt6vectorIS2_SaIS2_EEEES8_PS2_S2_ET1_T_T0_SA_RSaIT2_E
FN:613,_ZSt22__uninitialized_copy_aIP8FeedbackS1_S1_S0_ET1_T_T0_S2_RSaIT2_E
FNDA:0,_ZSt22__uninitialized_copy_aIP8FeedbackS1_S1_S0_ET1_T_T0_S2_RSaIT2_E
DA:113,0
DA:114,0
DA:115,0
DA:118,0
DA:120,0
BRDA:120,0,0,-
BRDA:120,0,1,-
DA:121,0
DA:122,0
DA:125,0
DA:140,0
DA:143,0
DA:144,0
BRDA:144,0,0,-
BRDA:144,0,1,-
DA:145,0
BRDA:145,0,0,-
BRDA:145,0,1,-
DA:146,0
DA:147,0
DA:148,0
DA:140,0
DA:143,0
DA:144,0
BRDA:144,0,0,-
BRDA:144,0,1,-
DA:145,0
BRDA:145,0,0,-
BRDA:145,0,1,-
DA:146,0
DA:147,0
DA:148,0
DA:231,0
DA:266,0
DA:231,0
DA:266,0
DA:613,0
DA:637,0
DA:613,0
DA:637,0
end_of_record
SF:D:\mingw64\include\c++\15.2.0\bits\stl_construct.h
FN:123,_ZSt10_ConstructI8FeedbackJRKS0_EEvPT_DpOT0_
FNDA:0,_ZSt10_ConstructI8FeedbackJRKS0_EEvPT_DpOT0_
FN:123,_ZSt10_ConstructI8FeedbackJRS0_EEvPT_DpOT0_
FNDA:0,_ZSt10_ConstructI8FeedbackJRS0_EEvPT_DpOT0_
FN:161,_ZSt8_DestroyI8FeedbackEvPT_
FNDA:0,_ZSt8_DestroyI8FeedbackEvPT_
FN:202,_ZSt8_DestroyIN9__gnu_cxx17__normal_iteratorIP8FeedbackSt6vectorIS2_SaIS2_EEEEEvT_S8_
FNDA:0,_ZSt8_DestroyIN9__gnu_cxx17__normal_iteratorIP8FeedbackSt6vectorIS2_SaIS2_EEEEEvT_S8_
FN:202,_ZSt8_DestroyIP8FeedbackEvT_S2_
FNDA:0,_ZSt8_DestroyIP8FeedbackEvT_S2_
DA:123,0
DA:133,0
BRDA:133,0,0,-
BRDA:133,0,1,-
BRDA:133,0,2,-
BRDA:133,0,3,-
BRDA:133,0,4,-
BRDA:133,0,5,-
DA:134,0
DA:123,0
DA:133,0
BRDA:133,0,0,-
BRDA:133,0,1,-
BRDA:133,0,2,-
BRDA:133,0,3,-
BRDA:133,0,4,-
BRDA:133,0,5,-
DA:134,0
DA:161,0
DA:166,0
DA:168,0
DA:202,0
DA:211,0
BRDA:211,0,0,-
BRDA:211,0,1,-
DA:212,0
DA:222,0
DA:202,0
DA:211,0
BRDA:211,0,0,-
BRDA:211,0,1,-
DA:212,0
DA:222,0
end_of_record
SF:D:\mingw64\include\c++\15.2.0\bits\cpp_type_traits.h
FN:698,_ZSt12__miter_baseIP8FeedbackET_S2_
FNDA:0,_ZSt12__miter_baseIP8FeedbackET_S2_
FN:698,_ZSt12__miter_baseIN9__gnu_cxx17__normal_iteratorIPK8FeedbackSt6vectorIS2_SaIS2_EEEEET_S9_
FNDA:0,_ZSt12__miter_baseIN9__gnu_cxx17__normal_iteratorIPK8FeedbackSt6vectorIS2_SaIS2_EEEEET_S9_
DA:698,0
DA:699,0
DA:698,0
DA:699,0
end_of_record
SF:D:\mingw64\include\c++\15.2.0\bits\char_traits.h
FN:345,_ZNSt11char_traitsIcE6assignERcRKc
FNDA:0,_ZNSt11char_traitsIcE6assignERcRKc
FN:421,_ZNSt11char_traitsIcE4copyEPcPKcy
FNDA:0,_ZNSt11char_traitsIcE4copyEPcPKcy
DA:345,0
DA:352,0
DA:353,0
DA:421,0
DA:423,0
BRDA:423,0,0,-
BRDA:423,0,1,-
DA:424,0
DA:429,0
end_of_record
SF:D:\mingw64\include\c++\15.2.0\bits\move.h
DA:53,0
DA:73,0
DA:139,0
DA:177,0
end_of_record
SF:D:\mingw64\include\c++\15.2.0\ext\alloc_traits.h
DA:100,0
DA:108,0
DA:120,0
end_of_record
SF:D:\mingw64\include\c++\15.2.0\new
FN:206,_ZnwyPv
FNDA:0,_ZnwyPv
FN:217,_ZdlPvS_
FNDA:0,_ZdlPvS_
DA:206,0
DA:208,0
DA:217,0
DA:219,0
end_of_record
SF:D:\DEV\FeedbackAnalyzer_09\tests\support\InMemoryDownloadSource.cpp
FN:5,_ZN22InMemoryDownloadSource19setSessionFeedbacksERKSt6vectorI8FeedbackSaIS1_EE
FNDA:9,_ZN22InMemoryDownloadSource19setSessionFeedbacksERKSt6vectorI8FeedbackSaIS1_EE
FN:13,_ZN22InMemoryDownloadSource19refreshAfterAnalyzeERKSt6vectorI8FeedbackSaIS1_EE
FNDA:1,_ZN22InMemoryDownloadSource19refreshAfterAnalyzeERKSt6vectorI8FeedbackSaIS1_EE
FN:20,_ZN22InMemoryDownloadSource17applyFilterResultERKSt6vectorI8FeedbackSaIS1_EEb
FNDA:7,_ZN22InMemoryDownloadSource17applyFilterResultERKSt6vectorI8FeedbackSaIS1_EEb
FN:28,_ZNK22InMemoryDownloadSource9renderCsvB5cxx11Ev
FNDA:12,_ZNK22InMemoryDownloadSource9renderCsvB5cxx11Ev
DA:5,9
DA:7,9
DA:8,9
BRDA:8,0,0,8
BRDA:8,0,1,1
DA:9,8
DA:11,9
DA:13,1
DA:15,1
DA:16,1
DA:17,1
DA:18,1
DA:20,7
DA:22,7
BRDA:22,0,0,6
BRDA:22,0,1,1
BRDA:22,0,2,5
BRDA:22,0,3,1
BRDA:22,0,4,5
BRDA:22,0,5,2
DA:23,5
DA:24,5
DA:26,7
DA:28,12
DA:29,12
BRDA:29,0,0,12
BRDA:29,0,1,0
DA:30,12
BRDA:30,0,0,12
BRDA:30,0,1,0
DA:31,12
BRDA:31,0,0,12
BRDA:31,0,1,0
DA:32,45
BRDA:32,0,0,21
BRDA:32,0,1,12
DA:33,21
BRDA:33,0,0,21
BRDA:33,0,1,0
BRDA:33,0,2,21
BRDA:33,0,3,0
DA:35,24
BRDA:35,0,0,12
BRDA:35,0,1,0
DA:36,12
end_of_record
SF:D:\mingw64\include\c++\15.2.0\bits\ptr_traits.h
FN:134,_ZNSt19__ptr_traits_ptr_toIPKcS0_Lb0EE10pointer_toERS0_
FNDA:0,_ZNSt19__ptr_traits_ptr_toIPKcS0_Lb0EE10pointer_toERS0_
FN:134,_ZNSt19__ptr_traits_ptr_toIPccLb0EE10pointer_toERc
FNDA:0,_ZNSt19__ptr_traits_ptr_toIPccLb0EE10pointer_toERc
DA:134,0
DA:135,0
DA:134,0
DA:135,0
end_of_record
SF:D:\mingw64\include\c++\15.2.0\bits\vector.tcc
FN:210,_ZNSt6vectorI8FeedbackSaIS0_EEaSERKS2_
FNDA:0,_ZNSt6vectorI8FeedbackSaIS0_EEaSERKS2_
DA:210,0
DA:213,0
BRDA:213,0,0,-
BRDA:213,0,1,-
DA:217,0
BRDA:217,0,0,-
BRDA:217,0,1,-
DA:219,0
DA:220,0
BRDA:220,0,0,-
BRDA:220,0,1,-
BRDA:220,0,2,-
BRDA:220,0,3,-
BRDA:220,0,4,-
BRDA:220,0,5,-
DA:223,0
DA:224,0
DA:225,0
DA:226,0
DA:227,0
DA:228,0
DA:229,0
DA:231,0
DA:232,0
DA:235,0
DA:236,0
BRDA:236,0,0,-
BRDA:236,0,1,-
DA:238,0
DA:240,0
DA:241,0
DA:242,0
DA:243,0
DA:244,0
DA:245,0
DA:246,0
DA:248,0
BRDA:248,0,0,-
BRDA:248,0,1,-
DA:250,0
DA:251,0
DA:255,0
DA:256,0
DA:257,0
DA:258,0
DA:259,0
DA:260,0
DA:262,0
DA:264,0
end_of_record
